#
# A fatal error has been detected by the Java Runtime Environment:
#
#  SIGSEGV (0xb) at pc=0x0000000116e39ea7, pid=45137, tid=0x000000000000a803
#
# JRE version: OpenJDK Runtime Environment (8.0_265-b01) (build 1.8.0_265-b01)
# Java VM: OpenJDK 64-Bit Server VM (25.265-b01 mixed mode bsd-amd64 compressed oops)
# Problematic frame:
# C  [libgkl_compression1228738824744650164.dylib+0x6ea7]  deflate_medium+0x867
#
# Failed to write core dump. Core dumps have been disabled. To enable core dumping, try "ulimit -c unlimited" before starting Java again
#
# If you would like to submit a bug report, please visit:
#   http://bugreport.java.com/bugreport/crash.jsp
# The crash happened outside the Java Virtual Machine in native code.
# See problematic frame for where to report the bug.
#

---------------  T H R E A D  ---------------

Current thread (0x00007fb56a5b0800):  JavaThread "Test worker" [_thread_in_native, id=43011, stack(0x000070000dd10000,0x000070000de10000)]

siginfo: si_signo: 11 (SIGSEGV), si_code: 1 (SEGV_MAPERR), si_addr: 0x00007fb56e4bdfff

Registers:
RAX=0x0000000000000007, RBX=0x0000000000000000, RCX=0x0000000000000024, RDX=0x0000000000000000
RSP=0x000070000de0cce0, RBP=0x000070000de0cd50, RSI=0x000000000000001e, RDI=0xfffffffffffffffa
R8 =0x0000000000000002, R9 =0x0000000000000000, R10=0x00007fb56e4be005, R11=0x00007fb56e4be098
R12=0x00007fb57122d000, R13=0x0000009300000093, R14=0x0000000000000099, R15=0x0000000000000007
RIP=0x0000000116e39ea7, EFLAGS=0x0000000000010206, ERR=0x0000000000000004
  TRAPNO=0x000000000000000e

Top of Stack: (sp=0x000070000de0cce0)
0x000070000de0cce0:   00000000f5a31010 00000001000000c6
0x000070000de0ccf0:   00000004e8037565 0000000000000017
0x000070000de0cd00:   000000000000009a 0000009b109707e9
0x000070000de0cd10:   000000000000009a 000000000000007f
0x000070000de0cd20:   0000000000000007 00007fb56a5b0a50
0x000070000de0cd30:   0000000000000004 00007fb5688e4920
0x000070000de0cd40:   00007fb57122d000 000070000de0ce10
0x000070000de0cd50:   000070000de0cda0 0000000116e3808b
0x000070000de0cd60:   00000000401bab28 00007fb56a5b0800
0x000070000de0cd70:   00007fb56a5b0800 00007fb56a5b0a50
0x000070000de0cd80:   00007fb5688e4920 00000007ad390530
0x000070000de0cd90:   00000007ad3a8530 000070000de0ce10
0x000070000de0cda0:   000070000de0ce00 0000000116e34bac
0x000070000de0cdb0:   0000000000000000 00000007ad3a8530
0x000070000de0cdc0:   00007fb568855730 0000ffee0000ffda
0x000070000de0cdd0:   000070000de0ce18 00000007acfaa538
0x000070000de0cde0:   0000000000000000 00000007401b7c68
0x000070000de0cdf0:   00000007ad16d210 00007fb56a5b0800
0x000070000de0ce00:   000070000de0ce50 00000001173c36fe
0x000070000de0ce10:   00000007ad166398 00000007ad390520
0x000070000de0ce20:   00000007ad166398 0000ffda0000540c
0x000070000de0ce30:   0000000744468940 000000011712802c
0x000070000de0ce40:   00000007ad16d250 00000007401bab28
0x000070000de0ce50:   0000000744468940 00000001173dc654
0x000070000de0ce60:   0000000744468940 00000001171d2b8c
0x000070000de0ce70:   0000000744468940 000000011743a47c
0x000070000de0ce80:   00000007ad166398 00000007ad3a8520
0x000070000de0ce90:   000000940000ffda 00000007ad166398
0x000070000de0cea0:   00000007ad390520 000000070000ffee
0x000070000de0ceb0:   00000007acfaa538 00007fb56a5b0800
0x000070000de0cec0:   0000000744468940 0000000117194654
0x000070000de0ced0:   0000000000000000 00000007401b7c68 

Instructions: (pc=0x0000000116e39ea7)
0x0000000116e39e87:   49 89 ff 4c 8d 5c 19 fe 4c 8d 73 ff 31 ff 44 89
0x0000000116e39e97:   c6 4c 89 45 a8 0f 1f 40 00 ff c6 41 0f b6 0c 3b
0x0000000116e39ea7:   41 0f b6 14 3a 39 ca 0f 95 c3 8d 0c 38 83 f9 01
0x0000000116e39eb7:   0f 94 c1 41 8d 14 3e 44 39 ca 0f 96 c2 45 8d 04 

Register to memory mapping:

RAX=0x0000000000000007 is an unknown value
RBX=0x0000000000000000 is an unknown value
RCX=0x0000000000000024 is an unknown value
RDX=0x0000000000000000 is an unknown value
RSP=0x000070000de0cce0 is pointing into the stack for thread: 0x00007fb56a5b0800
RBP=0x000070000de0cd50 is pointing into the stack for thread: 0x00007fb56a5b0800
RSI=0x000000000000001e is an unknown value
RDI=0xfffffffffffffffa is an unknown value
R8 =0x0000000000000002 is an unknown value
R9 =0x0000000000000000 is an unknown value
R10=0x00007fb56e4be005 is an unknown value
R11=0x00007fb56e4be098 is an unknown value
R12=0x00007fb57122d000 is an unknown value
R13=0x0000009300000093 is an unknown value
R14=0x0000000000000099 is an unknown value
R15=0x0000000000000007 is an unknown value


Stack: [0x000070000dd10000,0x000070000de10000],  sp=0x000070000de0cce0,  free space=1011k
Native frames: (J=compiled Java code, j=interpreted, Vv=VM code, C=native code)
C  [libgkl_compression1228738824744650164.dylib+0x6ea7]  deflate_medium+0x867
C  [libgkl_compression1228738824744650164.dylib+0x508b]  deflate+0xf1b
C  [libgkl_compression1228738824744650164.dylib+0x1bac]  Java_com_intel_gkl_compression_IntelDeflater_deflateNative+0x1bc
J 4358  com.intel.gkl.compression.IntelDeflater.deflateNative([BI)I (0 bytes) @ 0x00000001173c36fe [0x00000001173c3640+0xbe]
J 4357 C1 com.intel.gkl.compression.IntelDeflater.deflate([BII)I (18 bytes) @ 0x00000001173dc654 [0x00000001173dc5a0+0xb4]
J 4333 C1 htsjdk.samtools.util.BlockCompressedOutputStream.deflateBlock()I (378 bytes) @ 0x0000000117194654 [0x0000000117194240+0x414]
J 4163 C2 htsjdk.samtools.util.BinaryCodec.writeBytes([BII)V (93 bytes) @ 0x0000000117e84b04 [0x0000000117e843e0+0x724]
J 4213 C2 htsjdk.samtools.util.BinaryCodec.writeBytes([B)V (18 bytes) @ 0x0000000117e96878 [0x0000000117e96820+0x58]
J 4154 C2 htsjdk.samtools.BAMRecordCodec.encode(Lhtsjdk/samtools/SAMRecord;)V (991 bytes) @ 0x0000000117ed6dc8 [0x0000000117ed6440+0x988]
J 4193 C2 htsjdk.samtools.BAMFileWriter.writeAlignment(Lhtsjdk/samtools/SAMRecord;)V (173 bytes) @ 0x0000000117ea52a4 [0x0000000117ea5200+0xa4]
J 4339 C2 htsjdk.samtools.SAMFileWriterImpl.close()V (195 bytes) @ 0x0000000117209abc [0x0000000117209820+0x29c]
J 4376% C2 picard.sam.SortSam.doWork()I (257 bytes) @ 0x0000000117112f6c [0x0000000117112840+0x72c]
j  picard.cmdline.CommandLineProgram.instanceMain([Ljava/lang/String;)I+1260
j  picard.analysis.CollectWgsMetricsTest.setupBuilder()V+710
v  ~StubRoutines::call_stub
V  [libjvm.dylib+0x2c7e0f]
V  [libjvm.dylib+0x4d27f2]
V  [libjvm.dylib+0x4d33aa]
V  [libjvm.dylib+0x34268c]
j  sun.reflect.NativeMethodAccessorImpl.invoke0(Ljava/lang/reflect/Method;Ljava/lang/Object;[Ljava/lang/Object;)Ljava/lang/Object;+0
j  sun.reflect.NativeMethodAccessorImpl.invoke(Ljava/lang/Object;[Ljava/lang/Object;)Ljava/lang/Object;+100
J 1186 C1 sun.reflect.DelegatingMethodAccessorImpl.invoke(Ljava/lang/Object;[Ljava/lang/Object;)Ljava/lang/Object; (10 bytes) @ 0x000000011748c9cc [0x000000011748c8c0+0x10c]
J 1185 C1 java.lang.reflect.Method.invoke(Ljava/lang/Object;[Ljava/lang/Object;)Ljava/lang/Object; (62 bytes) @ 0x000000011748c3dc [0x000000011748bfe0+0x3fc]
j  org.testng.internal.MethodInvocationHelper.invokeMethod(Ljava/lang/reflect/Method;Ljava/lang/Object;[Ljava/lang/Object;)Ljava/lang/Object;+424
j  org.testng.internal.MethodInvocationHelper.invokeMethodConsideringTimeout(Lorg/testng/ITestNGMethod;Lorg/testng/internal/ConstructorOrMethod;Ljava/lang/Object;[Ljava/lang/Object;Lorg/testng/ITestResult;)V+25
j  org.testng.internal.Invoker.invokeConfigurationMethod(Ljava/lang/Object;Lorg/testng/ITestNGMethod;[Ljava/lang/Object;Lorg/testng/ITestResult;)V+270
j  org.testng.internal.Invoker.invokeConfigurations(Lorg/testng/IClass;Lorg/testng/ITestNGMethod;[Lorg/testng/ITestNGMethod;Lorg/testng/xml/XmlSuite;Ljava/util/Map;[Ljava/lang/Object;Ljava/lang/Object;Lorg/testng/ITestResult;)V+753
j  org.testng.internal.Invoker.invokeConfigurations(Lorg/testng/IClass;[Lorg/testng/ITestNGMethod;Lorg/testng/xml/XmlSuite;Ljava/util/Map;[Ljava/lang/Object;Ljava/lang/Object;)V+17
j  org.testng.TestRunner.beforeRun()V+118
j  org.testng.TestRunner.run()V+5
j  org.testng.SuiteRunner.runTest(Lorg/testng/TestRunner;)V+5
j  org.testng.SuiteRunner.runSequentially()V+47
j  org.testng.SuiteRunner.privateRun()V+428
j  org.testng.SuiteRunner.run()V+16
j  org.testng.SuiteRunnerWorker.runSuite(Lorg/testng/internal/SuiteRunnerMap;Lorg/testng/xml/XmlSuite;)V+134
j  org.testng.SuiteRunnerWorker.run()V+16
j  org.testng.TestNG.runSuitesSequentially(Lorg/testng/xml/XmlSuite;Lorg/testng/internal/SuiteRunnerMap;ILjava/lang/String;)V+99
j  org.testng.TestNG.runSuitesLocally()Ljava/util/List;+282
j  org.testng.TestNG.runSuites()Ljava/util/List;+5
j  org.testng.TestNG.run()V+59
j  org.gradle.api.internal.tasks.testing.testng.TestNGTestClassProcessor.runTests()V+590
j  org.gradle.api.internal.tasks.testing.testng.TestNGTestClassProcessor.stop()V+5
j  org.gradle.api.internal.tasks.testing.SuiteTestClassProcessor.stop()V+8
v  ~StubRoutines::call_stub
V  [libjvm.dylib+0x2c7e0f]
V  [libjvm.dylib+0x4d27f2]
V  [libjvm.dylib+0x4d33aa]
V  [libjvm.dylib+0x34268c]
j  sun.reflect.NativeMethodAccessorImpl.invoke0(Ljava/lang/reflect/Method;Ljava/lang/Object;[Ljava/lang/Object;)Ljava/lang/Object;+0
j  sun.reflect.NativeMethodAccessorImpl.invoke(Ljava/lang/Object;[Ljava/lang/Object;)Ljava/lang/Object;+100
J 1186 C1 sun.reflect.DelegatingMethodAccessorImpl.invoke(Ljava/lang/Object;[Ljava/lang/Object;)Ljava/lang/Object; (10 bytes) @ 0x000000011748c9cc [0x000000011748c8c0+0x10c]
J 1185 C1 java.lang.reflect.Method.invoke(Ljava/lang/Object;[Ljava/lang/Object;)Ljava/lang/Object; (62 bytes) @ 0x000000011748c3dc [0x000000011748bfe0+0x3fc]
J 1209 C1 org.gradle.internal.dispatch.ReflectionDispatch.dispatch(Lorg/gradle/internal/dispatch/MethodInvocation;)V (76 bytes) @ 0x000000011749a20c [0x0000000117499d40+0x4cc]
J 1208 C1 org.gradle.internal.dispatch.ReflectionDispatch.dispatch(Ljava/lang/Object;)V (18 bytes) @ 0x0000000117497604 [0x0000000117497460+0x1a4]
j  org.gradle.internal.dispatch.ContextClassLoaderDispatch.dispatch(Ljava/lang/Object;)V+34
j  org.gradle.internal.dispatch.ProxyDispatchAdapter$DispatchingInvocationHandler.invoke(Ljava/lang/Object;Ljava/lang/reflect/Method;[Ljava/lang/Object;)Ljava/lang/Object;+288
j  com.sun.proxy.$Proxy2.stop()V+9
j  org.gradle.api.internal.tasks.testing.worker.TestWorker.stop()V+21
v  ~StubRoutines::call_stub
V  [libjvm.dylib+0x2c7e0f]
V  [libjvm.dylib+0x4d27f2]
V  [libjvm.dylib+0x4d33aa]
V  [libjvm.dylib+0x34268c]
j  sun.reflect.NativeMethodAccessorImpl.invoke0(Ljava/lang/reflect/Method;Ljava/lang/Object;[Ljava/lang/Object;)Ljava/lang/Object;+0
j  sun.reflect.NativeMethodAccessorImpl.invoke(Ljava/lang/Object;[Ljava/lang/Object;)Ljava/lang/Object;+100
J 1186 C1 sun.reflect.DelegatingMethodAccessorImpl.invoke(Ljava/lang/Object;[Ljava/lang/Object;)Ljava/lang/Object; (10 bytes) @ 0x000000011748c9cc [0x000000011748c8c0+0x10c]
J 1185 C1 java.lang.reflect.Method.invoke(Ljava/lang/Object;[Ljava/lang/Object;)Ljava/lang/Object; (62 bytes) @ 0x000000011748c3dc [0x000000011748bfe0+0x3fc]
J 1209 C1 org.gradle.internal.dispatch.ReflectionDispatch.dispatch(Lorg/gradle/internal/dispatch/MethodInvocation;)V (76 bytes) @ 0x000000011749a20c [0x0000000117499d40+0x4cc]
J 1208 C1 org.gradle.internal.dispatch.ReflectionDispatch.dispatch(Ljava/lang/Object;)V (18 bytes) @ 0x0000000117497604 [0x0000000117497460+0x1a4]
j  org.gradle.internal.remote.internal.hub.MessageHubBackedObjectConnection$DispatchWrapper.dispatch(Lorg/gradle/internal/dispatch/MethodInvocation;)V+9
j  org.gradle.internal.remote.internal.hub.MessageHubBackedObjectConnection$DispatchWrapper.dispatch(Ljava/lang/Object;)V+9
j  org.gradle.internal.remote.internal.hub.MessageHub$Handler.run()V+245
j  org.gradle.internal.concurrent.ExecutorPolicy$CatchAndRecordFailures.onExecute(Ljava/lang/Runnable;)V+5
j  org.gradle.internal.concurrent.ManagedExecutorImpl$1.run()V+33
j  java.util.concurrent.ThreadPoolExecutor.runWorker(Ljava/util/concurrent/ThreadPoolExecutor$Worker;)V+95
j  java.util.concurrent.ThreadPoolExecutor$Worker.run()V+5
j  org.gradle.internal.concurrent.ThreadFactoryImpl$ManagedThreadRunnable.run()V+15
j  java.lang.Thread.run()V+11
v  ~StubRoutines::call_stub
V  [libjvm.dylib+0x2c7e0f]
V  [libjvm.dylib+0x2c6c5b]
V  [libjvm.dylib+0x2c6e37]
V  [libjvm.dylib+0x33e001]
V  [libjvm.dylib+0x559256]
V  [libjvm.dylib+0x55911b]
V  [libjvm.dylib+0x487e8f]
C  [libsystem_pthread.dylib+0x6109]  _pthread_start+0x94
C  [libsystem_pthread.dylib+0x1b8b]  thread_start+0xf
C  0x0000000000000000

Java frames: (J=compiled Java code, j=interpreted, Vv=VM code)
J 4358  com.intel.gkl.compression.IntelDeflater.deflateNative([BI)I (0 bytes) @ 0x00000001173c368c [0x00000001173c3640+0x4c]
J 4357 C1 com.intel.gkl.compression.IntelDeflater.deflate([BII)I (18 bytes) @ 0x00000001173dc654 [0x00000001173dc5a0+0xb4]
J 4333 C1 htsjdk.samtools.util.BlockCompressedOutputStream.deflateBlock()I (378 bytes) @ 0x0000000117194654 [0x0000000117194240+0x414]
J 4163 C2 htsjdk.samtools.util.BinaryCodec.writeBytes([BII)V (93 bytes) @ 0x0000000117e84b04 [0x0000000117e843e0+0x724]
J 4213 C2 htsjdk.samtools.util.BinaryCodec.writeBytes([B)V (18 bytes) @ 0x0000000117e96878 [0x0000000117e96820+0x58]
J 4154 C2 htsjdk.samtools.BAMRecordCodec.encode(Lhtsjdk/samtools/SAMRecord;)V (991 bytes) @ 0x0000000117ed6dc8 [0x0000000117ed6440+0x988]
J 4193 C2 htsjdk.samtools.BAMFileWriter.writeAlignment(Lhtsjdk/samtools/SAMRecord;)V (173 bytes) @ 0x0000000117ea52a4 [0x0000000117ea5200+0xa4]
J 4339 C2 htsjdk.samtools.SAMFileWriterImpl.close()V (195 bytes) @ 0x0000000117209abc [0x0000000117209820+0x29c]
J 4376% C2 picard.sam.SortSam.doWork()I (257 bytes) @ 0x0000000117112f6c [0x0000000117112840+0x72c]
j  picard.cmdline.CommandLineProgram.instanceMain([Ljava/lang/String;)I+1260
j  picard.analysis.CollectWgsMetricsTest.setupBuilder()V+710
v  ~StubRoutines::call_stub
j  sun.reflect.NativeMethodAccessorImpl.invoke0(Ljava/lang/reflect/Method;Ljava/lang/Object;[Ljava/lang/Object;)Ljava/lang/Object;+0
j  sun.reflect.NativeMethodAccessorImpl.invoke(Ljava/lang/Object;[Ljava/lang/Object;)Ljava/lang/Object;+100
J 1186 C1 sun.reflect.DelegatingMethodAccessorImpl.invoke(Ljava/lang/Object;[Ljava/lang/Object;)Ljava/lang/Object; (10 bytes) @ 0x000000011748c9cc [0x000000011748c8c0+0x10c]
J 1185 C1 java.lang.reflect.Method.invoke(Ljava/lang/Object;[Ljava/lang/Object;)Ljava/lang/Object; (62 bytes) @ 0x000000011748c3dc [0x000000011748bfe0+0x3fc]
j  org.testng.internal.MethodInvocationHelper.invokeMethod(Ljava/lang/reflect/Method;Ljava/lang/Object;[Ljava/lang/Object;)Ljava/lang/Object;+424
j  org.testng.internal.MethodInvocationHelper.invokeMethodConsideringTimeout(Lorg/testng/ITestNGMethod;Lorg/testng/internal/ConstructorOrMethod;Ljava/lang/Object;[Ljava/lang/Object;Lorg/testng/ITestResult;)V+25
j  org.testng.internal.Invoker.invokeConfigurationMethod(Ljava/lang/Object;Lorg/testng/ITestNGMethod;[Ljava/lang/Object;Lorg/testng/ITestResult;)V+270
j  org.testng.internal.Invoker.invokeConfigurations(Lorg/testng/IClass;Lorg/testng/ITestNGMethod;[Lorg/testng/ITestNGMethod;Lorg/testng/xml/XmlSuite;Ljava/util/Map;[Ljava/lang/Object;Ljava/lang/Object;Lorg/testng/ITestResult;)V+753
j  org.testng.internal.Invoker.invokeConfigurations(Lorg/testng/IClass;[Lorg/testng/ITestNGMethod;Lorg/testng/xml/XmlSuite;Ljava/util/Map;[Ljava/lang/Object;Ljava/lang/Object;)V+17
j  org.testng.TestRunner.beforeRun()V+118
j  org.testng.TestRunner.run()V+5
j  org.testng.SuiteRunner.runTest(Lorg/testng/TestRunner;)V+5
j  org.testng.SuiteRunner.runSequentially()V+47
j  org.testng.SuiteRunner.privateRun()V+428
j  org.testng.SuiteRunner.run()V+16
j  org.testng.SuiteRunnerWorker.runSuite(Lorg/testng/internal/SuiteRunnerMap;Lorg/testng/xml/XmlSuite;)V+134
j  org.testng.SuiteRunnerWorker.run()V+16
j  org.testng.TestNG.runSuitesSequentially(Lorg/testng/xml/XmlSuite;Lorg/testng/internal/SuiteRunnerMap;ILjava/lang/String;)V+99
j  org.testng.TestNG.runSuitesLocally()Ljava/util/List;+282
j  org.testng.TestNG.runSuites()Ljava/util/List;+5
j  org.testng.TestNG.run()V+59
j  org.gradle.api.internal.tasks.testing.testng.TestNGTestClassProcessor.runTests()V+590
j  org.gradle.api.internal.tasks.testing.testng.TestNGTestClassProcessor.stop()V+5
j  org.gradle.api.internal.tasks.testing.SuiteTestClassProcessor.stop()V+8
v  ~StubRoutines::call_stub
j  sun.reflect.NativeMethodAccessorImpl.invoke0(Ljava/lang/reflect/Method;Ljava/lang/Object;[Ljava/lang/Object;)Ljava/lang/Object;+0
j  sun.reflect.NativeMethodAccessorImpl.invoke(Ljava/lang/Object;[Ljava/lang/Object;)Ljava/lang/Object;+100
J 1186 C1 sun.reflect.DelegatingMethodAccessorImpl.invoke(Ljava/lang/Object;[Ljava/lang/Object;)Ljava/lang/Object; (10 bytes) @ 0x000000011748c9cc [0x000000011748c8c0+0x10c]
J 1185 C1 java.lang.reflect.Method.invoke(Ljava/lang/Object;[Ljava/lang/Object;)Ljava/lang/Object; (62 bytes) @ 0x000000011748c3dc [0x000000011748bfe0+0x3fc]
J 1209 C1 org.gradle.internal.dispatch.ReflectionDispatch.dispatch(Lorg/gradle/internal/dispatch/MethodInvocation;)V (76 bytes) @ 0x000000011749a20c [0x0000000117499d40+0x4cc]
J 1208 C1 org.gradle.internal.dispatch.ReflectionDispatch.dispatch(Ljava/lang/Object;)V (18 bytes) @ 0x0000000117497604 [0x0000000117497460+0x1a4]
j  org.gradle.internal.dispatch.ContextClassLoaderDispatch.dispatch(Ljava/lang/Object;)V+34
j  org.gradle.internal.dispatch.ProxyDispatchAdapter$DispatchingInvocationHandler.invoke(Ljava/lang/Object;Ljava/lang/reflect/Method;[Ljava/lang/Object;)Ljava/lang/Object;+288
j  com.sun.proxy.$Proxy2.stop()V+9
j  org.gradle.api.internal.tasks.testing.worker.TestWorker.stop()V+21
v  ~StubRoutines::call_stub
j  sun.reflect.NativeMethodAccessorImpl.invoke0(Ljava/lang/reflect/Method;Ljava/lang/Object;[Ljava/lang/Object;)Ljava/lang/Object;+0
j  sun.reflect.NativeMethodAccessorImpl.invoke(Ljava/lang/Object;[Ljava/lang/Object;)Ljava/lang/Object;+100
J 1186 C1 sun.reflect.DelegatingMethodAccessorImpl.invoke(Ljava/lang/Object;[Ljava/lang/Object;)Ljava/lang/Object; (10 bytes) @ 0x000000011748c9cc [0x000000011748c8c0+0x10c]
J 1185 C1 java.lang.reflect.Method.invoke(Ljava/lang/Object;[Ljava/lang/Object;)Ljava/lang/Object; (62 bytes) @ 0x000000011748c3dc [0x000000011748bfe0+0x3fc]
J 1209 C1 org.gradle.internal.dispatch.ReflectionDispatch.dispatch(Lorg/gradle/internal/dispatch/MethodInvocation;)V (76 bytes) @ 0x000000011749a20c [0x0000000117499d40+0x4cc]
J 1208 C1 org.gradle.internal.dispatch.ReflectionDispatch.dispatch(Ljava/lang/Object;)V (18 bytes) @ 0x0000000117497604 [0x0000000117497460+0x1a4]
j  org.gradle.internal.remote.internal.hub.MessageHubBackedObjectConnection$DispatchWrapper.dispatch(Lorg/gradle/internal/dispatch/MethodInvocation;)V+9
j  org.gradle.internal.remote.internal.hub.MessageHubBackedObjectConnection$DispatchWrapper.dispatch(Ljava/lang/Object;)V+9
j  org.gradle.internal.remote.internal.hub.MessageHub$Handler.run()V+245
j  org.gradle.internal.concurrent.ExecutorPolicy$CatchAndRecordFailures.onExecute(Ljava/lang/Runnable;)V+5
j  org.gradle.internal.concurrent.ManagedExecutorImpl$1.run()V+33
j  java.util.concurrent.ThreadPoolExecutor.runWorker(Ljava/util/concurrent/ThreadPoolExecutor$Worker;)V+95
j  java.util.concurrent.ThreadPoolExecutor$Worker.run()V+5
j  org.gradle.internal.concurrent.ThreadFactoryImpl$ManagedThreadRunnable.run()V+15
j  java.lang.Thread.run()V+11
v  ~StubRoutines::call_stub

---------------  P R O C E S S  ---------------

Java Threads: ( => current thread )
  0x00007fb56a728000 JavaThread "ForkJoinPool.commonPool-worker-7" daemon [_thread_blocked, id=24579, stack(0x000070000e62b000,0x000070000e72b000)]
  0x00007fb5691b3800 JavaThread "ForkJoinPool.commonPool-worker-5" daemon [_thread_blocked, id=41219, stack(0x000070000e528000,0x000070000e628000)]
  0x00007fb56918b000 JavaThread "ForkJoinPool.commonPool-worker-6" daemon [_thread_blocked, id=41475, stack(0x000070000e425000,0x000070000e525000)]
  0x00007fb56a68c800 JavaThread "ForkJoinPool.commonPool-worker-4" daemon [_thread_blocked, id=23811, stack(0x000070000e322000,0x000070000e422000)]
  0x00007fb569fe7000 JavaThread "ForkJoinPool.commonPool-worker-3" daemon [_thread_blocked, id=41987, stack(0x000070000e21f000,0x000070000e31f000)]
  0x00007fb56a8ec000 JavaThread "ForkJoinPool.commonPool-worker-2" daemon [_thread_blocked, id=23555, stack(0x000070000e11c000,0x000070000e21c000)]
  0x00007fb571073800 JavaThread "ForkJoinPool.commonPool-worker-1" daemon [_thread_blocked, id=23043, stack(0x000070000e019000,0x000070000e119000)]
  0x00007fb56a843000 JavaThread "/0:0:0:0:0:0:0:1:52345 to /0:0:0:0:0:0:0:1:52344 workers Thread 3" [_thread_in_native, id=42499, stack(0x000070000df16000,0x000070000e016000)]
  0x00007fb569fe9000 JavaThread "/0:0:0:0:0:0:0:1:52345 to /0:0:0:0:0:0:0:1:52344 workers Thread 2" [_thread_blocked, id=22531, stack(0x000070000de13000,0x000070000df13000)]
=>0x00007fb56a5b0800 JavaThread "Test worker" [_thread_in_native, id=43011, stack(0x000070000dd10000,0x000070000de10000)]
  0x00007fb56c08e000 JavaThread "Service Thread" daemon [_thread_blocked, id=14851, stack(0x000070000db0a000,0x000070000dc0a000)]
  0x00007fb569810800 JavaThread "C1 CompilerThread3" daemon [_thread_blocked, id=14595, stack(0x000070000da07000,0x000070000db07000)]
  0x00007fb56a00c000 JavaThread "C2 CompilerThread2" daemon [_thread_blocked, id=14083, stack(0x000070000d904000,0x000070000da04000)]
  0x00007fb56b095800 JavaThread "C2 CompilerThread1" daemon [_thread_blocked, id=15619, stack(0x000070000d801000,0x000070000d901000)]
  0x00007fb56c066800 JavaThread "C2 CompilerThread0" daemon [_thread_blocked, id=13571, stack(0x000070000d6fe000,0x000070000d7fe000)]
  0x00007fb56b010800 JavaThread "Signal Dispatcher" daemon [_thread_blocked, id=16131, stack(0x000070000d5fb000,0x000070000d6fb000)]
  0x00007fb56c01e000 JavaThread "Finalizer" daemon [_thread_blocked, id=18691, stack(0x000070000d3f2000,0x000070000d4f2000)]
  0x00007fb56c01b000 JavaThread "Reference Handler" daemon [_thread_blocked, id=19203, stack(0x000070000d2ef000,0x000070000d3ef000)]
  0x00007fb56a809000 JavaThread "main" [_thread_blocked, id=10499, stack(0x000070000c8d1000,0x000070000c9d1000)]

Other Threads:
  0x00007fb56c014800 VMThread [stack: 0x000070000d1ec000,0x000070000d2ec000] [id=12035]
  0x00007fb56a0b2800 WatcherThread [stack: 0x000070000dc0d000,0x000070000dd0d000] [id=43267]

VM state:not at safepoint (normal execution)

VM Mutex/Monitor currently owned by a thread: None

heap address: 0x0000000740000000, size: 2048 MB, Compressed Oops mode: Zero based, Oop shift amount: 3
Narrow klass base: 0x0000000000000000, Narrow klass shift: 3
Compressed class space size: 1073741824 Address: 0x00000007c0000000

Heap:
 PSYoungGen      total 387072K, used 59341K [0x0000000795580000, 0x00000007b3100000, 0x00000007c0000000)
  eden space 343552K, 4% used [0x0000000795580000,0x00000007964fafe8,0x00000007aa500000)
  from space 43520K, 99% used [0x00000007acf80000,0x00000007af9f8510,0x00000007afa00000)
  to   space 43520K, 0% used [0x00000007aa500000,0x00000007aa500000,0x00000007acf80000)
 ParOldGen       total 699392K, used 84277K [0x0000000740000000, 0x000000076ab00000, 0x0000000795580000)
  object space 699392K, 12% used [0x0000000740000000,0x000000074524d4f0,0x000000076ab00000)
 Metaspace       used 25522K, capacity 25992K, committed 26240K, reserved 1073152K
  class space    used 2762K, capacity 2919K, committed 2944K, reserved 1048576K

Card table byte_map: [0x000000011119b000,0x000000011159c000] byte_map_base: 0x000000010d79b000

Marking Bits: (ParMarkBitMap*) 0x0000000110b0edc8
 Begin Bits: [0x0000000111847000, 0x0000000113847000)
 End Bits:   [0x0000000113847000, 0x0000000115847000)

Polling page: 0x000000010f2cc000

CodeCache: size=245760Kb used=13980Kb max_used=15405Kb free=231779Kb
 bounds [0x0000000116fd2000, 0x0000000117ef2000, 0x0000000125fd2000]
 total_blobs=4259 nmethods=3763 adapters=409
 compilation: enabled

Compilation events (10 events):
Event: 5.129 Thread 0x00007fb569810800 4383       3       com.intel.gkl.compression.IntelInflater::setInput (107 bytes)
Event: 5.129 Thread 0x00007fb569810800 nmethod 4383 0x000000011720fc10 code [0x000000011720fe00, 0x00000001172104e8]
Event: 5.139 Thread 0x00007fb56b095800 4384       4       picard.sam.SortSam::doWork (257 bytes)
Event: 5.191 Thread 0x00007fb56b095800 nmethod 4384 0x00000001174d5710 code [0x00000001174d5d40, 0x00000001174d9580]
Event: 5.254 Thread 0x00007fb569810800 4385 %     3       java.util.ArraysParallelSortHelpers$FJObject$Merger::compute @ 337 (453 bytes)
Event: 5.255 Thread 0x00007fb569810800 nmethod 4385% 0x0000000117418350 code [0x0000000117418620, 0x000000011741a038]
Event: 5.255 Thread 0x00007fb569810800 4386       3       java.util.concurrent.ForkJoinPool::scan (416 bytes)
Event: 5.256 Thread 0x00007fb569810800 nmethod 4386 0x0000000117123f10 code [0x00000001171240e0, 0x0000000117124cb8]
Event: 5.256 Thread 0x00007fb569810800 4387       3       java.util.ArraysParallelSortHelpers$FJObject$Merger::compute (453 bytes)
Event: 5.257 Thread 0x00007fb569810800 nmethod 4387 0x00000001172f3cd0 code [0x00000001172f3fa0, 0x00000001172f59f8]

GC Heap History (10 events):
Event: 1.629 GC heap before
{Heap before GC invocations=1 (full 0):
 PSYoungGen      total 305664K, used 262144K [0x0000000795580000, 0x00000007aaa80000, 0x00000007c0000000)
  eden space 262144K, 100% used [0x0000000795580000,0x00000007a5580000,0x00000007a5580000)
  from space 43520K, 0% used [0x00000007a8000000,0x00000007a8000000,0x00000007aaa80000)
  to   space 43520K, 0% used [0x00000007a5580000,0x00000007a5580000,0x00000007a8000000)
 ParOldGen       total 699392K, used 0K [0x0000000740000000, 0x000000076ab00000, 0x0000000795580000)
  object space 699392K, 0% used [0x0000000740000000,0x0000000740000000,0x000000076ab00000)
 Metaspace       used 16139K, capacity 16440K, committed 16768K, reserved 1064960K
  class space    used 1704K, capacity 1806K, committed 1920K, reserved 1048576K
Event: 1.637 GC heap after
Heap after GC invocations=1 (full 0):
 PSYoungGen      total 305664K, used 12535K [0x0000000795580000, 0x00000007aaa80000, 0x00000007c0000000)
  eden space 262144K, 0% used [0x0000000795580000,0x0000000795580000,0x00000007a5580000)
  from space 43520K, 28% used [0x00000007a5580000,0x00000007a61bdd50,0x00000007a8000000)
  to   space 43520K, 0% used [0x00000007a8000000,0x00000007a8000000,0x00000007aaa80000)
 ParOldGen       total 699392K, used 32K [0x0000000740000000, 0x000000076ab00000, 0x0000000795580000)
  object space 699392K, 0% used [0x0000000740000000,0x0000000740008000,0x000000076ab00000)
 Metaspace       used 16139K, capacity 16440K, committed 16768K, reserved 1064960K
  class space    used 1704K, capacity 1806K, committed 1920K, reserved 1048576K
}
Event: 2.151 GC heap before
{Heap before GC invocations=2 (full 0):
 PSYoungGen      total 305664K, used 140980K [0x0000000795580000, 0x00000007aaa80000, 0x00000007c0000000)
  eden space 262144K, 48% used [0x0000000795580000,0x000000079d2ef300,0x00000007a5580000)
  from space 43520K, 28% used [0x00000007a5580000,0x00000007a61bdd50,0x00000007a8000000)
  to   space 43520K, 0% used [0x00000007a8000000,0x00000007a8000000,0x00000007aaa80000)
 ParOldGen       total 699392K, used 32K [0x0000000740000000, 0x000000076ab00000, 0x0000000795580000)
  object space 699392K, 0% used [0x0000000740000000,0x0000000740008000,0x000000076ab00000)
 Metaspace       used 20693K, capacity 20982K, committed 21296K, reserved 1069056K
  class space    used 2224K, capacity 2339K, committed 2432K, reserved 1048576K
Event: 2.158 GC heap after
Heap after GC invocations=2 (full 0):
 PSYoungGen      total 305664K, used 14397K [0x0000000795580000, 0x00000007aaa80000, 0x00000007c0000000)
  eden space 262144K, 0% used [0x0000000795580000,0x0000000795580000,0x00000007a5580000)
  from space 43520K, 33% used [0x00000007a8000000,0x00000007a8e0f768,0x00000007aaa80000)
  to   space 43520K, 0% used [0x00000007a5580000,0x00000007a5580000,0x00000007a8000000)
 ParOldGen       total 699392K, used 48K [0x0000000740000000, 0x000000076ab00000, 0x0000000795580000)
  object space 699392K, 0% used [0x0000000740000000,0x000000074000c000,0x000000076ab00000)
 Metaspace       used 20693K, capacity 20982K, committed 21296K, reserved 1069056K
  class space    used 2224K, capacity 2339K, committed 2432K, reserved 1048576K
}
Event: 2.158 GC heap before
{Heap before GC invocations=3 (full 1):
 PSYoungGen      total 305664K, used 14397K [0x0000000795580000, 0x00000007aaa80000, 0x00000007c0000000)
  eden space 262144K, 0% used [0x0000000795580000,0x0000000795580000,0x00000007a5580000)
  from space 43520K, 33% used [0x00000007a8000000,0x00000007a8e0f768,0x00000007aaa80000)
  to   space 43520K, 0% used [0x00000007a5580000,0x00000007a5580000,0x00000007a8000000)
 ParOldGen       total 699392K, used 48K [0x0000000740000000, 0x000000076ab00000, 0x0000000795580000)
  object space 699392K, 0% used [0x0000000740000000,0x000000074000c000,0x000000076ab00000)
 Metaspace       used 20693K, capacity 20982K, committed 21296K, reserved 1069056K
  class space    used 2224K, capacity 2339K, committed 2432K, reserved 1048576K
Event: 2.191 GC heap after
Heap after GC invocations=3 (full 1):
 PSYoungGen      total 305664K, used 0K [0x0000000795580000, 0x00000007aaa80000, 0x00000007c0000000)
  eden space 262144K, 0% used [0x0000000795580000,0x0000000795580000,0x00000007a5580000)
  from space 43520K, 0% used [0x00000007a8000000,0x00000007a8000000,0x00000007aaa80000)
  to   space 43520K, 0% used [0x00000007a5580000,0x00000007a5580000,0x00000007a8000000)
 ParOldGen       total 699392K, used 14085K [0x0000000740000000, 0x000000076ab00000, 0x0000000795580000)
  object space 699392K, 2% used [0x0000000740000000,0x0000000740dc1500,0x000000076ab00000)
 Metaspace       used 20693K, capacity 20982K, committed 21296K, reserved 1069056K
  class space    used 2224K, capacity 2339K, committed 2432K, reserved 1048576K
}
Event: 4.198 GC heap before
{Heap before GC invocations=4 (full 1):
 PSYoungGen      total 305664K, used 262144K [0x0000000795580000, 0x00000007aaa80000, 0x00000007c0000000)
  eden space 262144K, 100% used [0x0000000795580000,0x00000007a5580000,0x00000007a5580000)
  from space 43520K, 0% used [0x00000007a8000000,0x00000007a8000000,0x00000007aaa80000)
  to   space 43520K, 0% used [0x00000007a5580000,0x00000007a5580000,0x00000007a8000000)
 ParOldGen       total 699392K, used 14085K [0x0000000740000000, 0x000000076ab00000, 0x0000000795580000)
  object space 699392K, 2% used [0x0000000740000000,0x0000000740dc1500,0x000000076ab00000)
 Metaspace       used 25335K, capacity 25832K, committed 26240K, reserved 1073152K
  class space    used 2747K, capacity 2887K, committed 2944K, reserved 1048576K
Event: 4.202 GC heap after
Heap after GC invocations=4 (full 1):
 PSYoungGen      total 305664K, used 8477K [0x0000000795580000, 0x00000007afa00000, 0x00000007c0000000)
  eden space 262144K, 0% used [0x0000000795580000,0x0000000795580000,0x00000007a5580000)
  from space 43520K, 19% used [0x00000007a5580000,0x00000007a5dc75b8,0x00000007a8000000)
  to   space 43520K, 0% used [0x00000007acf80000,0x00000007acf80000,0x00000007afa00000)
 ParOldGen       total 699392K, used 14093K [0x0000000740000000, 0x000000076ab00000, 0x0000000795580000)
  object space 699392K, 2% used [0x0000000740000000,0x0000000740dc3500,0x000000076ab00000)
 Metaspace       used 25335K, capacity 25832K, committed 26240K, reserved 1073152K
  class space    used 2747K, capacity 2887K, committed 2944K, reserved 1048576K
}
Event: 5.191 GC heap before
{Heap before GC invocations=5 (full 1):
 PSYoungGen      total 305664K, used 270621K [0x0000000795580000, 0x00000007afa00000, 0x00000007c0000000)
  eden space 262144K, 100% used [0x0000000795580000,0x00000007a5580000,0x00000007a5580000)
  from space 43520K, 19% used [0x00000007a5580000,0x00000007a5dc75b8,0x00000007a8000000)
  to   space 43520K, 0% used [0x00000007acf80000,0x00000007acf80000,0x00000007afa00000)
 ParOldGen       total 699392K, used 14093K [0x0000000740000000, 0x000000076ab00000, 0x0000000795580000)
  object space 699392K, 2% used [0x0000000740000000,0x0000000740dc3500,0x000000076ab00000)
 Metaspace       used 25514K, capacity 25992K, committed 26240K, reserved 1073152K
  class space    used 2762K, capacity 2919K, committed 2944K, reserved 1048576K
Event: 5.239 GC heap after
Heap after GC invocations=5 (full 1):
 PSYoungGen      total 387072K, used 43489K [0x0000000795580000, 0x00000007b3100000, 0x00000007c0000000)
  eden space 343552K, 0% used [0x0000000795580000,0x0000000795580000,0x00000007aa500000)
  from space 43520K, 99% used [0x00000007acf80000,0x00000007af9f8510,0x00000007afa00000)
  to   space 43520K, 0% used [0x00000007aa500000,0x00000007aa500000,0x00000007acf80000)
 ParOldGen       total 699392K, used 84277K [0x0000000740000000, 0x000000076ab00000, 0x0000000795580000)
  object space 699392K, 12% used [0x0000000740000000,0x000000074524d4f0,0x000000076ab00000)
 Metaspace       used 25514K, capacity 25992K, committed 26240K, reserved 1073152K
  class space    used 2762K, capacity 2919K, committed 2944K, reserved 1048576K
}

Deoptimization events (10 events):
Event: 4.190 Thread 0x00007fb56a5b0800 Uncommon trap: reason=array_check action=maybe_recompile pc=0x0000000117ea1c28 method=htsjdk.samtools.util.SortingCollection.add(Ljava/lang/Object;)V @ 266
Event: 4.418 Thread 0x00007fb56a5b0800 Uncommon trap: reason=speculate_class_check action=maybe_recompile pc=0x0000000117e95908 method=htsjdk.samtools.SAMRecord.getAlignmentEnd()I @ 44
Event: 4.418 Thread 0x00007fb56a5b0800 Uncommon trap: reason=null_check action=make_not_entrant pc=0x00000001178b5f98 method=htsjdk.samtools.util.AbstractProgressLogger.record(Ljava/lang/String;ILjava/lang/String;)Z @ 23
Event: 4.418 Thread 0x00007fb56a5b0800 Uncommon trap: reason=speculate_class_check action=maybe_recompile pc=0x0000000117e95908 method=htsjdk.samtools.SAMRecord.getAlignmentEnd()I @ 44
Event: 4.418 Thread 0x00007fb56a5b0800 Uncommon trap: reason=speculate_class_check action=maybe_recompile pc=0x0000000117e95908 method=htsjdk.samtools.SAMRecord.getAlignmentEnd()I @ 44
Event: 4.418 Thread 0x00007fb56a5b0800 Uncommon trap: reason=speculate_class_check action=maybe_recompile pc=0x0000000117e95908 method=htsjdk.samtools.SAMRecord.getAlignmentEnd()I @ 44
Event: 4.418 Thread 0x00007fb56a5b0800 Uncommon trap: reason=speculate_class_check action=maybe_recompile pc=0x0000000117e938e0 method=htsjdk.samtools.SAMRecord.getAlignmentEnd()I @ 44
Event: 4.418 Thread 0x00007fb56a5b0800 Uncommon trap: reason=speculate_class_check action=maybe_recompile pc=0x0000000117e938e0 method=htsjdk.samtools.SAMRecord.getAlignmentEnd()I @ 44
Event: 4.628 Thread 0x00007fb56a5b0800 Uncommon trap: reason=unstable_if action=reinterpret pc=0x00000001171d8628 method=htsjdk.samtools.SAMFileWriterImpl.close()V @ 58
Event: 5.086 Thread 0x00007fb56a5b0800 Uncommon trap: reason=unstable_if action=reinterpret pc=0x000000011726d25c method=picard.analysis.CollectWgsMetricsTest.setupBuilder()V @ 415

Classes redefined (0 events):
No events

Internal exceptions (10 events):
Event: 5.089 Thread 0x00007fb56a5b0800 Exception <a 'sun/nio/fs/UnixException'> (0x00000007a0225a10) thrown at [/Users/jenkins/workspace/build-scripts/jobs/jdk8u/jdk8u-mac-x64-hotspot/workspace/build/src/hotspot/src/share/vm/prims/jni.cpp, line 711]
Event: 5.089 Thread 0x00007fb56a5b0800 Exception <a 'sun/nio/fs/UnixException'> (0x00000007a0226918) thrown at [/Users/jenkins/workspace/build-scripts/jobs/jdk8u/jdk8u-mac-x64-hotspot/workspace/build/src/hotspot/src/share/vm/prims/jni.cpp, line 711]
Event: 5.090 Thread 0x00007fb56a5b0800 Exception <a 'sun/nio/fs/UnixException'> (0x00000007a0298c28) thrown at [/Users/jenkins/workspace/build-scripts/jobs/jdk8u/jdk8u-mac-x64-hotspot/workspace/build/src/hotspot/src/share/vm/prims/jni.cpp, line 711]
Event: 5.090 Thread 0x00007fb56a5b0800 Exception <a 'sun/nio/fs/UnixException'> (0x00000007a0299d08) thrown at [/Users/jenkins/workspace/build-scripts/jobs/jdk8u/jdk8u-mac-x64-hotspot/workspace/build/src/hotspot/src/share/vm/prims/jni.cpp, line 711]
Event: 5.090 Thread 0x00007fb56a5b0800 Exception <a 'sun/nio/fs/UnixException'> (0x00000007a029afb8) thrown at [/Users/jenkins/workspace/build-scripts/jobs/jdk8u/jdk8u-mac-x64-hotspot/workspace/build/src/hotspot/src/share/vm/prims/jni.cpp, line 711]
Event: 5.090 Thread 0x00007fb56a5b0800 Exception <a 'sun/nio/fs/UnixException'> (0x00000007a029c270) thrown at [/Users/jenkins/workspace/build-scripts/jobs/jdk8u/jdk8u-mac-x64-hotspot/workspace/build/src/hotspot/src/share/vm/prims/jni.cpp, line 711]
Event: 5.090 Thread 0x00007fb56a5b0800 Exception <a 'sun/nio/fs/UnixException'> (0x00000007a029d860) thrown at [/Users/jenkins/workspace/build-scripts/jobs/jdk8u/jdk8u-mac-x64-hotspot/workspace/build/src/hotspot/src/share/vm/prims/jni.cpp, line 711]
Event: 5.090 Thread 0x00007fb56a5b0800 Exception <a 'sun/nio/fs/UnixException'> (0x00000007a029e960) thrown at [/Users/jenkins/workspace/build-scripts/jobs/jdk8u/jdk8u-mac-x64-hotspot/workspace/build/src/hotspot/src/share/vm/prims/jni.cpp, line 711]
Event: 5.090 Thread 0x00007fb56a5b0800 Exception <a 'sun/nio/fs/UnixException'> (0x00000007a029fc30) thrown at [/Users/jenkins/workspace/build-scripts/jobs/jdk8u/jdk8u-mac-x64-hotspot/workspace/build/src/hotspot/src/share/vm/prims/jni.cpp, line 711]
Event: 5.090 Thread 0x00007fb56a5b0800 Exception <a 'sun/nio/fs/UnixException'> (0x00000007a02a0f08) thrown at [/Users/jenkins/workspace/build-scripts/jobs/jdk8u/jdk8u-mac-x64-hotspot/workspace/build/src/hotspot/src/share/vm/prims/jni.cpp, line 711]

Events (10 events):
Event: 4.631 loading class sun/nio/fs/UnixFileModeAttribute$1 done
Event: 5.049 Thread 0x00007fb56a5b0800 DEOPT PACKING pc=0x00000001171c93dd sp=0x000070000de0d150
Event: 5.049 Thread 0x00007fb56a5b0800 DEOPT UNPACKING pc=0x00000001170194c4 sp=0x000070000de0d138 mode 0
Event: 5.086 Thread 0x00007fb56a5b0800 Uncommon trap: trap_request=0xffffff65 fr.pc=0x000000011726d25c
Event: 5.086 Thread 0x00007fb56a5b0800 DEOPT PACKING pc=0x000000011726d25c sp=0x000070000de0d420
Event: 5.086 Thread 0x00007fb56a5b0800 DEOPT UNPACKING pc=0x000000011701747a sp=0x000070000de0d3c0 mode 2
Event: 5.139 Thread 0x00007fb56a5b0800 DEOPT PACKING pc=0x00000001172c56ef sp=0x000070000de0d100
Event: 5.139 Thread 0x00007fb56a5b0800 DEOPT UNPACKING pc=0x00000001170194c4 sp=0x000070000de0cfd0 mode 0
Event: 5.191 Executing VM operation: ParallelGCFailedAllocation
Event: 5.239 Executing VM operation: ParallelGCFailedAllocation done


Dynamic libraries:
0x00007fff31a12000 	/System/Library/Frameworks/Cocoa.framework/Versions/A/Cocoa
0x00007fff3f207000 	/System/Library/Frameworks/Security.framework/Versions/A/Security
0x00007fff30977000 	/System/Library/Frameworks/ApplicationServices.framework/Versions/A/ApplicationServices
0x00007fff6bd2a000 	/usr/lib/libz.1.dylib
0x00007fff697ee000 	/usr/lib/libSystem.B.dylib
0x00007fff328b4000 	/System/Library/Frameworks/CoreFoundation.framework/Versions/A/CoreFoundation
0x00007fff34f71000 	/System/Library/Frameworks/Foundation.framework/Versions/C/Foundation
0x00007fff6b64e000 	/usr/lib/libobjc.A.dylib
0x00007fff2fb67000 	/System/Library/Frameworks/AppKit.framework/Versions/C/AppKit
0x00007fff32396000 	/System/Library/Frameworks/CoreData.framework/Versions/A/CoreData
0x00007fff63804000 	/System/Library/PrivateFrameworks/UIFoundation.framework/Versions/A/UIFoundation
0x00007fff5e898000 	/System/Library/PrivateFrameworks/RemoteViewServices.framework/Versions/A/RemoteViewServices
0x00007fff6635e000 	/System/Library/PrivateFrameworks/XCTTargetBootstrap.framework/Versions/A/XCTTargetBootstrap
0x00007fff32781000 	/System/Library/Frameworks/CoreDisplay.framework/Versions/A/CoreDisplay
0x00007fff37e2b000 	/System/Library/Frameworks/Metal.framework/Versions/A/Metal
0x00007fff4c89b000 	/System/Library/PrivateFrameworks/DesktopServicesPriv.framework/Versions/A/DesktopServicesPriv
0x00007fff6a929000 	/usr/lib/liblangid.dylib
0x00007fff4bb30000 	/System/Library/PrivateFrameworks/CoreSVG.framework/Versions/A/CoreSVG
0x00007fff619f4000 	/System/Library/PrivateFrameworks/SkyLight.framework/Versions/A/SkyLight
0x00007fff32d35000 	/System/Library/Frameworks/CoreGraphics.framework/Versions/A/CoreGraphics
0x00007fff2e53b000 	/System/Library/Frameworks/Accelerate.framework/Versions/A/Accelerate
0x00007fff6bc1b000 	/usr/lib/libxml2.2.dylib
0x00007fff57823000 	/System/Library/PrivateFrameworks/IconServices.framework/Versions/A/IconServices
0x00007fff35750000 	/System/Library/Frameworks/IOSurface.framework/Versions/A/IOSurface
0x00007fff69318000 	/usr/lib/libDiagnosticMessagesClient.dylib
0x00007fff4c6f5000 	/System/Library/PrivateFrameworks/DFRFoundation.framework/Versions/A/DFRFoundation
0x00007fff6a6b8000 	/usr/lib/libicucore.A.dylib
0x00007fff30ca9000 	/System/Library/Frameworks/AudioToolbox.framework/Versions/A/AudioToolbox
0x00007fff30d8c000 	/System/Library/Frameworks/AudioUnit.framework/Versions/A/AudioUnit
0x00007fff699f0000 	/usr/lib/libauto.dylib
0x00007fff4c797000 	/System/Library/PrivateFrameworks/DataDetectorsCore.framework/Versions/A/DataDetectorsCore
0x00007fff31533000 	/System/Library/Frameworks/Carbon.framework/Versions/A/Frameworks/HIToolbox.framework/Versions/A/HIToolbox
0x00007fff3e403000 	/System/Library/Frameworks/QuartzCore.framework/Versions/A/QuartzCore
0x00007fff31872000 	/System/Library/Frameworks/Carbon.framework/Versions/A/Frameworks/SpeechRecognition.framework/Versions/A/SpeechRecognition
0x00007fff4c209000 	/System/Library/PrivateFrameworks/CoreUI.framework/Versions/A/CoreUI
0x00007fff31e01000 	/System/Library/Frameworks/CoreAudio.framework/Versions/A/CoreAudio
0x00007fff34c30000 	/System/Library/Frameworks/DiskArbitration.framework/Versions/A/DiskArbitration
0x00007fff59873000 	/System/Library/PrivateFrameworks/MultitouchSupport.framework/Versions/A/MultitouchSupport
0x00007fff6a57f000 	/usr/lib/libenergytrace.dylib
0x00007fff356aa000 	/System/Library/Frameworks/IOKit.framework/Versions/A/IOKit
0x00007fff33c9c000 	/System/Library/Frameworks/CoreServices.framework/Versions/A/CoreServices
0x00007fff5ba2b000 	/System/Library/PrivateFrameworks/PerformanceAnalysis.framework/Versions/A/PerformanceAnalysis
0x00007fff3d436000 	/System/Library/Frameworks/OpenGL.framework/Versions/A/OpenGL
0x00007fff31a20000 	/System/Library/Frameworks/ColorSync.framework/Versions/A/ColorSync
0x00007fff333b8000 	/System/Library/Frameworks/CoreImage.framework/Versions/A/CoreImage
0x00007fff3470f000 	/System/Library/Frameworks/CoreText.framework/Versions/A/CoreText
0x00007fff357e0000 	/System/Library/Frameworks/ImageIO.framework/Versions/A/ImageIO
0x00007fff69ad4000 	/usr/lib/libc++.1.dylib
0x00007fff69b50000 	/usr/lib/libcompression.dylib
0x00007fff6965c000 	/usr/lib/libMobileGestalt.dylib
0x00007fff6356e000 	/System/Library/PrivateFrameworks/TextureIO.framework/Versions/A/TextureIO
0x00007fff69953000 	/usr/lib/libate.dylib
0x00007fff57a2c000 	/System/Library/PrivateFrameworks/InternationalSupport.framework/Versions/A/InternationalSupport
0x00007fff6c5eb000 	/usr/lib/system/libcache.dylib
0x00007fff6c5f1000 	/usr/lib/system/libcommonCrypto.dylib
0x00007fff6c5fd000 	/usr/lib/system/libcompiler_rt.dylib
0x00007fff6c605000 	/usr/lib/system/libcopyfile.dylib
0x00007fff6c60f000 	/usr/lib/system/libcorecrypto.dylib
0x00007fff6c7ae000 	/usr/lib/system/libdispatch.dylib
0x00007fff6c7ef000 	/usr/lib/system/libdyld.dylib
0x00007fff6c826000 	/usr/lib/system/libkeymgr.dylib
0x00007fff6c834000 	/usr/lib/system/liblaunch.dylib
0x00007fff6c835000 	/usr/lib/system/libmacho.dylib
0x00007fff6c83b000 	/usr/lib/system/libquarantine.dylib
0x00007fff6c83e000 	/usr/lib/system/libremovefile.dylib
0x00007fff6c840000 	/usr/lib/system/libsystem_asl.dylib
0x00007fff6c858000 	/usr/lib/system/libsystem_blocks.dylib
0x00007fff6c859000 	/usr/lib/system/libsystem_c.dylib
0x00007fff6c8e1000 	/usr/lib/system/libsystem_configuration.dylib
0x00007fff6c8e5000 	/usr/lib/system/libsystem_coreservices.dylib
0x00007fff6c8e9000 	/usr/lib/system/libsystem_darwin.dylib
0x00007fff6c8f2000 	/usr/lib/system/libsystem_dnssd.dylib
0x00007fff6c8fa000 	/usr/lib/system/libsystem_featureflags.dylib
0x00007fff6c8fc000 	/usr/lib/system/libsystem_info.dylib
0x00007fff6c977000 	/usr/lib/system/libsystem_m.dylib
0x00007fff6c9bf000 	/usr/lib/system/libsystem_malloc.dylib
0x00007fff6c9e7000 	/usr/lib/system/libsystem_networkextension.dylib
0x00007fff6c9f5000 	/usr/lib/system/libsystem_notify.dylib
0x00007fff6ca13000 	/usr/lib/system/libsystem_sandbox.dylib
0x00007fff6ca18000 	/usr/lib/system/libsystem_secinit.dylib
0x00007fff6c94a000 	/usr/lib/system/libsystem_kernel.dylib
0x00007fff6c9ff000 	/usr/lib/system/libsystem_platform.dylib
0x00007fff6ca08000 	/usr/lib/system/libsystem_pthread.dylib
0x00007fff6ca1b000 	/usr/lib/system/libsystem_symptoms.dylib
0x00007fff6ca23000 	/usr/lib/system/libsystem_trace.dylib
0x00007fff6ca3b000 	/usr/lib/system/libunwind.dylib
0x00007fff6ca41000 	/usr/lib/system/libxpc.dylib
0x00007fff69b27000 	/usr/lib/libc++abi.dylib
0x00007fff6a92b000 	/usr/lib/liblzma.5.dylib
0x00007fff6a5a6000 	/usr/lib/libfakelink.dylib
0x00007fff698e0000 	/usr/lib/libarchive.2.dylib
0x00007fff402b8000 	/System/Library/Frameworks/SystemConfiguration.framework/Versions/A/SystemConfiguration
0x00007fff6924b000 	/usr/lib/libCRFSuite.dylib
0x00007fff31123000 	/System/Library/Frameworks/CFNetwork.framework/Versions/A/CFNetwork
0x00007fff69ab6000 	/usr/lib/libbsm.0.dylib
0x00007fff6c827000 	/usr/lib/system/libkxld.dylib
0x00007fff46072000 	/System/Library/PrivateFrameworks/AppleFSCompression.framework/Versions/A/AppleFSCompression
0x00007fff69e41000 	/usr/lib/libcoretls.dylib
0x00007fff69e58000 	/usr/lib/libcoretls_cfhelpers.dylib
0x00007fff6b694000 	/usr/lib/libpam.2.dylib
0x00007fff6b7c9000 	/usr/lib/libsqlite3.dylib
0x00007fff6bc08000 	/usr/lib/libxar.1.dylib
0x00007fff69ac7000 	/usr/lib/libbz2.1.0.dylib
0x00007fff6a5c7000 	/usr/lib/libiconv.2.dylib
0x00007fff69b3d000 	/usr/lib/libcharset.1.dylib
0x00007fff6b131000 	/usr/lib/libnetwork.dylib
0x00007fff6b69b000 	/usr/lib/libpcap.A.dylib
0x00007fff69895000 	/usr/lib/libapple_nghttp2.dylib
0x00007fff34053000 	/System/Library/Frameworks/CoreServices.framework/Versions/A/Frameworks/FSEvents.framework/Versions/A/FSEvents
0x00007fff33d23000 	/System/Library/Frameworks/CoreServices.framework/Versions/A/Frameworks/CarbonCore.framework/Versions/A/CarbonCore
0x00007fff34297000 	/System/Library/Frameworks/CoreServices.framework/Versions/A/Frameworks/Metadata.framework/Versions/A/Metadata
0x00007fff34330000 	/System/Library/Frameworks/CoreServices.framework/Versions/A/Frameworks/OSServices.framework/Versions/A/OSServices
0x00007fff3435e000 	/System/Library/Frameworks/CoreServices.framework/Versions/A/Frameworks/SearchKit.framework/Versions/A/SearchKit
0x00007fff33c9d000 	/System/Library/Frameworks/CoreServices.framework/Versions/A/Frameworks/AE.framework/Versions/A/AE
0x00007fff3405c000 	/System/Library/Frameworks/CoreServices.framework/Versions/A/Frameworks/LaunchServices.framework/Versions/A/LaunchServices
0x00007fff34005000 	/System/Library/Frameworks/CoreServices.framework/Versions/A/Frameworks/DictionaryServices.framework/Versions/A/DictionaryServices
0x00007fff343c6000 	/System/Library/Frameworks/CoreServices.framework/Versions/A/Frameworks/SharedFileList.framework/Versions/A/SharedFileList
0x00007fff39255000 	/System/Library/Frameworks/NetFS.framework/Versions/A/NetFS
0x00007fff59da3000 	/System/Library/PrivateFrameworks/NetAuth.framework/Versions/A/NetAuth
0x00007fff6672b000 	/System/Library/PrivateFrameworks/login.framework/Versions/A/Frameworks/loginsupport.framework/Versions/A/loginsupport
0x00007fff63039000 	/System/Library/PrivateFrameworks/TCC.framework/Versions/A/TCC
0x00007fff4aca3000 	/System/Library/PrivateFrameworks/CoreNLP.framework/Versions/A/CoreNLP
0x00007fff592a0000 	/System/Library/PrivateFrameworks/MetadataUtilities.framework/Versions/A/MetadataUtilities
0x00007fff6aa03000 	/usr/lib/libmecabra.dylib
0x00007fff6a95b000 	/usr/lib/libmecab.dylib
0x00007fff6a5b7000 	/usr/lib/libgermantok.dylib
0x00007fff6987c000 	/usr/lib/libThaiTokenizer.dylib
0x00007fff69282000 	/usr/lib/libChineseTokenizer.dylib
0x00007fff2e553000 	/System/Library/Frameworks/Accelerate.framework/Versions/A/Frameworks/vImage.framework/Versions/A/vImage
0x00007fff2f9bd000 	/System/Library/Frameworks/Accelerate.framework/Versions/A/Frameworks/vecLib.framework/Versions/A/vecLib
0x00007fff2f8fa000 	/System/Library/Frameworks/Accelerate.framework/Versions/A/Frameworks/vecLib.framework/Versions/A/libvMisc.dylib
0x00007fff2f722000 	/System/Library/Frameworks/Accelerate.framework/Versions/A/Frameworks/vecLib.framework/Versions/A/libvDSP.dylib
0x00007fff2ebaa000 	/System/Library/Frameworks/Accelerate.framework/Versions/A/Frameworks/vecLib.framework/Versions/A/libBLAS.dylib
0x00007fff2f2e6000 	/System/Library/Frameworks/Accelerate.framework/Versions/A/Frameworks/vecLib.framework/Versions/A/libLAPACK.dylib
0x00007fff2f682000 	/System/Library/Frameworks/Accelerate.framework/Versions/A/Frameworks/vecLib.framework/Versions/A/libLinearAlgebra.dylib
0x00007fff2f70f000 	/System/Library/Frameworks/Accelerate.framework/Versions/A/Frameworks/vecLib.framework/Versions/A/libSparseBLAS.dylib
0x00007fff2f698000 	/System/Library/Frameworks/Accelerate.framework/Versions/A/Frameworks/vecLib.framework/Versions/A/libQuadrature.dylib
0x00007fff2ee12000 	/System/Library/Frameworks/Accelerate.framework/Versions/A/Frameworks/vecLib.framework/Versions/A/libBNNS.dylib
0x00007fff2f69e000 	/System/Library/Frameworks/Accelerate.framework/Versions/A/Frameworks/vecLib.framework/Versions/A/libSparse.dylib
0x00007fff57e14000 	/System/Library/PrivateFrameworks/LanguageModeling.framework/Versions/A/LanguageModeling
0x00007fff4a653000 	/System/Library/PrivateFrameworks/CoreEmoji.framework/Versions/A/CoreEmoji
0x00007fff57f32000 	/System/Library/PrivateFrameworks/LinguisticData.framework/Versions/A/LinguisticData
0x00007fff57ee3000 	/System/Library/PrivateFrameworks/Lexicon.framework/Versions/A/Lexicon
0x00007fff69b3e000 	/usr/lib/libcmph.dylib
0x00007fff3be44000 	/System/Library/Frameworks/OpenDirectory.framework/Versions/A/Frameworks/CFOpenDirectory.framework/Versions/A/CFOpenDirectory
0x00007fff3be61000 	/System/Library/Frameworks/OpenDirectory.framework/Versions/A/OpenDirectory
0x00007fff442a2000 	/System/Library/PrivateFrameworks/APFS.framework/Versions/A/APFS
0x00007fff3f551000 	/System/Library/Frameworks/SecurityFoundation.framework/Versions/A/SecurityFoundation
0x00007fff6bc04000 	/usr/lib/libutil.dylib
0x00007fff4bb88000 	/System/Library/PrivateFrameworks/CoreServicesStore.framework/Versions/A/CoreServicesStore
0x00007fff3f608000 	/System/Library/Frameworks/ServiceManagement.framework/Versions/A/ServiceManagement
0x00007fff47842000 	/System/Library/PrivateFrameworks/BackgroundTaskManagement.framework/Versions/A/BackgroundTaskManagement
0x00007fff6bd01000 	/usr/lib/libxslt.1.dylib
0x00007fff466e5000 	/System/Library/PrivateFrameworks/AppleSystemInfo.framework/Versions/A/AppleSystemInfo
0x00007fff359fb000 	/System/Library/Frameworks/ImageIO.framework/Versions/A/Resources/libJPEG.dylib
0x00007fff35cb9000 	/System/Library/Frameworks/ImageIO.framework/Versions/A/Resources/libTIFF.dylib
0x00007fff35c9c000 	/System/Library/Frameworks/ImageIO.framework/Versions/A/Resources/libPng.dylib
0x00007fff3593d000 	/System/Library/Frameworks/ImageIO.framework/Versions/A/Resources/libGIF.dylib
0x00007fff35941000 	/System/Library/Frameworks/ImageIO.framework/Versions/A/Resources/libJP2.dylib
0x00007fff35cb7000 	/System/Library/Frameworks/ImageIO.framework/Versions/A/Resources/libRadiance.dylib
0x00007fff6a580000 	/usr/lib/libexpat.1.dylib
0x00007fff461cd000 	/System/Library/PrivateFrameworks/AppleJPEG.framework/Versions/A/AppleJPEG
0x00007fff4ee88000 	/System/Library/PrivateFrameworks/FontServices.framework/libFontParser.dylib
0x00007fff6572d000 	/System/Library/PrivateFrameworks/WatchdogClient.framework/Versions/A/WatchdogClient
0x00007fff5746f000 	/System/Library/PrivateFrameworks/IOAccelerator.framework/Versions/A/IOAccelerator
0x00007fff381c6000 	/System/Library/Frameworks/MetalPerformanceShaders.framework/Versions/A/MetalPerformanceShaders
0x00007fff53c05000 	/System/Library/PrivateFrameworks/GPUWrangler.framework/Versions/A/GPUWrangler
0x00007fff57484000 	/System/Library/PrivateFrameworks/IOPresentment.framework/Versions/A/IOPresentment
0x00007fff4c708000 	/System/Library/PrivateFrameworks/DSExternalDisplay.framework/Versions/A/DSExternalDisplay
0x00007fff3c7d5000 	/System/Library/Frameworks/OpenGL.framework/Versions/A/Libraries/libCoreFSCache.dylib
0x00007fff37f12000 	/System/Library/Frameworks/MetalPerformanceShaders.framework/Frameworks/MPSCore.framework/Versions/A/MPSCore
0x00007fff37f50000 	/System/Library/Frameworks/MetalPerformanceShaders.framework/Frameworks/MPSImage.framework/Versions/A/MPSImage
0x00007fff38017000 	/System/Library/Frameworks/MetalPerformanceShaders.framework/Frameworks/MPSNeuralNetwork.framework/Versions/A/MPSNeuralNetwork
0x00007fff37fdb000 	/System/Library/Frameworks/MetalPerformanceShaders.framework/Frameworks/MPSMatrix.framework/Versions/A/MPSMatrix
0x00007fff38176000 	/System/Library/Frameworks/MetalPerformanceShaders.framework/Frameworks/MPSRayIntersector.framework/Versions/A/MPSRayIntersector
0x00007fff38001000 	/System/Library/Frameworks/MetalPerformanceShaders.framework/Frameworks/MPSNDArray.framework/Versions/A/MPSNDArray
0x00007fff592ed000 	/System/Library/PrivateFrameworks/MetalTools.framework/Versions/A/MetalTools
0x00007fff4547c000 	/System/Library/PrivateFrameworks/AggregateDictionary.framework/Versions/A/AggregateDictionary
0x00007fff4a09b000 	/System/Library/PrivateFrameworks/CoreAnalytics.framework/Versions/A/CoreAnalytics
0x00007fff46604000 	/System/Library/PrivateFrameworks/AppleSauce.framework/Versions/A/AppleSauce
0x00007fff6953e000 	/usr/lib/libIOReport.dylib
0x00007fff348c7000 	/System/Library/Frameworks/CoreVideo.framework/Versions/A/CoreVideo
0x00007fff5507e000 	/System/Library/PrivateFrameworks/GraphVisualizer.framework/Versions/A/GraphVisualizer
0x00007fff4e3ce000 	/System/Library/PrivateFrameworks/FaceCore.framework/Versions/A/FaceCore
0x00007fff3bdeb000 	/System/Library/Frameworks/OpenCL.framework/Versions/A/OpenCL
0x00007fff69360000 	/usr/lib/libFosl_dynamic.dylib
0x00007fff5a7c3000 	/System/Library/PrivateFrameworks/OTSVG.framework/Versions/A/OTSVG
0x00007fff30a7c000 	/System/Library/Frameworks/ApplicationServices.framework/Versions/A/Frameworks/ATS.framework/Versions/A/Resources/libFontRegistry.dylib
0x00007fff4f059000 	/System/Library/PrivateFrameworks/FontServices.framework/libhvf.dylib
0x00007fff3c7e0000 	/System/Library/Frameworks/OpenGL.framework/Versions/A/Libraries/libGFXShared.dylib
0x00007fff3c9be000 	/System/Library/Frameworks/OpenGL.framework/Versions/A/Libraries/libGLU.dylib
0x00007fff3c7e9000 	/System/Library/Frameworks/OpenGL.framework/Versions/A/Libraries/libGL.dylib
0x00007fff3c7f4000 	/System/Library/Frameworks/OpenGL.framework/Versions/A/Libraries/libGLImage.dylib
0x00007fff3c7d2000 	/System/Library/Frameworks/OpenGL.framework/Versions/A/Libraries/libCVMSPluginSupport.dylib
0x00007fff3c7db000 	/System/Library/Frameworks/OpenGL.framework/Versions/A/Libraries/libCoreVMClient.dylib
0x00007fff6afd2000 	/usr/lib/libncurses.5.4.dylib
0x00007fff30978000 	/System/Library/Frameworks/ApplicationServices.framework/Versions/A/Frameworks/ATS.framework/Versions/A/ATS
0x00007fff30b45000 	/System/Library/Frameworks/ApplicationServices.framework/Versions/A/Frameworks/ColorSyncLegacy.framework/Versions/A/ColorSyncLegacy
0x00007fff30be3000 	/System/Library/Frameworks/ApplicationServices.framework/Versions/A/Frameworks/HIServices.framework/Versions/A/HIServices
0x00007fff30c3b000 	/System/Library/Frameworks/ApplicationServices.framework/Versions/A/Frameworks/LangAnalysis.framework/Versions/A/LangAnalysis
0x00007fff30c4a000 	/System/Library/Frameworks/ApplicationServices.framework/Versions/A/Frameworks/PrintCore.framework/Versions/A/PrintCore
0x00007fff30c90000 	/System/Library/Frameworks/ApplicationServices.framework/Versions/A/Frameworks/QD.framework/Versions/A/QD
0x00007fff30c9b000 	/System/Library/Frameworks/ApplicationServices.framework/Versions/A/Frameworks/SpeechSynthesis.framework/Versions/A/SpeechSynthesis
0x00007fff30b15000 	/System/Library/Frameworks/ApplicationServices.framework/Versions/A/Frameworks/ATSUI.framework/Versions/A/ATSUI
0x00007fff6a416000 	/usr/lib/libcups.2.dylib
0x00007fff37261000 	/System/Library/Frameworks/Kerberos.framework/Versions/A/Kerberos
0x00007fff353a3000 	/System/Library/Frameworks/GSS.framework/Versions/A/GSS
0x00007fff6b755000 	/usr/lib/libresolv.9.dylib
0x00007fff5522b000 	/System/Library/PrivateFrameworks/Heimdal.framework/Versions/A/Heimdal
0x00007fff37274000 	/System/Library/Frameworks/Kerberos.framework/Versions/A/Libraries/libHeimdalProxy.dylib
0x00007fff6a5bd000 	/usr/lib/libheimdal-asn1.dylib
0x00007fff49533000 	/System/Library/PrivateFrameworks/CommonAuth.framework/Versions/A/CommonAuth
0x00007fff46782000 	/System/Library/PrivateFrameworks/AssertionServices.framework/Versions/A/AssertionServices
0x00007fff47325000 	/System/Library/PrivateFrameworks/AudioToolboxCore.framework/Versions/A/AudioToolboxCore
0x00007fff663db000 	/System/Library/PrivateFrameworks/caulk.framework/Versions/A/caulk
0x00007fff478ee000 	/System/Library/PrivateFrameworks/BaseBoard.framework/Versions/A/BaseBoard
0x00007fff5ea26000 	/System/Library/PrivateFrameworks/RunningBoardServices.framework/Versions/A/RunningBoardServices
0x00007fff5ba37000 	/System/Library/PrivateFrameworks/PersistentConnection.framework/Versions/A/PersistentConnection
0x00007fff5e41f000 	/System/Library/PrivateFrameworks/ProtocolBuffer.framework/Versions/A/ProtocolBuffer
0x00007fff49557000 	/System/Library/PrivateFrameworks/CommonUtilities.framework/Versions/A/CommonUtilities
0x00007fff47a7c000 	/System/Library/PrivateFrameworks/Bom.framework/Versions/A/Bom
0x00007fff69211000 	/usr/lib/libAudioToolboxUtility.dylib
0x00007fff4784c000 	/System/Library/PrivateFrameworks/Backup.framework/Versions/A/Backup
0x00007fff4c629000 	/System/Library/PrivateFrameworks/CrashReporterSupport.framework/Versions/A/CrashReporterSupport
0x00007fff604b8000 	/System/Library/PrivateFrameworks/Sharing.framework/Versions/A/Sharing
0x00007fff45d90000 	/System/Library/PrivateFrameworks/Apple80211.framework/Versions/A/Apple80211
0x00007fff47569000 	/System/Library/PrivateFrameworks/AuthKit.framework/Versions/A/AuthKit
0x00007fff4c336000 	/System/Library/PrivateFrameworks/CoreUtils.framework/Versions/A/CoreUtils
0x00007fff3490c000 	/System/Library/Frameworks/CoreWLAN.framework/Versions/A/CoreWLAN
0x00007fff35530000 	/System/Library/Frameworks/IOBluetooth.framework/Versions/A/IOBluetooth
0x00007fff595f2000 	/System/Library/PrivateFrameworks/MobileKeyBag.framework/Versions/A/MobileKeyBag
0x00007fff4b13b000 	/System/Library/PrivateFrameworks/CorePhoneNumbers.framework/Versions/A/CorePhoneNumbers
0x00007fff46180000 	/System/Library/PrivateFrameworks/AppleIDAuthSupport.framework/Versions/A/AppleIDAuthSupport
0x00007fff39262000 	/System/Library/Frameworks/Network.framework/Versions/A/Network
0x00007fff57cc0000 	/System/Library/PrivateFrameworks/KeychainCircle.framework/Versions/A/KeychainCircle
0x00007fff3235d000 	/System/Library/Frameworks/CoreBluetooth.framework/Versions/A/CoreBluetooth
0x00007fff62537000 	/System/Library/PrivateFrameworks/SpeechRecognitionCore.framework/Versions/A/SpeechRecognitionCore
0x0000000110400000 	/Library/Java/JavaVirtualMachines/adoptopenjdk-8.jdk/Contents/Home/jre/lib/server/libjvm.dylib
0x000000010f288000 	/Library/Java/JavaVirtualMachines/adoptopenjdk-8.jdk/Contents/Home/jre/lib/libverify.dylib
0x000000010f299000 	/Library/Java/JavaVirtualMachines/adoptopenjdk-8.jdk/Contents/Home/jre/lib/libjava.dylib
0x000000010f2cd000 	/Library/Java/JavaVirtualMachines/adoptopenjdk-8.jdk/Contents/Home/jre/lib/libinstrument.dylib
0x000000010f335000 	/Library/Java/JavaVirtualMachines/adoptopenjdk-8.jdk/Contents/Home/jre/lib/libzip.dylib
0x000000010f380000 	/Library/Java/JavaVirtualMachines/adoptopenjdk-8.jdk/Contents/Home/jre/lib/libnio.dylib
0x000000010f392000 	/Library/Java/JavaVirtualMachines/adoptopenjdk-8.jdk/Contents/Home/jre/lib/libnet.dylib
0x00007fff6bba9000 	/usr/lib/libusrtcp.dylib
0x0000000116e0b000 	/Library/Java/JavaVirtualMachines/adoptopenjdk-8.jdk/Contents/Home/jre/lib/libmanagement.dylib
0x0000000116e33000 	/private/var/folders/m8/_j693xpn2ms3p5jf8rqwx5s00000gp/T/libgkl_compression1228738824744650164.dylib

VM Arguments:
jvm_args: -Djava.security.manager=worker.org.gradle.process.internal.worker.child.BootstrapSecurityManager -Dorg.gradle.native=false -Dpicard.useLegacyParser=true -javaagent:build/tmp/expandedArchives/org.jacoco.agent-0.8.4.jar_982888894296538c98d7324f3ca78d8f/jacocoagent.jar=destfile=build/jacoco/legacyTest.exec,append=true,inclnolocationclasses=false,dumponexit=true,output=file,jmx=false -Xms1G -Xmx2G -Dfile.encoding=UTF-8 -Duser.country=US -Duser.language=en -Duser.variant -ea 
java_command: worker.org.gradle.process.internal.worker.GradleWorkerMain 'Gradle Test Executor 62'
java_class_path (initial): /Users/msacks/.gradle/caches/5.6/workerMain/gradle-worker.jar:build/tmp/expandedArchives/org.jacoco.agent-0.8.4.jar_982888894296538c98d7324f3ca78d8f/jacocoagent.jar
Launcher Type: SUN_STANDARD

Environment Variables:
PATH=/Users/msacks/Downloads/google-cloud-sdk/bin:/Users/msacks/opt/anaconda3/bin:/Users/msacks/opt/anaconda3/condabin:/usr/local/bin:/usr/bin:/bin:/usr/sbin:/sbin
SHELL=/bin/zsh

Signal Handlers:
SIGSEGV: [libjvm.dylib+0x595d31], sa_mask[0]=11111111011111110111111111111111, sa_flags=SA_ONSTACK|SA_RESTART|SA_SIGINFO
SIGBUS: [libjvm.dylib+0x595d31], sa_mask[0]=11111111011111110111111111111111, sa_flags=SA_RESTART|SA_SIGINFO
SIGFPE: [libjvm.dylib+0x48a2eb], sa_mask[0]=11111111011111110111111111111111, sa_flags=SA_RESTART|SA_SIGINFO
SIGPIPE: [libjvm.dylib+0x48a2eb], sa_mask[0]=11111111011111110111111111111111, sa_flags=SA_RESTART|SA_SIGINFO
SIGXFSZ: [libjvm.dylib+0x48a2eb], sa_mask[0]=11111111011111110111111111111111, sa_flags=SA_RESTART|SA_SIGINFO
SIGILL: [libjvm.dylib+0x48a2eb], sa_mask[0]=11111111011111110111111111111111, sa_flags=SA_RESTART|SA_SIGINFO
SIGUSR1: SIG_DFL, sa_mask[0]=00000000000000000000000000000000, sa_flags=none
SIGUSR2: [libjvm.dylib+0x48abe2], sa_mask[0]=00100000000000000000000000000000, sa_flags=SA_RESTART|SA_SIGINFO
SIGHUP: [libjvm.dylib+0x488de1], sa_mask[0]=11111111011111110111111111111111, sa_flags=SA_RESTART|SA_SIGINFO
SIGINT: [libjvm.dylib+0x488de1], sa_mask[0]=11111111011111110111111111111111, sa_flags=SA_RESTART|SA_SIGINFO
SIGTERM: [libjvm.dylib+0x488de1], sa_mask[0]=11111111011111110111111111111111, sa_flags=SA_RESTART|SA_SIGINFO
SIGQUIT: [libjvm.dylib+0x488de1], sa_mask[0]=11111111011111110111111111111111, sa_flags=SA_RESTART|SA_SIGINFO


---------------  S Y S T E M  ---------------

OS:Bsduname:Darwin 19.6.0 Darwin Kernel Version 19.6.0: Sun Jul  5 00:43:10 PDT 2020; root:xnu-6153.141.1~9/RELEASE_X86_64 x86_64
rlimit: STACK 8192k, CORE 0k, NPROC 2784, NOFILE 10240, AS infinity
load average:3.59 3.13 2.91

CPU:total 8 (initial active 8) (4 cores per cpu, 2 threads per core) family 6 model 126 stepping 5, cmov, cx8, fxsr, mmx, sse, sse2, sse3, ssse3, sse4.1, sse4.2, popcnt, avx, avx2, aes, clmul, erms, 3dnowpref, lzcnt, ht, tsc, tscinvbit, bmi1, bmi2, adx

Memory: 4k page, physical 16777216k(622916k free)

/proc/meminfo:


vm_info: OpenJDK 64-Bit Server VM (25.265-b01) for bsd-amd64 JRE (1.8.0_265-b01), built on Jul 28 2020 16:14:07 by "jenkins" with gcc 4.2.1 Compatible Apple LLVM 10.0.1 (clang-1001.0.46.4)

time: Fri Sep 18 13:51:13 2020
timezone: EDT
elapsed time: 5 seconds (0d 0h 0m 5s)

