#
# A fatal error has been detected by the Java Runtime Environment:
#
#  SIGSEGV (0xb) at pc=0x000000011cc16ea7, pid=60512, tid=0x000000000000a903
#
# JRE version: OpenJDK Runtime Environment (8.0_265-b01) (build 1.8.0_265-b01)
# Java VM: OpenJDK 64-Bit Server VM (25.265-b01 mixed mode bsd-amd64 compressed oops)
# Problematic frame:
# C  [libgkl_compression3013184080185455639.dylib+0x6ea7]  deflate_medium+0x867
#
# Failed to write core dump. Core dumps have been disabled. To enable core dumping, try "ulimit -c unlimited" before starting Java again
#
# If you would like to submit a bug report, please visit:
#   http://bugreport.java.com/bugreport/crash.jsp
# The crash happened outside the Java Virtual Machine in native code.
# See problematic frame for where to report the bug.
#

---------------  T H R E A D  ---------------

Current thread (0x00007f910197b800):  JavaThread "Test worker" [_thread_in_native, id=43267, stack(0x0000700006952000,0x0000700006a52000)]

siginfo: si_signo: 11 (SIGSEGV), si_code: 1 (SEGV_MAPERR), si_addr: 0x00007f91082fffff

Registers:
RAX=0x0000000000000007, RBX=0x0000000000000000, RCX=0x0000000000000024, RDX=0x0000000000000000
RSP=0x0000700006a4eb20, RBP=0x0000700006a4eb90, RSI=0x000000000000001d, RDI=0xfffffffffffffffa
R8 =0x0000000000000002, R9 =0x0000000000000000, R10=0x00007f9108300005, R11=0x00007f9108300097
R12=0x00007f9103865200, R13=0x0000009200000092, R14=0x0000000000000098, R15=0x0000000000000007
RIP=0x000000011cc16ea7, EFLAGS=0x0000000000010206, ERR=0x0000000000000004
  TRAPNO=0x000000000000000e

Top of Stack: (sp=0x0000700006a4eb20)
0x0000700006a4eb20:   0000000400000000 00000000f34a6bb0
0x0000700006a4eb30:   0000000406a4edc0 0000000000000016
0x0000700006a4eb40:   0000000000000099 0000009a05b707e9
0x0000700006a4eb50:   0000000000000099 000000000000007e
0x0000700006a4eb60:   0000000000000007 00007f910197ba50
0x0000700006a4eb70:   0000000000000004 00007f91028cf2e0
0x0000700006a4eb80:   00007f9103865200 0000700006a4ecd8
0x0000700006a4eb90:   0000700006a4ebe0 000000011cc1508b
0x0000700006a4eba0:   000000000197b800 00007f910197b800
0x0000700006a4ebb0:   00007f910197b800 00007f910197ba50
0x0000700006a4ebc0:   00007f91028cf2e0 00000007a599c4c0
0x0000700006a4ebd0:   00000007a59ac4c0 0000700006a4ecd8
0x0000700006a4ebe0:   0000700006a4ec40 000000011cc11bac
0x0000700006a4ebf0:   0000000000000000 00000007a59ac4c0
0x0000700006a4ec00:   00007f9100f405a0 0000ffee0000ffda
0x0000700006a4ec10:   0000700006a4ecd0 000000011c9da098
0x0000700006a4ec20:   0000000000000000 000000011c9da098
0x0000700006a4ec30:   0000700006a4ecd8 00007f910197b800
0x0000700006a4ec40:   0000700006a4eca8 0000000105ff3407
0x0000700006a4ec50:   0000000000000000 0000700006a4ecf0
0x0000700006a4ec60:   0000000000000000 0000700006a4ec68
0x0000700006a4ec70:   0000000000000000 0000700006a4ecd8
0x0000700006a4ec80:   000000011c9dadc0 0000000000000000
0x0000700006a4ec90:   000000011c9da098 0000000000000000
0x0000700006a4eca0:   0000700006a4ecc8 0000700006a4ed20
0x0000700006a4ecb0:   0000000105fe2a40 0000000000000000
0x0000700006a4ecc0:   0000000105feca56 000000000000ffee
0x0000700006a4ecd0:   00000007a599c4b0 00000007a5958780
0x0000700006a4ece0:   0000700006a4ece0 000000011c9da730
0x0000700006a4ecf0:   0000700006a4ed50 000000011c9dadc0
0x0000700006a4ed00:   0000000000000000 000000011c9da778
0x0000700006a4ed10:   0000700006a4ecc8 0000700006a4ed38 

Instructions: (pc=0x000000011cc16ea7)
0x000000011cc16e87:   49 89 ff 4c 8d 5c 19 fe 4c 8d 73 ff 31 ff 44 89
0x000000011cc16e97:   c6 4c 89 45 a8 0f 1f 40 00 ff c6 41 0f b6 0c 3b
0x000000011cc16ea7:   41 0f b6 14 3a 39 ca 0f 95 c3 8d 0c 38 83 f9 01
0x000000011cc16eb7:   0f 94 c1 41 8d 14 3e 44 39 ca 0f 96 c2 45 8d 04 

Register to memory mapping:

RAX=0x0000000000000007 is an unknown value
RBX=0x0000000000000000 is an unknown value
RCX=0x0000000000000024 is an unknown value
RDX=0x0000000000000000 is an unknown value
RSP=0x0000700006a4eb20 is pointing into the stack for thread: 0x00007f910197b800
RBP=0x0000700006a4eb90 is pointing into the stack for thread: 0x00007f910197b800
RSI=0x000000000000001d is an unknown value
RDI=0xfffffffffffffffa is an unknown value
R8 =0x0000000000000002 is an unknown value
R9 =0x0000000000000000 is an unknown value
R10=0x00007f9108300005 is an unknown value
R11=0x00007f9108300097 is an unknown value
R12=0x00007f9103865200 is an unknown value
R13=0x0000009200000092 is an unknown value
R14=0x0000000000000098 is an unknown value
R15=0x0000000000000007 is an unknown value


Stack: [0x0000700006952000,0x0000700006a52000],  sp=0x0000700006a4eb20,  free space=1010k
Native frames: (J=compiled Java code, j=interpreted, Vv=VM code, C=native code)
C  [libgkl_compression3013184080185455639.dylib+0x6ea7]  deflate_medium+0x867
C  [libgkl_compression3013184080185455639.dylib+0x508b]  deflate+0xf1b
C  [libgkl_compression3013184080185455639.dylib+0x1bac]  Java_com_intel_gkl_compression_IntelDeflater_deflateNative+0x1bc
j  com.intel.gkl.compression.IntelDeflater.deflateNative([BI)I+0
j  com.intel.gkl.compression.IntelDeflater.deflate([BII)I+8
j  htsjdk.samtools.util.BlockCompressedOutputStream.deflateBlock()I+84
J 4280 C2 htsjdk.samtools.util.BinaryCodec.writeBytes([B)V (18 bytes) @ 0x0000000106f43240 [0x0000000106f42ce0+0x560]
J 4232 C2 htsjdk.samtools.BAMRecordCodec.encode(Lhtsjdk/samtools/SAMRecord;)V (991 bytes) @ 0x0000000106f59e9c [0x0000000106f594c0+0x9dc]
J 4261 C2 htsjdk.samtools.BAMFileWriter.writeAlignment(Lhtsjdk/samtools/SAMRecord;)V (173 bytes) @ 0x0000000106f3d4e4 [0x0000000106f3d440+0xa4]
j  htsjdk.samtools.SAMFileWriterImpl.close()V+78
J 4372% C1 picard.sam.SortSam.doWork()I (257 bytes) @ 0x0000000106fae88c [0x0000000106facc80+0x1c0c]
j  picard.cmdline.CommandLineProgram.instanceMain([Ljava/lang/String;)I+1260
j  picard.analysis.directed.CollectTargetedMetricsTest.setupBuilder()V+563
v  ~StubRoutines::call_stub
V  [libjvm.dylib+0x2c7e0f]
V  [libjvm.dylib+0x4d27f2]
V  [libjvm.dylib+0x4d33aa]
V  [libjvm.dylib+0x34268c]
j  sun.reflect.NativeMethodAccessorImpl.invoke0(Ljava/lang/reflect/Method;Ljava/lang/Object;[Ljava/lang/Object;)Ljava/lang/Object;+0
j  sun.reflect.NativeMethodAccessorImpl.invoke(Ljava/lang/Object;[Ljava/lang/Object;)Ljava/lang/Object;+100
J 1177 C1 sun.reflect.DelegatingMethodAccessorImpl.invoke(Ljava/lang/Object;[Ljava/lang/Object;)Ljava/lang/Object; (10 bytes) @ 0x0000000106465c8c [0x0000000106465b80+0x10c]
J 1176 C1 java.lang.reflect.Method.invoke(Ljava/lang/Object;[Ljava/lang/Object;)Ljava/lang/Object; (62 bytes) @ 0x000000010646371c [0x0000000106463320+0x3fc]
j  org.testng.internal.MethodInvocationHelper.invokeMethod(Ljava/lang/reflect/Method;Ljava/lang/Object;[Ljava/lang/Object;)Ljava/lang/Object;+424
j  org.testng.internal.MethodInvocationHelper.invokeMethodConsideringTimeout(Lorg/testng/ITestNGMethod;Lorg/testng/internal/ConstructorOrMethod;Ljava/lang/Object;[Ljava/lang/Object;Lorg/testng/ITestResult;)V+25
j  org.testng.internal.Invoker.invokeConfigurationMethod(Ljava/lang/Object;Lorg/testng/ITestNGMethod;[Ljava/lang/Object;Lorg/testng/ITestResult;)V+270
j  org.testng.internal.Invoker.invokeConfigurations(Lorg/testng/IClass;Lorg/testng/ITestNGMethod;[Lorg/testng/ITestNGMethod;Lorg/testng/xml/XmlSuite;Ljava/util/Map;[Ljava/lang/Object;Ljava/lang/Object;Lorg/testng/ITestResult;)V+753
j  org.testng.internal.Invoker.invokeConfigurations(Lorg/testng/IClass;[Lorg/testng/ITestNGMethod;Lorg/testng/xml/XmlSuite;Ljava/util/Map;[Ljava/lang/Object;Ljava/lang/Object;)V+17
j  org.testng.TestRunner.beforeRun()V+118
j  org.testng.TestRunner.run()V+5
j  org.testng.SuiteRunner.runTest(Lorg/testng/TestRunner;)V+5
j  org.testng.SuiteRunner.runSequentially()V+47
j  org.testng.SuiteRunner.privateRun()V+428
j  org.testng.SuiteRunner.run()V+16
j  org.testng.SuiteRunnerWorker.runSuite(Lorg/testng/internal/SuiteRunnerMap;Lorg/testng/xml/XmlSuite;)V+134
j  org.testng.SuiteRunnerWorker.run()V+16
j  org.testng.TestNG.runSuitesSequentially(Lorg/testng/xml/XmlSuite;Lorg/testng/internal/SuiteRunnerMap;ILjava/lang/String;)V+99
j  org.testng.TestNG.runSuitesLocally()Ljava/util/List;+282
j  org.testng.TestNG.runSuites()Ljava/util/List;+5
j  org.testng.TestNG.run()V+59
j  org.gradle.api.internal.tasks.testing.testng.TestNGTestClassProcessor.runTests()V+590
j  org.gradle.api.internal.tasks.testing.testng.TestNGTestClassProcessor.stop()V+5
j  org.gradle.api.internal.tasks.testing.SuiteTestClassProcessor.stop()V+8
v  ~StubRoutines::call_stub
V  [libjvm.dylib+0x2c7e0f]
V  [libjvm.dylib+0x4d27f2]
V  [libjvm.dylib+0x4d33aa]
V  [libjvm.dylib+0x34268c]
j  sun.reflect.NativeMethodAccessorImpl.invoke0(Ljava/lang/reflect/Method;Ljava/lang/Object;[Ljava/lang/Object;)Ljava/lang/Object;+0
j  sun.reflect.NativeMethodAccessorImpl.invoke(Ljava/lang/Object;[Ljava/lang/Object;)Ljava/lang/Object;+100
J 1177 C1 sun.reflect.DelegatingMethodAccessorImpl.invoke(Ljava/lang/Object;[Ljava/lang/Object;)Ljava/lang/Object; (10 bytes) @ 0x0000000106465c8c [0x0000000106465b80+0x10c]
J 1176 C1 java.lang.reflect.Method.invoke(Ljava/lang/Object;[Ljava/lang/Object;)Ljava/lang/Object; (62 bytes) @ 0x000000010646371c [0x0000000106463320+0x3fc]
J 1211 C1 org.gradle.internal.dispatch.ReflectionDispatch.dispatch(Lorg/gradle/internal/dispatch/MethodInvocation;)V (76 bytes) @ 0x000000010648750c [0x0000000106487040+0x4cc]
J 1210 C1 org.gradle.internal.dispatch.ReflectionDispatch.dispatch(Ljava/lang/Object;)V (18 bytes) @ 0x0000000106486b44 [0x00000001064869a0+0x1a4]
j  org.gradle.internal.dispatch.ContextClassLoaderDispatch.dispatch(Ljava/lang/Object;)V+34
j  org.gradle.internal.dispatch.ProxyDispatchAdapter$DispatchingInvocationHandler.invoke(Ljava/lang/Object;Ljava/lang/reflect/Method;[Ljava/lang/Object;)Ljava/lang/Object;+288
j  com.sun.proxy.$Proxy2.stop()V+9
j  org.gradle.api.internal.tasks.testing.worker.TestWorker.stop()V+21
v  ~StubRoutines::call_stub
V  [libjvm.dylib+0x2c7e0f]
V  [libjvm.dylib+0x4d27f2]
V  [libjvm.dylib+0x4d33aa]
V  [libjvm.dylib+0x34268c]
j  sun.reflect.NativeMethodAccessorImpl.invoke0(Ljava/lang/reflect/Method;Ljava/lang/Object;[Ljava/lang/Object;)Ljava/lang/Object;+0
j  sun.reflect.NativeMethodAccessorImpl.invoke(Ljava/lang/Object;[Ljava/lang/Object;)Ljava/lang/Object;+100
J 1177 C1 sun.reflect.DelegatingMethodAccessorImpl.invoke(Ljava/lang/Object;[Ljava/lang/Object;)Ljava/lang/Object; (10 bytes) @ 0x0000000106465c8c [0x0000000106465b80+0x10c]
J 1176 C1 java.lang.reflect.Method.invoke(Ljava/lang/Object;[Ljava/lang/Object;)Ljava/lang/Object; (62 bytes) @ 0x000000010646371c [0x0000000106463320+0x3fc]
J 1211 C1 org.gradle.internal.dispatch.ReflectionDispatch.dispatch(Lorg/gradle/internal/dispatch/MethodInvocation;)V (76 bytes) @ 0x000000010648750c [0x0000000106487040+0x4cc]
J 1210 C1 org.gradle.internal.dispatch.ReflectionDispatch.dispatch(Ljava/lang/Object;)V (18 bytes) @ 0x0000000106486b44 [0x00000001064869a0+0x1a4]
j  org.gradle.internal.remote.internal.hub.MessageHubBackedObjectConnection$DispatchWrapper.dispatch(Lorg/gradle/internal/dispatch/MethodInvocation;)V+9
j  org.gradle.internal.remote.internal.hub.MessageHubBackedObjectConnection$DispatchWrapper.dispatch(Ljava/lang/Object;)V+9
j  org.gradle.internal.remote.internal.hub.MessageHub$Handler.run()V+245
j  org.gradle.internal.concurrent.ExecutorPolicy$CatchAndRecordFailures.onExecute(Ljava/lang/Runnable;)V+5
j  org.gradle.internal.concurrent.ManagedExecutorImpl$1.run()V+33
j  java.util.concurrent.ThreadPoolExecutor.runWorker(Ljava/util/concurrent/ThreadPoolExecutor$Worker;)V+95
j  java.util.concurrent.ThreadPoolExecutor$Worker.run()V+5
j  org.gradle.internal.concurrent.ThreadFactoryImpl$ManagedThreadRunnable.run()V+15
j  java.lang.Thread.run()V+11
v  ~StubRoutines::call_stub
V  [libjvm.dylib+0x2c7e0f]
V  [libjvm.dylib+0x2c6c5b]
V  [libjvm.dylib+0x2c6e37]
V  [libjvm.dylib+0x33e001]
V  [libjvm.dylib+0x559256]
V  [libjvm.dylib+0x55911b]
V  [libjvm.dylib+0x487e8f]
C  [libsystem_pthread.dylib+0x6109]  _pthread_start+0x94
C  [libsystem_pthread.dylib+0x1b8b]  thread_start+0xf
C  0x0000000000000000

Java frames: (J=compiled Java code, j=interpreted, Vv=VM code)
j  com.intel.gkl.compression.IntelDeflater.deflateNative([BI)I+0
j  com.intel.gkl.compression.IntelDeflater.deflate([BII)I+8
j  htsjdk.samtools.util.BlockCompressedOutputStream.deflateBlock()I+84
J 4280 C2 htsjdk.samtools.util.BinaryCodec.writeBytes([B)V (18 bytes) @ 0x0000000106f43240 [0x0000000106f42ce0+0x560]
J 4232 C2 htsjdk.samtools.BAMRecordCodec.encode(Lhtsjdk/samtools/SAMRecord;)V (991 bytes) @ 0x0000000106f59e9c [0x0000000106f594c0+0x9dc]
J 4261 C2 htsjdk.samtools.BAMFileWriter.writeAlignment(Lhtsjdk/samtools/SAMRecord;)V (173 bytes) @ 0x0000000106f3d4e4 [0x0000000106f3d440+0xa4]
j  htsjdk.samtools.SAMFileWriterImpl.close()V+78
J 4372% C1 picard.sam.SortSam.doWork()I (257 bytes) @ 0x0000000106fae88c [0x0000000106facc80+0x1c0c]
j  picard.cmdline.CommandLineProgram.instanceMain([Ljava/lang/String;)I+1260
j  picard.analysis.directed.CollectTargetedMetricsTest.setupBuilder()V+563
v  ~StubRoutines::call_stub
j  sun.reflect.NativeMethodAccessorImpl.invoke0(Ljava/lang/reflect/Method;Ljava/lang/Object;[Ljava/lang/Object;)Ljava/lang/Object;+0
j  sun.reflect.NativeMethodAccessorImpl.invoke(Ljava/lang/Object;[Ljava/lang/Object;)Ljava/lang/Object;+100
J 1177 C1 sun.reflect.DelegatingMethodAccessorImpl.invoke(Ljava/lang/Object;[Ljava/lang/Object;)Ljava/lang/Object; (10 bytes) @ 0x0000000106465c8c [0x0000000106465b80+0x10c]
J 1176 C1 java.lang.reflect.Method.invoke(Ljava/lang/Object;[Ljava/lang/Object;)Ljava/lang/Object; (62 bytes) @ 0x000000010646371c [0x0000000106463320+0x3fc]
j  org.testng.internal.MethodInvocationHelper.invokeMethod(Ljava/lang/reflect/Method;Ljava/lang/Object;[Ljava/lang/Object;)Ljava/lang/Object;+424
j  org.testng.internal.MethodInvocationHelper.invokeMethodConsideringTimeout(Lorg/testng/ITestNGMethod;Lorg/testng/internal/ConstructorOrMethod;Ljava/lang/Object;[Ljava/lang/Object;Lorg/testng/ITestResult;)V+25
j  org.testng.internal.Invoker.invokeConfigurationMethod(Ljava/lang/Object;Lorg/testng/ITestNGMethod;[Ljava/lang/Object;Lorg/testng/ITestResult;)V+270
j  org.testng.internal.Invoker.invokeConfigurations(Lorg/testng/IClass;Lorg/testng/ITestNGMethod;[Lorg/testng/ITestNGMethod;Lorg/testng/xml/XmlSuite;Ljava/util/Map;[Ljava/lang/Object;Ljava/lang/Object;Lorg/testng/ITestResult;)V+753
j  org.testng.internal.Invoker.invokeConfigurations(Lorg/testng/IClass;[Lorg/testng/ITestNGMethod;Lorg/testng/xml/XmlSuite;Ljava/util/Map;[Ljava/lang/Object;Ljava/lang/Object;)V+17
j  org.testng.TestRunner.beforeRun()V+118
j  org.testng.TestRunner.run()V+5
j  org.testng.SuiteRunner.runTest(Lorg/testng/TestRunner;)V+5
j  org.testng.SuiteRunner.runSequentially()V+47
j  org.testng.SuiteRunner.privateRun()V+428
j  org.testng.SuiteRunner.run()V+16
j  org.testng.SuiteRunnerWorker.runSuite(Lorg/testng/internal/SuiteRunnerMap;Lorg/testng/xml/XmlSuite;)V+134
j  org.testng.SuiteRunnerWorker.run()V+16
j  org.testng.TestNG.runSuitesSequentially(Lorg/testng/xml/XmlSuite;Lorg/testng/internal/SuiteRunnerMap;ILjava/lang/String;)V+99
j  org.testng.TestNG.runSuitesLocally()Ljava/util/List;+282
j  org.testng.TestNG.runSuites()Ljava/util/List;+5
j  org.testng.TestNG.run()V+59
j  org.gradle.api.internal.tasks.testing.testng.TestNGTestClassProcessor.runTests()V+590
j  org.gradle.api.internal.tasks.testing.testng.TestNGTestClassProcessor.stop()V+5
j  org.gradle.api.internal.tasks.testing.SuiteTestClassProcessor.stop()V+8
v  ~StubRoutines::call_stub
j  sun.reflect.NativeMethodAccessorImpl.invoke0(Ljava/lang/reflect/Method;Ljava/lang/Object;[Ljava/lang/Object;)Ljava/lang/Object;+0
j  sun.reflect.NativeMethodAccessorImpl.invoke(Ljava/lang/Object;[Ljava/lang/Object;)Ljava/lang/Object;+100
J 1177 C1 sun.reflect.DelegatingMethodAccessorImpl.invoke(Ljava/lang/Object;[Ljava/lang/Object;)Ljava/lang/Object; (10 bytes) @ 0x0000000106465c8c [0x0000000106465b80+0x10c]
J 1176 C1 java.lang.reflect.Method.invoke(Ljava/lang/Object;[Ljava/lang/Object;)Ljava/lang/Object; (62 bytes) @ 0x000000010646371c [0x0000000106463320+0x3fc]
J 1211 C1 org.gradle.internal.dispatch.ReflectionDispatch.dispatch(Lorg/gradle/internal/dispatch/MethodInvocation;)V (76 bytes) @ 0x000000010648750c [0x0000000106487040+0x4cc]
J 1210 C1 org.gradle.internal.dispatch.ReflectionDispatch.dispatch(Ljava/lang/Object;)V (18 bytes) @ 0x0000000106486b44 [0x00000001064869a0+0x1a4]
j  org.gradle.internal.dispatch.ContextClassLoaderDispatch.dispatch(Ljava/lang/Object;)V+34
j  org.gradle.internal.dispatch.ProxyDispatchAdapter$DispatchingInvocationHandler.invoke(Ljava/lang/Object;Ljava/lang/reflect/Method;[Ljava/lang/Object;)Ljava/lang/Object;+288
j  com.sun.proxy.$Proxy2.stop()V+9
j  org.gradle.api.internal.tasks.testing.worker.TestWorker.stop()V+21
v  ~StubRoutines::call_stub
j  sun.reflect.NativeMethodAccessorImpl.invoke0(Ljava/lang/reflect/Method;Ljava/lang/Object;[Ljava/lang/Object;)Ljava/lang/Object;+0
j  sun.reflect.NativeMethodAccessorImpl.invoke(Ljava/lang/Object;[Ljava/lang/Object;)Ljava/lang/Object;+100
J 1177 C1 sun.reflect.DelegatingMethodAccessorImpl.invoke(Ljava/lang/Object;[Ljava/lang/Object;)Ljava/lang/Object; (10 bytes) @ 0x0000000106465c8c [0x0000000106465b80+0x10c]
J 1176 C1 java.lang.reflect.Method.invoke(Ljava/lang/Object;[Ljava/lang/Object;)Ljava/lang/Object; (62 bytes) @ 0x000000010646371c [0x0000000106463320+0x3fc]
J 1211 C1 org.gradle.internal.dispatch.ReflectionDispatch.dispatch(Lorg/gradle/internal/dispatch/MethodInvocation;)V (76 bytes) @ 0x000000010648750c [0x0000000106487040+0x4cc]
J 1210 C1 org.gradle.internal.dispatch.ReflectionDispatch.dispatch(Ljava/lang/Object;)V (18 bytes) @ 0x0000000106486b44 [0x00000001064869a0+0x1a4]
j  org.gradle.internal.remote.internal.hub.MessageHubBackedObjectConnection$DispatchWrapper.dispatch(Lorg/gradle/internal/dispatch/MethodInvocation;)V+9
j  org.gradle.internal.remote.internal.hub.MessageHubBackedObjectConnection$DispatchWrapper.dispatch(Ljava/lang/Object;)V+9
j  org.gradle.internal.remote.internal.hub.MessageHub$Handler.run()V+245
j  org.gradle.internal.concurrent.ExecutorPolicy$CatchAndRecordFailures.onExecute(Ljava/lang/Runnable;)V+5
j  org.gradle.internal.concurrent.ManagedExecutorImpl$1.run()V+33
j  java.util.concurrent.ThreadPoolExecutor.runWorker(Ljava/util/concurrent/ThreadPoolExecutor$Worker;)V+95
j  java.util.concurrent.ThreadPoolExecutor$Worker.run()V+5
j  org.gradle.internal.concurrent.ThreadFactoryImpl$ManagedThreadRunnable.run()V+15
j  java.lang.Thread.run()V+11
v  ~StubRoutines::call_stub

---------------  P R O C E S S  ---------------

Java Threads: ( => current thread )
  0x00007f910185b800 JavaThread "ForkJoinPool.commonPool-worker-7" daemon [_thread_blocked, id=40963, stack(0x000070000726d000,0x000070000736d000)]
  0x00007f9102746800 JavaThread "ForkJoinPool.commonPool-worker-5" daemon [_thread_blocked, id=41219, stack(0x000070000716a000,0x000070000726a000)]
  0x00007f910274c000 JavaThread "ForkJoinPool.commonPool-worker-6" daemon [_thread_blocked, id=41475, stack(0x0000700007067000,0x0000700007167000)]
  0x00007f91050a6000 JavaThread "ForkJoinPool.commonPool-worker-4" daemon [_thread_blocked, id=23811, stack(0x0000700006f64000,0x0000700007064000)]
  0x00007f9103861000 JavaThread "ForkJoinPool.commonPool-worker-3" daemon [_thread_blocked, id=41731, stack(0x0000700006e61000,0x0000700006f61000)]
  0x00007f9101b5b000 JavaThread "ForkJoinPool.commonPool-worker-2" daemon [_thread_blocked, id=23299, stack(0x0000700006d5e000,0x0000700006e5e000)]
  0x00007f9109687000 JavaThread "ForkJoinPool.commonPool-worker-1" daemon [_thread_blocked, id=22787, stack(0x0000700006c5b000,0x0000700006d5b000)]
  0x00007f9108948800 JavaThread "/0:0:0:0:0:0:0:1:63048 to /0:0:0:0:0:0:0:1:63047 workers Thread 3" [_thread_in_native, id=42499, stack(0x0000700006b58000,0x0000700006c58000)]
  0x00007f91056a9000 JavaThread "/0:0:0:0:0:0:0:1:63048 to /0:0:0:0:0:0:0:1:63047 workers Thread 2" [_thread_blocked, id=42755, stack(0x0000700006a55000,0x0000700006b55000)]
=>0x00007f910197b800 JavaThread "Test worker" [_thread_in_native, id=43267, stack(0x0000700006952000,0x0000700006a52000)]
  0x00007f91050fb000 JavaThread "Service Thread" daemon [_thread_blocked, id=16131, stack(0x000070000674c000,0x000070000684c000)]
  0x00007f910100b000 JavaThread "C1 CompilerThread3" daemon [_thread_blocked, id=15875, stack(0x0000700006649000,0x0000700006749000)]
  0x00007f9103009000 JavaThread "C2 CompilerThread2" daemon [_thread_in_native, id=15619, stack(0x0000700006546000,0x0000700006646000)]
  0x00007f91050e6800 JavaThread "C2 CompilerThread1" daemon [_thread_in_native, id=17155, stack(0x0000700006443000,0x0000700006543000)]
  0x00007f910493c000 JavaThread "C2 CompilerThread0" daemon [_thread_in_native, id=17411, stack(0x0000700006340000,0x0000700006440000)]
  0x00007f9105043000 JavaThread "Signal Dispatcher" daemon [_thread_blocked, id=17923, stack(0x000070000623d000,0x000070000633d000)]
  0x00007f9103014000 JavaThread "Finalizer" daemon [_thread_blocked, id=12547, stack(0x0000700006034000,0x0000700006134000)]
  0x00007f9103011000 JavaThread "Reference Handler" daemon [_thread_blocked, id=19459, stack(0x0000700005f31000,0x0000700006031000)]
  0x00007f9104808800 JavaThread "main" [_thread_blocked, id=5635, stack(0x0000700005513000,0x0000700005613000)]

Other Threads:
  0x00007f9104847800 VMThread [stack: 0x0000700005e2e000,0x0000700005f2e000] [id=19971]
  0x00007f91050fc000 WatcherThread [stack: 0x000070000684f000,0x000070000694f000] [id=22019]

VM state:not at safepoint (normal execution)

VM Mutex/Monitor currently owned by a thread: None

heap address: 0x0000000740000000, size: 2048 MB, Compressed Oops mode: Zero based, Oop shift amount: 3
Narrow klass base: 0x0000000000000000, Narrow klass shift: 3
Compressed class space size: 1073741824 Address: 0x00000007c0000000

Heap:
 PSYoungGen      total 305664K, used 112287K [0x0000000795580000, 0x00000007b0380000, 0x00000007c0000000)
  eden space 262144K, 37% used [0x0000000795580000,0x000000079b5412f0,0x00000007a5580000)
  from space 43520K, 32% used [0x00000007a5580000,0x00000007a6366ae8,0x00000007a8000000)
  to   space 43520K, 0% used [0x00000007ad900000,0x00000007ad900000,0x00000007b0380000)
 ParOldGen       total 699392K, used 14327K [0x0000000740000000, 0x000000076ab00000, 0x0000000795580000)
  object space 699392K, 2% used [0x0000000740000000,0x0000000740dfdda8,0x000000076ab00000)
 Metaspace       used 25716K, capacity 26258K, committed 26624K, reserved 1073152K
  class space    used 2782K, capacity 2962K, committed 3072K, reserved 1048576K

Card table byte_map: [0x0000000114fdb000,0x00000001153dc000] byte_map_base: 0x00000001115db000

Marking Bits: (ParMarkBitMap*) 0x0000000105d0edc8
 Begin Bits: [0x00000001153dc000, 0x00000001173dc000)
 End Bits:   [0x00000001173dc000, 0x00000001193dc000)

Polling page: 0x0000000103c40000

CodeCache: size=245760Kb used=16413Kb max_used=16436Kb free=229346Kb
 bounds [0x0000000105fdb000, 0x000000010700b000, 0x0000000114fdb000]
 total_blobs=4840 nmethods=4345 adapters=407
 compilation: enabled

Compilation events (10 events):
Event: 4.273 Thread 0x00007f9103009000 nmethod 4360 0x0000000106fdf350 code [0x0000000106fdf6c0, 0x0000000106fe43b8]
Event: 4.273 Thread 0x00007f9103009000 4381  s    4       htsjdk.samtools.util.AbstractProgressLogger::record (59 bytes)
Event: 4.278 Thread 0x00007f910493c000 nmethod 4311 0x0000000106ff0490 code [0x0000000106ff0a60, 0x0000000106ff6a98]
Event: 4.279 Thread 0x00007f910493c000 4312       4       htsjdk.samtools.util.SortingCollection::$jacocoInit (53 bytes)
Event: 4.279 Thread 0x00007f910493c000 nmethod 4312 0x0000000106f985d0 code [0x0000000106f98720, 0x0000000106f98798]
Event: 4.279 Thread 0x00007f910493c000 4383       4       htsjdk.samtools.util.SortingCollection$InMemoryIterator::$jacocoInit (52 bytes)
Event: 4.279 Thread 0x00007f910493c000 nmethod 4383 0x0000000106fa8bd0 code [0x0000000106fa8d20, 0x0000000106fa8d98]
Event: 4.279 Thread 0x00007f910493c000 4382       4       htsjdk.samtools.SAMRecord::getReferenceName (14 bytes)
Event: 4.279 Thread 0x00007f910493c000 nmethod 4382 0x0000000106fa8910 code [0x0000000106fa8a60, 0x0000000106fa8b18]
Event: 4.279 Thread 0x00007f910493c000 4361       4       htsjdk.samtools.BAMRecord::<init> (201 bytes)

GC Heap History (8 events):
Event: 1.552 GC heap before
{Heap before GC invocations=1 (full 0):
 PSYoungGen      total 305664K, used 262144K [0x0000000795580000, 0x00000007aaa80000, 0x00000007c0000000)
  eden space 262144K, 100% used [0x0000000795580000,0x00000007a5580000,0x00000007a5580000)
  from space 43520K, 0% used [0x00000007a8000000,0x00000007a8000000,0x00000007aaa80000)
  to   space 43520K, 0% used [0x00000007a5580000,0x00000007a5580000,0x00000007a8000000)
 ParOldGen       total 699392K, used 0K [0x0000000740000000, 0x000000076ab00000, 0x0000000795580000)
  object space 699392K, 0% used [0x0000000740000000,0x0000000740000000,0x000000076ab00000)
 Metaspace       used 15953K, capacity 16158K, committed 16384K, reserved 1064960K
  class space    used 1680K, capacity 1773K, committed 1792K, reserved 1048576K
Event: 1.561 GC heap after
Heap after GC invocations=1 (full 0):
 PSYoungGen      total 305664K, used 12455K [0x0000000795580000, 0x00000007aaa80000, 0x00000007c0000000)
  eden space 262144K, 0% used [0x0000000795580000,0x0000000795580000,0x00000007a5580000)
  from space 43520K, 28% used [0x00000007a5580000,0x00000007a61a9d60,0x00000007a8000000)
  to   space 43520K, 0% used [0x00000007a8000000,0x00000007a8000000,0x00000007aaa80000)
 ParOldGen       total 699392K, used 24K [0x0000000740000000, 0x000000076ab00000, 0x0000000795580000)
  object space 699392K, 0% used [0x0000000740000000,0x0000000740006000,0x000000076ab00000)
 Metaspace       used 15953K, capacity 16158K, committed 16384K, reserved 1064960K
  class space    used 1680K, capacity 1773K, committed 1792K, reserved 1048576K
}
Event: 2.105 GC heap before
{Heap before GC invocations=2 (full 0):
 PSYoungGen      total 305664K, used 147766K [0x0000000795580000, 0x00000007aaa80000, 0x00000007c0000000)
  eden space 262144K, 51% used [0x0000000795580000,0x000000079d9a3d50,0x00000007a5580000)
  from space 43520K, 28% used [0x00000007a5580000,0x00000007a61a9d60,0x00000007a8000000)
  to   space 43520K, 0% used [0x00000007a8000000,0x00000007a8000000,0x00000007aaa80000)
 ParOldGen       total 699392K, used 24K [0x0000000740000000, 0x000000076ab00000, 0x0000000795580000)
  object space 699392K, 0% used [0x0000000740000000,0x0000000740006000,0x000000076ab00000)
 Metaspace       used 20844K, capacity 21068K, committed 21296K, reserved 1069056K
  class space    used 2242K, capacity 2341K, committed 2432K, reserved 1048576K
Event: 2.116 GC heap after
Heap after GC invocations=2 (full 0):
 PSYoungGen      total 305664K, used 14648K [0x0000000795580000, 0x00000007baa80000, 0x00000007c0000000)
  eden space 262144K, 0% used [0x0000000795580000,0x0000000795580000,0x00000007a5580000)
  from space 43520K, 33% used [0x00000007a8000000,0x00000007a8e4e1e8,0x00000007aaa80000)
  to   space 43520K, 0% used [0x00000007a5580000,0x00000007a5580000,0x00000007a8000000)
 ParOldGen       total 699392K, used 40K [0x0000000740000000, 0x000000076ab00000, 0x0000000795580000)
  object space 699392K, 0% used [0x0000000740000000,0x000000074000a000,0x000000076ab00000)
 Metaspace       used 20844K, capacity 21068K, committed 21296K, reserved 1069056K
  class space    used 2242K, capacity 2341K, committed 2432K, reserved 1048576K
}
Event: 2.116 GC heap before
{Heap before GC invocations=3 (full 1):
 PSYoungGen      total 305664K, used 14648K [0x0000000795580000, 0x00000007baa80000, 0x00000007c0000000)
  eden space 262144K, 0% used [0x0000000795580000,0x0000000795580000,0x00000007a5580000)
  from space 43520K, 33% used [0x00000007a8000000,0x00000007a8e4e1e8,0x00000007aaa80000)
  to   space 43520K, 0% used [0x00000007a5580000,0x00000007a5580000,0x00000007a8000000)
 ParOldGen       total 699392K, used 40K [0x0000000740000000, 0x000000076ab00000, 0x0000000795580000)
  object space 699392K, 0% used [0x0000000740000000,0x000000074000a000,0x000000076ab00000)
 Metaspace       used 20844K, capacity 21068K, committed 21296K, reserved 1069056K
  class space    used 2242K, capacity 2341K, committed 2432K, reserved 1048576K
Event: 2.155 GC heap after
Heap after GC invocations=3 (full 1):
 PSYoungGen      total 305664K, used 0K [0x0000000795580000, 0x00000007baa80000, 0x00000007c0000000)
  eden space 262144K, 0% used [0x0000000795580000,0x0000000795580000,0x00000007a5580000)
  from space 43520K, 0% used [0x00000007a8000000,0x00000007a8000000,0x00000007aaa80000)
  to   space 43520K, 0% used [0x00000007a5580000,0x00000007a5580000,0x00000007a8000000)
 ParOldGen       total 699392K, used 14319K [0x0000000740000000, 0x000000076ab00000, 0x0000000795580000)
  object space 699392K, 2% used [0x0000000740000000,0x0000000740dfbda8,0x000000076ab00000)
 Metaspace       used 20844K, capacity 21068K, committed 21296K, reserved 1069056K
  class space    used 2242K, capacity 2341K, committed 2432K, reserved 1048576K
}
Event: 4.066 GC heap before
{Heap before GC invocations=4 (full 1):
 PSYoungGen      total 305664K, used 262144K [0x0000000795580000, 0x00000007baa80000, 0x00000007c0000000)
  eden space 262144K, 100% used [0x0000000795580000,0x00000007a5580000,0x00000007a5580000)
  from space 43520K, 0% used [0x00000007a8000000,0x00000007a8000000,0x00000007aaa80000)
  to   space 43520K, 0% used [0x00000007a5580000,0x00000007a5580000,0x00000007a8000000)
 ParOldGen       total 699392K, used 14319K [0x0000000740000000, 0x000000076ab00000, 0x0000000795580000)
  object space 699392K, 2% used [0x0000000740000000,0x0000000740dfbda8,0x000000076ab00000)
 Metaspace       used 25580K, capacity 26034K, committed 26240K, reserved 1073152K
  class space    used 2770K, capacity 2930K, committed 2944K, reserved 1048576K
Event: 4.074 GC heap after
Heap after GC invocations=4 (full 1):
 PSYoungGen      total 305664K, used 14234K [0x0000000795580000, 0x00000007b0380000, 0x00000007c0000000)
  eden space 262144K, 0% used [0x0000000795580000,0x0000000795580000,0x00000007a5580000)
  from space 43520K, 32% used [0x00000007a5580000,0x00000007a6366ae8,0x00000007a8000000)
  to   space 43520K, 0% used [0x00000007ad900000,0x00000007ad900000,0x00000007b0380000)
 ParOldGen       total 699392K, used 14327K [0x0000000740000000, 0x000000076ab00000, 0x0000000795580000)
  object space 699392K, 2% used [0x0000000740000000,0x0000000740dfdda8,0x000000076ab00000)
 Metaspace       used 25580K, capacity 26034K, committed 26240K, reserved 1073152K
  class space    used 2770K, capacity 2930K, committed 2944K, reserved 1048576K
}

Deoptimization events (10 events):
Event: 3.284 Thread 0x00007f910197b800 Uncommon trap: reason=array_check action=maybe_recompile pc=0x0000000106da9a08 method=java.util.AbstractCollection.toArray([Ljava/lang/Object;)[Ljava/lang/Object; @ 119
Event: 3.284 Thread 0x00007f910197b800 Uncommon trap: reason=array_check action=maybe_recompile pc=0x0000000106da9a08 method=java.util.AbstractCollection.toArray([Ljava/lang/Object;)[Ljava/lang/Object; @ 119
Event: 3.306 Thread 0x00007f910197b800 Uncommon trap: reason=unstable_if action=reinterpret pc=0x0000000106d4c7d8 method=htsjdk.samtools.util.SequenceUtil.isNoCall(B)Z @ 7
Event: 3.308 Thread 0x00007f910197b800 Uncommon trap: reason=unstable_if action=reinterpret pc=0x0000000106de4d34 method=htsjdk.samtools.util.SequenceUtil.isNoCall(B)Z @ 7
Event: 4.028 Thread 0x00007f910197b800 Uncommon trap: reason=unstable_if action=reinterpret pc=0x0000000106f33f1c method=picard.analysis.directed.CollectTargetedMetricsTest.setupBuilder()V @ 417
Event: 4.033 Thread 0x00007f910197b800 Uncommon trap: reason=array_check action=maybe_recompile pc=0x0000000106f39e70 method=htsjdk.samtools.util.SortingCollection.add(Ljava/lang/Object;)V @ 266
Event: 4.033 Thread 0x00007f910197b800 Uncommon trap: reason=array_check action=maybe_recompile pc=0x0000000106f39e70 method=htsjdk.samtools.util.SortingCollection.add(Ljava/lang/Object;)V @ 266
Event: 4.033 Thread 0x00007f910197b800 Uncommon trap: reason=array_check action=maybe_recompile pc=0x0000000106f39e70 method=htsjdk.samtools.util.SortingCollection.add(Ljava/lang/Object;)V @ 266
Event: 4.033 Thread 0x00007f910197b800 Uncommon trap: reason=array_check action=maybe_recompile pc=0x0000000106f39e70 method=htsjdk.samtools.util.SortingCollection.add(Ljava/lang/Object;)V @ 266
Event: 4.270 Thread 0x00007f910197b800 Uncommon trap: reason=null_check action=make_not_entrant pc=0x0000000106f8b818 method=htsjdk.samtools.util.AbstractProgressLogger.record(Ljava/lang/String;ILjava/lang/String;)Z @ 23

Classes redefined (0 events):
No events

Internal exceptions (10 events):
Event: 4.031 Thread 0x00007f910197b800 Exception <a 'sun/nio/fs/UnixException'> (0x00000007a49ca8b0) thrown at [/Users/jenkins/workspace/build-scripts/jobs/jdk8u/jdk8u-mac-x64-hotspot/workspace/build/src/hotspot/src/share/vm/prims/jni.cpp, line 711]
Event: 4.032 Thread 0x00007f910197b800 Exception <a 'sun/nio/fs/UnixException'> (0x00000007a4a3c940) thrown at [/Users/jenkins/workspace/build-scripts/jobs/jdk8u/jdk8u-mac-x64-hotspot/workspace/build/src/hotspot/src/share/vm/prims/jni.cpp, line 711]
Event: 4.032 Thread 0x00007f910197b800 Exception <a 'sun/nio/fs/UnixException'> (0x00000007a4a3d980) thrown at [/Users/jenkins/workspace/build-scripts/jobs/jdk8u/jdk8u-mac-x64-hotspot/workspace/build/src/hotspot/src/share/vm/prims/jni.cpp, line 711]
Event: 4.032 Thread 0x00007f910197b800 Exception <a 'sun/nio/fs/UnixException'> (0x00000007a4a3ebf8) thrown at [/Users/jenkins/workspace/build-scripts/jobs/jdk8u/jdk8u-mac-x64-hotspot/workspace/build/src/hotspot/src/share/vm/prims/jni.cpp, line 711]
Event: 4.032 Thread 0x00007f910197b800 Exception <a 'sun/nio/fs/UnixException'> (0x00000007a4a3fe78) thrown at [/Users/jenkins/workspace/build-scripts/jobs/jdk8u/jdk8u-mac-x64-hotspot/workspace/build/src/hotspot/src/share/vm/prims/jni.cpp, line 711]
Event: 4.032 Thread 0x00007f910197b800 Exception <a 'sun/nio/fs/UnixException'> (0x00000007a4a41598) thrown at [/Users/jenkins/workspace/build-scripts/jobs/jdk8u/jdk8u-mac-x64-hotspot/workspace/build/src/hotspot/src/share/vm/prims/jni.cpp, line 711]
Event: 4.032 Thread 0x00007f910197b800 Exception <a 'sun/nio/fs/UnixException'> (0x00000007a4a425f8) thrown at [/Users/jenkins/workspace/build-scripts/jobs/jdk8u/jdk8u-mac-x64-hotspot/workspace/build/src/hotspot/src/share/vm/prims/jni.cpp, line 711]
Event: 4.032 Thread 0x00007f910197b800 Exception <a 'sun/nio/fs/UnixException'> (0x00000007a4a43890) thrown at [/Users/jenkins/workspace/build-scripts/jobs/jdk8u/jdk8u-mac-x64-hotspot/workspace/build/src/hotspot/src/share/vm/prims/jni.cpp, line 711]
Event: 4.032 Thread 0x00007f910197b800 Exception <a 'sun/nio/fs/UnixException'> (0x00000007a4a44b30) thrown at [/Users/jenkins/workspace/build-scripts/jobs/jdk8u/jdk8u-mac-x64-hotspot/workspace/build/src/hotspot/src/share/vm/prims/jni.cpp, line 711]
Event: 4.270 Thread 0x00007f910197b800 Implicit null exception at 0x0000000106f8adae to 0x0000000106f8b7f9

Events (10 events):
Event: 4.259 Thread 0x00007f9103861000 Thread added: 0x00007f9103861000
Event: 4.259 Thread 0x00007f91050a6000 Thread added: 0x00007f91050a6000
Event: 4.259 loading class java/util/ArraysParallelSortHelpers$EmptyCompleter
Event: 4.259 Thread 0x00007f910274c000 Thread added: 0x00007f910274c000
Event: 4.259 loading class java/util/ArraysParallelSortHelpers$EmptyCompleter done
Event: 4.260 Thread 0x00007f9102746800 Thread added: 0x00007f9102746800
Event: 4.265 Thread 0x00007f910185b800 Thread added: 0x00007f910185b800
Event: 4.270 Thread 0x00007f910197b800 Uncommon trap: trap_request=0xfffffff4 fr.pc=0x0000000106f8b818
Event: 4.270 Thread 0x00007f910197b800 DEOPT PACKING pc=0x0000000106f8b818 sp=0x0000700006a4ef70
Event: 4.270 Thread 0x00007f910197b800 DEOPT UNPACKING pc=0x000000010602047a sp=0x0000700006a4ef10 mode 2


Dynamic libraries:
0x00007fff31a12000 	/System/Library/Frameworks/Cocoa.framework/Versions/A/Cocoa
0x00007fff3f207000 	/System/Library/Frameworks/Security.framework/Versions/A/Security
0x00007fff30977000 	/System/Library/Frameworks/ApplicationServices.framework/Versions/A/ApplicationServices
0x00007fff6bd2a000 	/usr/lib/libz.1.dylib
0x00007fff697ee000 	/usr/lib/libSystem.B.dylib
0x00007fff328b4000 	/System/Library/Frameworks/CoreFoundation.framework/Versions/A/CoreFoundation
0x00007fff34f71000 	/System/Library/Frameworks/Foundation.framework/Versions/C/Foundation
0x00007fff6b64e000 	/usr/lib/libobjc.A.dylib
0x00007fff2fb67000 	/System/Library/Frameworks/AppKit.framework/Versions/C/AppKit
0x00007fff32396000 	/System/Library/Frameworks/CoreData.framework/Versions/A/CoreData
0x00007fff63804000 	/System/Library/PrivateFrameworks/UIFoundation.framework/Versions/A/UIFoundation
0x00007fff5e898000 	/System/Library/PrivateFrameworks/RemoteViewServices.framework/Versions/A/RemoteViewServices
0x00007fff6635e000 	/System/Library/PrivateFrameworks/XCTTargetBootstrap.framework/Versions/A/XCTTargetBootstrap
0x00007fff32781000 	/System/Library/Frameworks/CoreDisplay.framework/Versions/A/CoreDisplay
0x00007fff37e2b000 	/System/Library/Frameworks/Metal.framework/Versions/A/Metal
0x00007fff4c89b000 	/System/Library/PrivateFrameworks/DesktopServicesPriv.framework/Versions/A/DesktopServicesPriv
0x00007fff6a929000 	/usr/lib/liblangid.dylib
0x00007fff4bb30000 	/System/Library/PrivateFrameworks/CoreSVG.framework/Versions/A/CoreSVG
0x00007fff619f4000 	/System/Library/PrivateFrameworks/SkyLight.framework/Versions/A/SkyLight
0x00007fff32d35000 	/System/Library/Frameworks/CoreGraphics.framework/Versions/A/CoreGraphics
0x00007fff2e53b000 	/System/Library/Frameworks/Accelerate.framework/Versions/A/Accelerate
0x00007fff6bc1b000 	/usr/lib/libxml2.2.dylib
0x00007fff57823000 	/System/Library/PrivateFrameworks/IconServices.framework/Versions/A/IconServices
0x00007fff35750000 	/System/Library/Frameworks/IOSurface.framework/Versions/A/IOSurface
0x00007fff69318000 	/usr/lib/libDiagnosticMessagesClient.dylib
0x00007fff4c6f5000 	/System/Library/PrivateFrameworks/DFRFoundation.framework/Versions/A/DFRFoundation
0x00007fff6a6b8000 	/usr/lib/libicucore.A.dylib
0x00007fff30ca9000 	/System/Library/Frameworks/AudioToolbox.framework/Versions/A/AudioToolbox
0x00007fff30d8c000 	/System/Library/Frameworks/AudioUnit.framework/Versions/A/AudioUnit
0x00007fff699f0000 	/usr/lib/libauto.dylib
0x00007fff4c797000 	/System/Library/PrivateFrameworks/DataDetectorsCore.framework/Versions/A/DataDetectorsCore
0x00007fff31533000 	/System/Library/Frameworks/Carbon.framework/Versions/A/Frameworks/HIToolbox.framework/Versions/A/HIToolbox
0x00007fff3e403000 	/System/Library/Frameworks/QuartzCore.framework/Versions/A/QuartzCore
0x00007fff31872000 	/System/Library/Frameworks/Carbon.framework/Versions/A/Frameworks/SpeechRecognition.framework/Versions/A/SpeechRecognition
0x00007fff4c209000 	/System/Library/PrivateFrameworks/CoreUI.framework/Versions/A/CoreUI
0x00007fff31e01000 	/System/Library/Frameworks/CoreAudio.framework/Versions/A/CoreAudio
0x00007fff34c30000 	/System/Library/Frameworks/DiskArbitration.framework/Versions/A/DiskArbitration
0x00007fff59873000 	/System/Library/PrivateFrameworks/MultitouchSupport.framework/Versions/A/MultitouchSupport
0x00007fff6a57f000 	/usr/lib/libenergytrace.dylib
0x00007fff356aa000 	/System/Library/Frameworks/IOKit.framework/Versions/A/IOKit
0x00007fff33c9c000 	/System/Library/Frameworks/CoreServices.framework/Versions/A/CoreServices
0x00007fff5ba2b000 	/System/Library/PrivateFrameworks/PerformanceAnalysis.framework/Versions/A/PerformanceAnalysis
0x00007fff3d436000 	/System/Library/Frameworks/OpenGL.framework/Versions/A/OpenGL
0x00007fff31a20000 	/System/Library/Frameworks/ColorSync.framework/Versions/A/ColorSync
0x00007fff333b8000 	/System/Library/Frameworks/CoreImage.framework/Versions/A/CoreImage
0x00007fff3470f000 	/System/Library/Frameworks/CoreText.framework/Versions/A/CoreText
0x00007fff357e0000 	/System/Library/Frameworks/ImageIO.framework/Versions/A/ImageIO
0x00007fff69ad4000 	/usr/lib/libc++.1.dylib
0x00007fff69b50000 	/usr/lib/libcompression.dylib
0x00007fff6965c000 	/usr/lib/libMobileGestalt.dylib
0x00007fff6356e000 	/System/Library/PrivateFrameworks/TextureIO.framework/Versions/A/TextureIO
0x00007fff69953000 	/usr/lib/libate.dylib
0x00007fff57a2c000 	/System/Library/PrivateFrameworks/InternationalSupport.framework/Versions/A/InternationalSupport
0x00007fff6c5eb000 	/usr/lib/system/libcache.dylib
0x00007fff6c5f1000 	/usr/lib/system/libcommonCrypto.dylib
0x00007fff6c5fd000 	/usr/lib/system/libcompiler_rt.dylib
0x00007fff6c605000 	/usr/lib/system/libcopyfile.dylib
0x00007fff6c60f000 	/usr/lib/system/libcorecrypto.dylib
0x00007fff6c7ae000 	/usr/lib/system/libdispatch.dylib
0x00007fff6c7ef000 	/usr/lib/system/libdyld.dylib
0x00007fff6c826000 	/usr/lib/system/libkeymgr.dylib
0x00007fff6c834000 	/usr/lib/system/liblaunch.dylib
0x00007fff6c835000 	/usr/lib/system/libmacho.dylib
0x00007fff6c83b000 	/usr/lib/system/libquarantine.dylib
0x00007fff6c83e000 	/usr/lib/system/libremovefile.dylib
0x00007fff6c840000 	/usr/lib/system/libsystem_asl.dylib
0x00007fff6c858000 	/usr/lib/system/libsystem_blocks.dylib
0x00007fff6c859000 	/usr/lib/system/libsystem_c.dylib
0x00007fff6c8e1000 	/usr/lib/system/libsystem_configuration.dylib
0x00007fff6c8e5000 	/usr/lib/system/libsystem_coreservices.dylib
0x00007fff6c8e9000 	/usr/lib/system/libsystem_darwin.dylib
0x00007fff6c8f2000 	/usr/lib/system/libsystem_dnssd.dylib
0x00007fff6c8fa000 	/usr/lib/system/libsystem_featureflags.dylib
0x00007fff6c8fc000 	/usr/lib/system/libsystem_info.dylib
0x00007fff6c977000 	/usr/lib/system/libsystem_m.dylib
0x00007fff6c9bf000 	/usr/lib/system/libsystem_malloc.dylib
0x00007fff6c9e7000 	/usr/lib/system/libsystem_networkextension.dylib
0x00007fff6c9f5000 	/usr/lib/system/libsystem_notify.dylib
0x00007fff6ca13000 	/usr/lib/system/libsystem_sandbox.dylib
0x00007fff6ca18000 	/usr/lib/system/libsystem_secinit.dylib
0x00007fff6c94a000 	/usr/lib/system/libsystem_kernel.dylib
0x00007fff6c9ff000 	/usr/lib/system/libsystem_platform.dylib
0x00007fff6ca08000 	/usr/lib/system/libsystem_pthread.dylib
0x00007fff6ca1b000 	/usr/lib/system/libsystem_symptoms.dylib
0x00007fff6ca23000 	/usr/lib/system/libsystem_trace.dylib
0x00007fff6ca3b000 	/usr/lib/system/libunwind.dylib
0x00007fff6ca41000 	/usr/lib/system/libxpc.dylib
0x00007fff69b27000 	/usr/lib/libc++abi.dylib
0x00007fff6a92b000 	/usr/lib/liblzma.5.dylib
0x00007fff6a5a6000 	/usr/lib/libfakelink.dylib
0x00007fff698e0000 	/usr/lib/libarchive.2.dylib
0x00007fff402b8000 	/System/Library/Frameworks/SystemConfiguration.framework/Versions/A/SystemConfiguration
0x00007fff6924b000 	/usr/lib/libCRFSuite.dylib
0x00007fff31123000 	/System/Library/Frameworks/CFNetwork.framework/Versions/A/CFNetwork
0x00007fff69ab6000 	/usr/lib/libbsm.0.dylib
0x00007fff6c827000 	/usr/lib/system/libkxld.dylib
0x00007fff46072000 	/System/Library/PrivateFrameworks/AppleFSCompression.framework/Versions/A/AppleFSCompression
0x00007fff69e41000 	/usr/lib/libcoretls.dylib
0x00007fff69e58000 	/usr/lib/libcoretls_cfhelpers.dylib
0x00007fff6b694000 	/usr/lib/libpam.2.dylib
0x00007fff6b7c9000 	/usr/lib/libsqlite3.dylib
0x00007fff6bc08000 	/usr/lib/libxar.1.dylib
0x00007fff69ac7000 	/usr/lib/libbz2.1.0.dylib
0x00007fff6a5c7000 	/usr/lib/libiconv.2.dylib
0x00007fff69b3d000 	/usr/lib/libcharset.1.dylib
0x00007fff6b131000 	/usr/lib/libnetwork.dylib
0x00007fff6b69b000 	/usr/lib/libpcap.A.dylib
0x00007fff69895000 	/usr/lib/libapple_nghttp2.dylib
0x00007fff34053000 	/System/Library/Frameworks/CoreServices.framework/Versions/A/Frameworks/FSEvents.framework/Versions/A/FSEvents
0x00007fff33d23000 	/System/Library/Frameworks/CoreServices.framework/Versions/A/Frameworks/CarbonCore.framework/Versions/A/CarbonCore
0x00007fff34297000 	/System/Library/Frameworks/CoreServices.framework/Versions/A/Frameworks/Metadata.framework/Versions/A/Metadata
0x00007fff34330000 	/System/Library/Frameworks/CoreServices.framework/Versions/A/Frameworks/OSServices.framework/Versions/A/OSServices
0x00007fff3435e000 	/System/Library/Frameworks/CoreServices.framework/Versions/A/Frameworks/SearchKit.framework/Versions/A/SearchKit
0x00007fff33c9d000 	/System/Library/Frameworks/CoreServices.framework/Versions/A/Frameworks/AE.framework/Versions/A/AE
0x00007fff3405c000 	/System/Library/Frameworks/CoreServices.framework/Versions/A/Frameworks/LaunchServices.framework/Versions/A/LaunchServices
0x00007fff34005000 	/System/Library/Frameworks/CoreServices.framework/Versions/A/Frameworks/DictionaryServices.framework/Versions/A/DictionaryServices
0x00007fff343c6000 	/System/Library/Frameworks/CoreServices.framework/Versions/A/Frameworks/SharedFileList.framework/Versions/A/SharedFileList
0x00007fff39255000 	/System/Library/Frameworks/NetFS.framework/Versions/A/NetFS
0x00007fff59da3000 	/System/Library/PrivateFrameworks/NetAuth.framework/Versions/A/NetAuth
0x00007fff6672b000 	/System/Library/PrivateFrameworks/login.framework/Versions/A/Frameworks/loginsupport.framework/Versions/A/loginsupport
0x00007fff63039000 	/System/Library/PrivateFrameworks/TCC.framework/Versions/A/TCC
0x00007fff4aca3000 	/System/Library/PrivateFrameworks/CoreNLP.framework/Versions/A/CoreNLP
0x00007fff592a0000 	/System/Library/PrivateFrameworks/MetadataUtilities.framework/Versions/A/MetadataUtilities
0x00007fff6aa03000 	/usr/lib/libmecabra.dylib
0x00007fff6a95b000 	/usr/lib/libmecab.dylib
0x00007fff6a5b7000 	/usr/lib/libgermantok.dylib
0x00007fff6987c000 	/usr/lib/libThaiTokenizer.dylib
0x00007fff69282000 	/usr/lib/libChineseTokenizer.dylib
0x00007fff2e553000 	/System/Library/Frameworks/Accelerate.framework/Versions/A/Frameworks/vImage.framework/Versions/A/vImage
0x00007fff2f9bd000 	/System/Library/Frameworks/Accelerate.framework/Versions/A/Frameworks/vecLib.framework/Versions/A/vecLib
0x00007fff2f8fa000 	/System/Library/Frameworks/Accelerate.framework/Versions/A/Frameworks/vecLib.framework/Versions/A/libvMisc.dylib
0x00007fff2f722000 	/System/Library/Frameworks/Accelerate.framework/Versions/A/Frameworks/vecLib.framework/Versions/A/libvDSP.dylib
0x00007fff2ebaa000 	/System/Library/Frameworks/Accelerate.framework/Versions/A/Frameworks/vecLib.framework/Versions/A/libBLAS.dylib
0x00007fff2f2e6000 	/System/Library/Frameworks/Accelerate.framework/Versions/A/Frameworks/vecLib.framework/Versions/A/libLAPACK.dylib
0x00007fff2f682000 	/System/Library/Frameworks/Accelerate.framework/Versions/A/Frameworks/vecLib.framework/Versions/A/libLinearAlgebra.dylib
0x00007fff2f70f000 	/System/Library/Frameworks/Accelerate.framework/Versions/A/Frameworks/vecLib.framework/Versions/A/libSparseBLAS.dylib
0x00007fff2f698000 	/System/Library/Frameworks/Accelerate.framework/Versions/A/Frameworks/vecLib.framework/Versions/A/libQuadrature.dylib
0x00007fff2ee12000 	/System/Library/Frameworks/Accelerate.framework/Versions/A/Frameworks/vecLib.framework/Versions/A/libBNNS.dylib
0x00007fff2f69e000 	/System/Library/Frameworks/Accelerate.framework/Versions/A/Frameworks/vecLib.framework/Versions/A/libSparse.dylib
0x00007fff57e14000 	/System/Library/PrivateFrameworks/LanguageModeling.framework/Versions/A/LanguageModeling
0x00007fff4a653000 	/System/Library/PrivateFrameworks/CoreEmoji.framework/Versions/A/CoreEmoji
0x00007fff57f32000 	/System/Library/PrivateFrameworks/LinguisticData.framework/Versions/A/LinguisticData
0x00007fff57ee3000 	/System/Library/PrivateFrameworks/Lexicon.framework/Versions/A/Lexicon
0x00007fff69b3e000 	/usr/lib/libcmph.dylib
0x00007fff3be44000 	/System/Library/Frameworks/OpenDirectory.framework/Versions/A/Frameworks/CFOpenDirectory.framework/Versions/A/CFOpenDirectory
0x00007fff3be61000 	/System/Library/Frameworks/OpenDirectory.framework/Versions/A/OpenDirectory
0x00007fff442a2000 	/System/Library/PrivateFrameworks/APFS.framework/Versions/A/APFS
0x00007fff3f551000 	/System/Library/Frameworks/SecurityFoundation.framework/Versions/A/SecurityFoundation
0x00007fff6bc04000 	/usr/lib/libutil.dylib
0x00007fff4bb88000 	/System/Library/PrivateFrameworks/CoreServicesStore.framework/Versions/A/CoreServicesStore
0x00007fff3f608000 	/System/Library/Frameworks/ServiceManagement.framework/Versions/A/ServiceManagement
0x00007fff47842000 	/System/Library/PrivateFrameworks/BackgroundTaskManagement.framework/Versions/A/BackgroundTaskManagement
0x00007fff6bd01000 	/usr/lib/libxslt.1.dylib
0x00007fff466e5000 	/System/Library/PrivateFrameworks/AppleSystemInfo.framework/Versions/A/AppleSystemInfo
0x00007fff359fb000 	/System/Library/Frameworks/ImageIO.framework/Versions/A/Resources/libJPEG.dylib
0x00007fff35cb9000 	/System/Library/Frameworks/ImageIO.framework/Versions/A/Resources/libTIFF.dylib
0x00007fff35c9c000 	/System/Library/Frameworks/ImageIO.framework/Versions/A/Resources/libPng.dylib
0x00007fff3593d000 	/System/Library/Frameworks/ImageIO.framework/Versions/A/Resources/libGIF.dylib
0x00007fff35941000 	/System/Library/Frameworks/ImageIO.framework/Versions/A/Resources/libJP2.dylib
0x00007fff35cb7000 	/System/Library/Frameworks/ImageIO.framework/Versions/A/Resources/libRadiance.dylib
0x00007fff6a580000 	/usr/lib/libexpat.1.dylib
0x00007fff461cd000 	/System/Library/PrivateFrameworks/AppleJPEG.framework/Versions/A/AppleJPEG
0x00007fff4ee88000 	/System/Library/PrivateFrameworks/FontServices.framework/libFontParser.dylib
0x00007fff6572d000 	/System/Library/PrivateFrameworks/WatchdogClient.framework/Versions/A/WatchdogClient
0x00007fff5746f000 	/System/Library/PrivateFrameworks/IOAccelerator.framework/Versions/A/IOAccelerator
0x00007fff381c6000 	/System/Library/Frameworks/MetalPerformanceShaders.framework/Versions/A/MetalPerformanceShaders
0x00007fff53c05000 	/System/Library/PrivateFrameworks/GPUWrangler.framework/Versions/A/GPUWrangler
0x00007fff57484000 	/System/Library/PrivateFrameworks/IOPresentment.framework/Versions/A/IOPresentment
0x00007fff4c708000 	/System/Library/PrivateFrameworks/DSExternalDisplay.framework/Versions/A/DSExternalDisplay
0x00007fff3c7d5000 	/System/Library/Frameworks/OpenGL.framework/Versions/A/Libraries/libCoreFSCache.dylib
0x00007fff37f12000 	/System/Library/Frameworks/MetalPerformanceShaders.framework/Frameworks/MPSCore.framework/Versions/A/MPSCore
0x00007fff37f50000 	/System/Library/Frameworks/MetalPerformanceShaders.framework/Frameworks/MPSImage.framework/Versions/A/MPSImage
0x00007fff38017000 	/System/Library/Frameworks/MetalPerformanceShaders.framework/Frameworks/MPSNeuralNetwork.framework/Versions/A/MPSNeuralNetwork
0x00007fff37fdb000 	/System/Library/Frameworks/MetalPerformanceShaders.framework/Frameworks/MPSMatrix.framework/Versions/A/MPSMatrix
0x00007fff38176000 	/System/Library/Frameworks/MetalPerformanceShaders.framework/Frameworks/MPSRayIntersector.framework/Versions/A/MPSRayIntersector
0x00007fff38001000 	/System/Library/Frameworks/MetalPerformanceShaders.framework/Frameworks/MPSNDArray.framework/Versions/A/MPSNDArray
0x00007fff592ed000 	/System/Library/PrivateFrameworks/MetalTools.framework/Versions/A/MetalTools
0x00007fff4547c000 	/System/Library/PrivateFrameworks/AggregateDictionary.framework/Versions/A/AggregateDictionary
0x00007fff4a09b000 	/System/Library/PrivateFrameworks/CoreAnalytics.framework/Versions/A/CoreAnalytics
0x00007fff46604000 	/System/Library/PrivateFrameworks/AppleSauce.framework/Versions/A/AppleSauce
0x00007fff6953e000 	/usr/lib/libIOReport.dylib
0x00007fff348c7000 	/System/Library/Frameworks/CoreVideo.framework/Versions/A/CoreVideo
0x00007fff5507e000 	/System/Library/PrivateFrameworks/GraphVisualizer.framework/Versions/A/GraphVisualizer
0x00007fff4e3ce000 	/System/Library/PrivateFrameworks/FaceCore.framework/Versions/A/FaceCore
0x00007fff3bdeb000 	/System/Library/Frameworks/OpenCL.framework/Versions/A/OpenCL
0x00007fff69360000 	/usr/lib/libFosl_dynamic.dylib
0x00007fff5a7c3000 	/System/Library/PrivateFrameworks/OTSVG.framework/Versions/A/OTSVG
0x00007fff30a7c000 	/System/Library/Frameworks/ApplicationServices.framework/Versions/A/Frameworks/ATS.framework/Versions/A/Resources/libFontRegistry.dylib
0x00007fff4f059000 	/System/Library/PrivateFrameworks/FontServices.framework/libhvf.dylib
0x00007fff3c7e0000 	/System/Library/Frameworks/OpenGL.framework/Versions/A/Libraries/libGFXShared.dylib
0x00007fff3c9be000 	/System/Library/Frameworks/OpenGL.framework/Versions/A/Libraries/libGLU.dylib
0x00007fff3c7e9000 	/System/Library/Frameworks/OpenGL.framework/Versions/A/Libraries/libGL.dylib
0x00007fff3c7f4000 	/System/Library/Frameworks/OpenGL.framework/Versions/A/Libraries/libGLImage.dylib
0x00007fff3c7d2000 	/System/Library/Frameworks/OpenGL.framework/Versions/A/Libraries/libCVMSPluginSupport.dylib
0x00007fff3c7db000 	/System/Library/Frameworks/OpenGL.framework/Versions/A/Libraries/libCoreVMClient.dylib
0x00007fff6afd2000 	/usr/lib/libncurses.5.4.dylib
0x00007fff30978000 	/System/Library/Frameworks/ApplicationServices.framework/Versions/A/Frameworks/ATS.framework/Versions/A/ATS
0x00007fff30b45000 	/System/Library/Frameworks/ApplicationServices.framework/Versions/A/Frameworks/ColorSyncLegacy.framework/Versions/A/ColorSyncLegacy
0x00007fff30be3000 	/System/Library/Frameworks/ApplicationServices.framework/Versions/A/Frameworks/HIServices.framework/Versions/A/HIServices
0x00007fff30c3b000 	/System/Library/Frameworks/ApplicationServices.framework/Versions/A/Frameworks/LangAnalysis.framework/Versions/A/LangAnalysis
0x00007fff30c4a000 	/System/Library/Frameworks/ApplicationServices.framework/Versions/A/Frameworks/PrintCore.framework/Versions/A/PrintCore
0x00007fff30c90000 	/System/Library/Frameworks/ApplicationServices.framework/Versions/A/Frameworks/QD.framework/Versions/A/QD
0x00007fff30c9b000 	/System/Library/Frameworks/ApplicationServices.framework/Versions/A/Frameworks/SpeechSynthesis.framework/Versions/A/SpeechSynthesis
0x00007fff30b15000 	/System/Library/Frameworks/ApplicationServices.framework/Versions/A/Frameworks/ATSUI.framework/Versions/A/ATSUI
0x00007fff6a416000 	/usr/lib/libcups.2.dylib
0x00007fff37261000 	/System/Library/Frameworks/Kerberos.framework/Versions/A/Kerberos
0x00007fff353a3000 	/System/Library/Frameworks/GSS.framework/Versions/A/GSS
0x00007fff6b755000 	/usr/lib/libresolv.9.dylib
0x00007fff5522b000 	/System/Library/PrivateFrameworks/Heimdal.framework/Versions/A/Heimdal
0x00007fff37274000 	/System/Library/Frameworks/Kerberos.framework/Versions/A/Libraries/libHeimdalProxy.dylib
0x00007fff6a5bd000 	/usr/lib/libheimdal-asn1.dylib
0x00007fff49533000 	/System/Library/PrivateFrameworks/CommonAuth.framework/Versions/A/CommonAuth
0x00007fff46782000 	/System/Library/PrivateFrameworks/AssertionServices.framework/Versions/A/AssertionServices
0x00007fff47325000 	/System/Library/PrivateFrameworks/AudioToolboxCore.framework/Versions/A/AudioToolboxCore
0x00007fff663db000 	/System/Library/PrivateFrameworks/caulk.framework/Versions/A/caulk
0x00007fff478ee000 	/System/Library/PrivateFrameworks/BaseBoard.framework/Versions/A/BaseBoard
0x00007fff5ea26000 	/System/Library/PrivateFrameworks/RunningBoardServices.framework/Versions/A/RunningBoardServices
0x00007fff5ba37000 	/System/Library/PrivateFrameworks/PersistentConnection.framework/Versions/A/PersistentConnection
0x00007fff5e41f000 	/System/Library/PrivateFrameworks/ProtocolBuffer.framework/Versions/A/ProtocolBuffer
0x00007fff49557000 	/System/Library/PrivateFrameworks/CommonUtilities.framework/Versions/A/CommonUtilities
0x00007fff47a7c000 	/System/Library/PrivateFrameworks/Bom.framework/Versions/A/Bom
0x00007fff69211000 	/usr/lib/libAudioToolboxUtility.dylib
0x00007fff4784c000 	/System/Library/PrivateFrameworks/Backup.framework/Versions/A/Backup
0x00007fff4c629000 	/System/Library/PrivateFrameworks/CrashReporterSupport.framework/Versions/A/CrashReporterSupport
0x00007fff604b8000 	/System/Library/PrivateFrameworks/Sharing.framework/Versions/A/Sharing
0x00007fff45d90000 	/System/Library/PrivateFrameworks/Apple80211.framework/Versions/A/Apple80211
0x00007fff47569000 	/System/Library/PrivateFrameworks/AuthKit.framework/Versions/A/AuthKit
0x00007fff4c336000 	/System/Library/PrivateFrameworks/CoreUtils.framework/Versions/A/CoreUtils
0x00007fff3490c000 	/System/Library/Frameworks/CoreWLAN.framework/Versions/A/CoreWLAN
0x00007fff35530000 	/System/Library/Frameworks/IOBluetooth.framework/Versions/A/IOBluetooth
0x00007fff595f2000 	/System/Library/PrivateFrameworks/MobileKeyBag.framework/Versions/A/MobileKeyBag
0x00007fff4b13b000 	/System/Library/PrivateFrameworks/CorePhoneNumbers.framework/Versions/A/CorePhoneNumbers
0x00007fff46180000 	/System/Library/PrivateFrameworks/AppleIDAuthSupport.framework/Versions/A/AppleIDAuthSupport
0x00007fff39262000 	/System/Library/Frameworks/Network.framework/Versions/A/Network
0x00007fff57cc0000 	/System/Library/PrivateFrameworks/KeychainCircle.framework/Versions/A/KeychainCircle
0x00007fff3235d000 	/System/Library/Frameworks/CoreBluetooth.framework/Versions/A/CoreBluetooth
0x00007fff62537000 	/System/Library/PrivateFrameworks/SpeechRecognitionCore.framework/Versions/A/SpeechRecognitionCore
0x0000000105600000 	/Library/Java/JavaVirtualMachines/adoptopenjdk-8.jdk/Contents/Home/jre/lib/server/libjvm.dylib
0x0000000103bfc000 	/Library/Java/JavaVirtualMachines/adoptopenjdk-8.jdk/Contents/Home/jre/lib/libverify.dylib
0x0000000103c0d000 	/Library/Java/JavaVirtualMachines/adoptopenjdk-8.jdk/Contents/Home/jre/lib/libjava.dylib
0x0000000103c41000 	/Library/Java/JavaVirtualMachines/adoptopenjdk-8.jdk/Contents/Home/jre/lib/libinstrument.dylib
0x0000000103ca9000 	/Library/Java/JavaVirtualMachines/adoptopenjdk-8.jdk/Contents/Home/jre/lib/libzip.dylib
0x000000010435f000 	/Library/Java/JavaVirtualMachines/adoptopenjdk-8.jdk/Contents/Home/jre/lib/libnio.dylib
0x000000010448c000 	/Library/Java/JavaVirtualMachines/adoptopenjdk-8.jdk/Contents/Home/jre/lib/libnet.dylib
0x00007fff6bba9000 	/usr/lib/libusrtcp.dylib
0x000000011c7e8000 	/Library/Java/JavaVirtualMachines/adoptopenjdk-8.jdk/Contents/Home/jre/lib/libmanagement.dylib
0x000000011cc10000 	/private/var/folders/m8/_j693xpn2ms3p5jf8rqwx5s00000gp/T/libgkl_compression3013184080185455639.dylib

VM Arguments:
jvm_args: -Djava.security.manager=worker.org.gradle.process.internal.worker.child.BootstrapSecurityManager -Dorg.gradle.native=false -Dpicard.convertCommandLine=true -javaagent:build/tmp/expandedArchives/org.jacoco.agent-0.8.4.jar_982888894296538c98d7324f3ca78d8f/jacocoagent.jar=destfile=build/jacoco/barclayTest.exec,append=true,inclnolocationclasses=false,dumponexit=true,output=file,jmx=false -Xms1G -Xmx2G -Dfile.encoding=UTF-8 -Duser.country=US -Duser.language=en -Duser.variant -ea 
java_command: worker.org.gradle.process.internal.worker.GradleWorkerMain 'Gradle Test Executor 9'
java_class_path (initial): /Users/msacks/.gradle/caches/5.6/workerMain/gradle-worker.jar:build/tmp/expandedArchives/org.jacoco.agent-0.8.4.jar_982888894296538c98d7324f3ca78d8f/jacocoagent.jar
Launcher Type: SUN_STANDARD

Environment Variables:
PATH=/Users/msacks/Downloads/google-cloud-sdk/bin:/Users/msacks/opt/anaconda3/bin:/Users/msacks/opt/anaconda3/condabin:/usr/local/bin:/usr/bin:/bin:/usr/sbin:/sbin
SHELL=/bin/zsh

Signal Handlers:
SIGSEGV: [libjvm.dylib+0x595d31], sa_mask[0]=11111111011111110111111111111111, sa_flags=SA_ONSTACK|SA_RESTART|SA_SIGINFO
SIGBUS: [libjvm.dylib+0x595d31], sa_mask[0]=11111111011111110111111111111111, sa_flags=SA_RESTART|SA_SIGINFO
SIGFPE: [libjvm.dylib+0x48a2eb], sa_mask[0]=11111111011111110111111111111111, sa_flags=SA_RESTART|SA_SIGINFO
SIGPIPE: [libjvm.dylib+0x48a2eb], sa_mask[0]=11111111011111110111111111111111, sa_flags=SA_RESTART|SA_SIGINFO
SIGXFSZ: [libjvm.dylib+0x48a2eb], sa_mask[0]=11111111011111110111111111111111, sa_flags=SA_RESTART|SA_SIGINFO
SIGILL: [libjvm.dylib+0x48a2eb], sa_mask[0]=11111111011111110111111111111111, sa_flags=SA_RESTART|SA_SIGINFO
SIGUSR1: SIG_DFL, sa_mask[0]=00000000000000000000000000000000, sa_flags=SA_RESTART
SIGUSR2: [libjvm.dylib+0x48abe2], sa_mask[0]=00100000000000000000000000000000, sa_flags=SA_RESTART|SA_SIGINFO
SIGHUP: [libjvm.dylib+0x488de1], sa_mask[0]=11111111011111110111111111111111, sa_flags=SA_RESTART|SA_SIGINFO
SIGINT: [libjvm.dylib+0x488de1], sa_mask[0]=11111111011111110111111111111111, sa_flags=SA_RESTART|SA_SIGINFO
SIGTERM: [libjvm.dylib+0x488de1], sa_mask[0]=11111111011111110111111111111111, sa_flags=SA_RESTART|SA_SIGINFO
SIGQUIT: [libjvm.dylib+0x488de1], sa_mask[0]=11111111011111110111111111111111, sa_flags=SA_RESTART|SA_SIGINFO


---------------  S Y S T E M  ---------------

OS:Bsduname:Darwin 19.6.0 Darwin Kernel Version 19.6.0: Sun Jul  5 00:43:10 PDT 2020; root:xnu-6153.141.1~9/RELEASE_X86_64 x86_64
rlimit: STACK 8192k, CORE 0k, NPROC 2784, NOFILE 10240, AS infinity
load average:5.40 4.82 4.27

CPU:total 8 (initial active 8) (4 cores per cpu, 2 threads per core) family 6 model 126 stepping 5, cmov, cx8, fxsr, mmx, sse, sse2, sse3, ssse3, sse4.1, sse4.2, popcnt, avx, avx2, aes, clmul, erms, 3dnowpref, lzcnt, ht, tsc, tscinvbit, bmi1, bmi2, adx

Memory: 4k page, physical 16777216k(846724k free)

/proc/meminfo:


vm_info: OpenJDK 64-Bit Server VM (25.265-b01) for bsd-amd64 JRE (1.8.0_265-b01), built on Jul 28 2020 16:14:07 by "jenkins" with gcc 4.2.1 Compatible Apple LLVM 10.0.1 (clang-1001.0.46.4)

time: Thu Sep 24 16:15:27 2020
timezone: EDT
elapsed time: 4 seconds (0d 0h 0m 4s)

