#
# A fatal error has been detected by the Java Runtime Environment:
#
#  SIGSEGV (0xb) at pc=0x000000010fde0ea7, pid=19283, tid=0x000000000000a703
#
# JRE version: OpenJDK Runtime Environment (8.0_265-b01) (build 1.8.0_265-b01)
# Java VM: OpenJDK 64-Bit Server VM (25.265-b01 mixed mode bsd-amd64 compressed oops)
# Problematic frame:
# C  [libgkl_compression7884977050467201250.dylib+0x6ea7]  deflate_medium+0x867
#
# Failed to write core dump. Core dumps have been disabled. To enable core dumping, try "ulimit -c unlimited" before starting Java again
#
# If you would like to submit a bug report, please visit:
#   http://bugreport.java.com/bugreport/crash.jsp
# The crash happened outside the Java Virtual Machine in native code.
# See problematic frame for where to report the bug.
#

---------------  T H R E A D  ---------------

Current thread (0x00007fccc0e48000):  JavaThread "Test worker" [_thread_in_native, id=42755, stack(0x0000700010d6a000,0x0000700010e6a000)]

siginfo: si_signo: 11 (SIGSEGV), si_code: 1 (SEGV_MAPERR), si_addr: 0x00007fccc369cfff

Registers:
RAX=0x0000000000000007, RBX=0x0000000000000000, RCX=0x0000000000000000, RDX=0x0000000000000000
RSP=0x0000700010e66940, RBP=0x0000700010e669b0, RSI=0x000000000000001d, RDI=0xfffffffffffffffb
R8 =0x0000000000000002, R9 =0x0000000000000000, R10=0x00007fccc369d004, R11=0x00007fccc369d097
R12=0x00007fccc5265a00, R13=0x0000009200000092, R14=0x0000000000000098, R15=0x0000000000000006
RIP=0x000000010fde0ea7, EFLAGS=0x0000000000010206, ERR=0x0000000000000004
  TRAPNO=0x000000000000000e

Top of Stack: (sp=0x0000700010e66940)
0x0000700010e66940:   0000000740006c58 00000000e8020101
0x0000700010e66950:   00000004401874f0 0000000000000017
0x0000700010e66960:   0000000000000099 0000009a075707e9
0x0000700010e66970:   0000000000000099 000000000000007e
0x0000700010e66980:   0000000000000007 00007fccc0e48250
0x0000700010e66990:   0000000000000004 00007fccbc5c3ac0
0x0000700010e669a0:   00007fccc5265a00 0000700010e66af8
0x0000700010e669b0:   0000700010e66a00 000000010fddf08b
0x0000700010e669c0:   0000000010e66c60 00007fccc0e48000
0x0000700010e669d0:   00007fccc0e48000 00007fccc0e48250
0x0000700010e669e0:   00007fccbc5c3ac0 00000007a408dd08
0x0000700010e669f0:   00000007a407dd18 0000700010e66af8
0x0000700010e66a00:   0000700010e66a60 000000010fddbbac
0x0000700010e66a10:   a000000000000000 00000007a407dd18
0x0000700010e66a20:   00007fccbc720430 0000ffee0000ffda
0x0000700010e66a30:   0000700010e66af0 000000010fbaa698
0x0000700010e66a40:   0000000000000000 000000010fbaa698
0x0000700010e66a50:   0000700010e66af8 00007fccc0e48000
0x0000700010e66a60:   0000700010e66ac8 0000000110b04407
0x0000700010e66a70:   0000000000000000 0000700010e66b10
0x0000700010e66a80:   0000000000000000 0000700010e66a88
0x0000700010e66a90:   0000000000000000 0000700010e66af8
0x0000700010e66aa0:   000000010fbab3c0 0000000000000000
0x0000700010e66ab0:   000000010fbaa698 0000000000000000
0x0000700010e66ac0:   0000700010e66ae8 0000700010e66b40
0x0000700010e66ad0:   0000000110af3a40 0000000000000000
0x0000700010e66ae0:   0000000110afda56 000000000000ffee
0x0000700010e66af0:   00000007a408dcf8 00000007a409de38
0x0000700010e66b00:   0000700010e66b00 000000010fbaad30
0x0000700010e66b10:   0000700010e66b70 000000010fbab3c0
0x0000700010e66b20:   0000000000000000 000000010fbaad78
0x0000700010e66b30:   0000700010e66ae8 0000700010e66b58 

Instructions: (pc=0x000000010fde0ea7)
0x000000010fde0e87:   49 89 ff 4c 8d 5c 19 fe 4c 8d 73 ff 31 ff 44 89
0x000000010fde0e97:   c6 4c 89 45 a8 0f 1f 40 00 ff c6 41 0f b6 0c 3b
0x000000010fde0ea7:   41 0f b6 14 3a 39 ca 0f 95 c3 8d 0c 38 83 f9 01
0x000000010fde0eb7:   0f 94 c1 41 8d 14 3e 44 39 ca 0f 96 c2 45 8d 04 

Register to memory mapping:

RAX=0x0000000000000007 is an unknown value
RBX=0x0000000000000000 is an unknown value
RCX=0x0000000000000000 is an unknown value
RDX=0x0000000000000000 is an unknown value
RSP=0x0000700010e66940 is pointing into the stack for thread: 0x00007fccc0e48000
RBP=0x0000700010e669b0 is pointing into the stack for thread: 0x00007fccc0e48000
RSI=0x000000000000001d is an unknown value
RDI=0xfffffffffffffffb is an unknown value
R8 =0x0000000000000002 is an unknown value
R9 =0x0000000000000000 is an unknown value
R10=0x00007fccc369d004 is an unknown value
R11=0x00007fccc369d097 is an unknown value
R12=0x00007fccc5265a00 is an unknown value
R13=0x0000009200000092 is an unknown value
R14=0x0000000000000098 is an unknown value
R15=0x0000000000000006 is an unknown value


Stack: [0x0000700010d6a000,0x0000700010e6a000],  sp=0x0000700010e66940,  free space=1010k
Native frames: (J=compiled Java code, j=interpreted, Vv=VM code, C=native code)
C  [libgkl_compression7884977050467201250.dylib+0x6ea7]  deflate_medium+0x867
C  [libgkl_compression7884977050467201250.dylib+0x508b]  deflate+0xf1b
C  [libgkl_compression7884977050467201250.dylib+0x1bac]  Java_com_intel_gkl_compression_IntelDeflater_deflateNative+0x1bc
j  com.intel.gkl.compression.IntelDeflater.deflateNative([BI)I+0
j  com.intel.gkl.compression.IntelDeflater.deflate([BII)I+8
j  htsjdk.samtools.util.BlockCompressedOutputStream.deflateBlock()I+84
J 2841 C2 htsjdk.samtools.util.BinaryCodec.writeBytes([BII)V (93 bytes) @ 0x0000000111526778 [0x0000000111526480+0x2f8]
J 2850 C1 htsjdk.samtools.BAMRecordCodec.encode(Lhtsjdk/samtools/SAMRecord;)V (991 bytes) @ 0x000000011151a97c [0x0000000111517c60+0x2d1c]
J 2843 C1 htsjdk.samtools.BAMFileWriter.writeAlignment(Lhtsjdk/samtools/SAMRecord;)V (173 bytes) @ 0x000000011152411c [0x0000000111523500+0xc1c]
J 2746 C1 htsjdk.samtools.SAMFileWriterImpl.addAlignment(Lhtsjdk/samtools/SAMRecord;)V (102 bytes) @ 0x00000001114d6964 [0x00000001114d6440+0x524]
J 4202% C1 picard.analysis.directed.CollectTargetedMetricsTest.setupBuilder()V (657 bytes) @ 0x00000001119d463c [0x00000001119d1d20+0x291c]
v  ~StubRoutines::call_stub
V  [libjvm.dylib+0x2c7e0f]  JavaCalls::call_helper(JavaValue*, methodHandle*, JavaCallArguments*, Thread*)+0x691
V  [libjvm.dylib+0x4d27f2]  Reflection::invoke(instanceKlassHandle, methodHandle, Handle, bool, objArrayHandle, BasicType, objArrayHandle, bool, Thread*)+0x752
V  [libjvm.dylib+0x4d33aa]  Reflection::invoke_method(oopDesc*, Handle, objArrayHandle, Thread*)+0x18a
V  [libjvm.dylib+0x34268c]  JVM_InvokeMethod+0x210
j  sun.reflect.NativeMethodAccessorImpl.invoke0(Ljava/lang/reflect/Method;Ljava/lang/Object;[Ljava/lang/Object;)Ljava/lang/Object;+0
j  sun.reflect.NativeMethodAccessorImpl.invoke(Ljava/lang/Object;[Ljava/lang/Object;)Ljava/lang/Object;+100
J 1186 C1 sun.reflect.DelegatingMethodAccessorImpl.invoke(Ljava/lang/Object;[Ljava/lang/Object;)Ljava/lang/Object; (10 bytes) @ 0x0000000110f81e34 [0x0000000110f81dc0+0x74]
J 1185 C1 java.lang.reflect.Method.invoke(Ljava/lang/Object;[Ljava/lang/Object;)Ljava/lang/Object; (62 bytes) @ 0x0000000110f82294 [0x0000000110f82160+0x134]
j  org.testng.internal.MethodInvocationHelper.invokeMethod(Ljava/lang/reflect/Method;Ljava/lang/Object;[Ljava/lang/Object;)Ljava/lang/Object;+424
j  org.testng.internal.MethodInvocationHelper.invokeMethodConsideringTimeout(Lorg/testng/ITestNGMethod;Lorg/testng/internal/ConstructorOrMethod;Ljava/lang/Object;[Ljava/lang/Object;Lorg/testng/ITestResult;)V+25
j  org.testng.internal.Invoker.invokeConfigurationMethod(Ljava/lang/Object;Lorg/testng/ITestNGMethod;[Ljava/lang/Object;Lorg/testng/ITestResult;)V+270
j  org.testng.internal.Invoker.invokeConfigurations(Lorg/testng/IClass;Lorg/testng/ITestNGMethod;[Lorg/testng/ITestNGMethod;Lorg/testng/xml/XmlSuite;Ljava/util/Map;[Ljava/lang/Object;Ljava/lang/Object;Lorg/testng/ITestResult;)V+753
j  org.testng.internal.Invoker.invokeConfigurations(Lorg/testng/IClass;[Lorg/testng/ITestNGMethod;Lorg/testng/xml/XmlSuite;Ljava/util/Map;[Ljava/lang/Object;Ljava/lang/Object;)V+17
j  org.testng.TestRunner.beforeRun()V+118
j  org.testng.TestRunner.run()V+5
j  org.testng.SuiteRunner.runTest(Lorg/testng/TestRunner;)V+5
j  org.testng.SuiteRunner.runSequentially()V+47
j  org.testng.SuiteRunner.privateRun()V+428
j  org.testng.SuiteRunner.run()V+16
j  org.testng.SuiteRunnerWorker.runSuite(Lorg/testng/internal/SuiteRunnerMap;Lorg/testng/xml/XmlSuite;)V+134
j  org.testng.SuiteRunnerWorker.run()V+16
j  org.testng.TestNG.runSuitesSequentially(Lorg/testng/xml/XmlSuite;Lorg/testng/internal/SuiteRunnerMap;ILjava/lang/String;)V+99
j  org.testng.TestNG.runSuitesLocally()Ljava/util/List;+282
j  org.testng.TestNG.runSuites()Ljava/util/List;+5
j  org.testng.TestNG.run()V+59
j  org.gradle.api.internal.tasks.testing.testng.TestNGTestClassProcessor.runTests()V+590
j  org.gradle.api.internal.tasks.testing.testng.TestNGTestClassProcessor.stop()V+5
j  org.gradle.api.internal.tasks.testing.SuiteTestClassProcessor.stop()V+8
v  ~StubRoutines::call_stub
V  [libjvm.dylib+0x2c7e0f]  JavaCalls::call_helper(JavaValue*, methodHandle*, JavaCallArguments*, Thread*)+0x691
V  [libjvm.dylib+0x4d27f2]  Reflection::invoke(instanceKlassHandle, methodHandle, Handle, bool, objArrayHandle, BasicType, objArrayHandle, bool, Thread*)+0x752
V  [libjvm.dylib+0x4d33aa]  Reflection::invoke_method(oopDesc*, Handle, objArrayHandle, Thread*)+0x18a
V  [libjvm.dylib+0x34268c]  JVM_InvokeMethod+0x210
j  sun.reflect.NativeMethodAccessorImpl.invoke0(Ljava/lang/reflect/Method;Ljava/lang/Object;[Ljava/lang/Object;)Ljava/lang/Object;+0
j  sun.reflect.NativeMethodAccessorImpl.invoke(Ljava/lang/Object;[Ljava/lang/Object;)Ljava/lang/Object;+100
J 1186 C1 sun.reflect.DelegatingMethodAccessorImpl.invoke(Ljava/lang/Object;[Ljava/lang/Object;)Ljava/lang/Object; (10 bytes) @ 0x0000000110f81e34 [0x0000000110f81dc0+0x74]
J 1185 C1 java.lang.reflect.Method.invoke(Ljava/lang/Object;[Ljava/lang/Object;)Ljava/lang/Object; (62 bytes) @ 0x0000000110f82294 [0x0000000110f82160+0x134]
J 1209 C1 org.gradle.internal.dispatch.ReflectionDispatch.dispatch(Lorg/gradle/internal/dispatch/MethodInvocation;)V (76 bytes) @ 0x0000000110f8ff2c [0x0000000110f8fdc0+0x16c]
J 1208 C1 org.gradle.internal.dispatch.ReflectionDispatch.dispatch(Ljava/lang/Object;)V (18 bytes) @ 0x0000000110f90cec [0x0000000110f90c40+0xac]
j  org.gradle.internal.dispatch.ContextClassLoaderDispatch.dispatch(Ljava/lang/Object;)V+34
j  org.gradle.internal.dispatch.ProxyDispatchAdapter$DispatchingInvocationHandler.invoke(Ljava/lang/Object;Ljava/lang/reflect/Method;[Ljava/lang/Object;)Ljava/lang/Object;+288
j  com.sun.proxy.$Proxy2.stop()V+9
j  org.gradle.api.internal.tasks.testing.worker.TestWorker.stop()V+21
v  ~StubRoutines::call_stub
V  [libjvm.dylib+0x2c7e0f]  JavaCalls::call_helper(JavaValue*, methodHandle*, JavaCallArguments*, Thread*)+0x691
V  [libjvm.dylib+0x4d27f2]  Reflection::invoke(instanceKlassHandle, methodHandle, Handle, bool, objArrayHandle, BasicType, objArrayHandle, bool, Thread*)+0x752
V  [libjvm.dylib+0x4d33aa]  Reflection::invoke_method(oopDesc*, Handle, objArrayHandle, Thread*)+0x18a
V  [libjvm.dylib+0x34268c]  JVM_InvokeMethod+0x210
j  sun.reflect.NativeMethodAccessorImpl.invoke0(Ljava/lang/reflect/Method;Ljava/lang/Object;[Ljava/lang/Object;)Ljava/lang/Object;+0
j  sun.reflect.NativeMethodAccessorImpl.invoke(Ljava/lang/Object;[Ljava/lang/Object;)Ljava/lang/Object;+100
J 1186 C1 sun.reflect.DelegatingMethodAccessorImpl.invoke(Ljava/lang/Object;[Ljava/lang/Object;)Ljava/lang/Object; (10 bytes) @ 0x0000000110f81e34 [0x0000000110f81dc0+0x74]
J 1185 C1 java.lang.reflect.Method.invoke(Ljava/lang/Object;[Ljava/lang/Object;)Ljava/lang/Object; (62 bytes) @ 0x0000000110f82294 [0x0000000110f82160+0x134]
J 1209 C1 org.gradle.internal.dispatch.ReflectionDispatch.dispatch(Lorg/gradle/internal/dispatch/MethodInvocation;)V (76 bytes) @ 0x0000000110f8ff2c [0x0000000110f8fdc0+0x16c]
J 1208 C1 org.gradle.internal.dispatch.ReflectionDispatch.dispatch(Ljava/lang/Object;)V (18 bytes) @ 0x0000000110f90cec [0x0000000110f90c40+0xac]
j  org.gradle.internal.remote.internal.hub.MessageHubBackedObjectConnection$DispatchWrapper.dispatch(Lorg/gradle/internal/dispatch/MethodInvocation;)V+9
j  org.gradle.internal.remote.internal.hub.MessageHubBackedObjectConnection$DispatchWrapper.dispatch(Ljava/lang/Object;)V+9
j  org.gradle.internal.remote.internal.hub.MessageHub$Handler.run()V+245
j  org.gradle.internal.concurrent.ExecutorPolicy$CatchAndRecordFailures.onExecute(Ljava/lang/Runnable;)V+5
j  org.gradle.internal.concurrent.ManagedExecutorImpl$1.run()V+33
j  java.util.concurrent.ThreadPoolExecutor.runWorker(Ljava/util/concurrent/ThreadPoolExecutor$Worker;)V+95
j  java.util.concurrent.ThreadPoolExecutor$Worker.run()V+5
j  org.gradle.internal.concurrent.ThreadFactoryImpl$ManagedThreadRunnable.run()V+15
j  java.lang.Thread.run()V+11
v  ~StubRoutines::call_stub
V  [libjvm.dylib+0x2c7e0f]  JavaCalls::call_helper(JavaValue*, methodHandle*, JavaCallArguments*, Thread*)+0x691
V  [libjvm.dylib+0x2c6c5b]  JavaCalls::call_virtual(JavaValue*, KlassHandle, Symbol*, Symbol*, JavaCallArguments*, Thread*)+0x145
V  [libjvm.dylib+0x2c6e37]  JavaCalls::call_virtual(JavaValue*, Handle, KlassHandle, Symbol*, Symbol*, Thread*)+0x57
V  [libjvm.dylib+0x33e001]  thread_entry(JavaThread*, Thread*)+0x78
V  [libjvm.dylib+0x559256]  JavaThread::thread_main_inner()+0x82
V  [libjvm.dylib+0x55911b]  JavaThread::run()+0x169
V  [libjvm.dylib+0x487e8f]  java_start(Thread*)+0xfa
C  [libsystem_pthread.dylib+0x6109]  _pthread_start+0x94
C  [libsystem_pthread.dylib+0x1b8b]  thread_start+0xf
C  0x0000000000000000

Java frames: (J=compiled Java code, j=interpreted, Vv=VM code)
j  com.intel.gkl.compression.IntelDeflater.deflateNative([BI)I+0
j  com.intel.gkl.compression.IntelDeflater.deflate([BII)I+8
j  htsjdk.samtools.util.BlockCompressedOutputStream.deflateBlock()I+84
J 2841 C2 htsjdk.samtools.util.BinaryCodec.writeBytes([BII)V (93 bytes) @ 0x0000000111526778 [0x0000000111526480+0x2f8]
J 2850 C1 htsjdk.samtools.BAMRecordCodec.encode(Lhtsjdk/samtools/SAMRecord;)V (991 bytes) @ 0x000000011151a97c [0x0000000111517c60+0x2d1c]
J 2843 C1 htsjdk.samtools.BAMFileWriter.writeAlignment(Lhtsjdk/samtools/SAMRecord;)V (173 bytes) @ 0x000000011152411c [0x0000000111523500+0xc1c]
J 2746 C1 htsjdk.samtools.SAMFileWriterImpl.addAlignment(Lhtsjdk/samtools/SAMRecord;)V (102 bytes) @ 0x00000001114d6964 [0x00000001114d6440+0x524]
J 4202% C1 picard.analysis.directed.CollectTargetedMetricsTest.setupBuilder()V (657 bytes) @ 0x00000001119d463c [0x00000001119d1d20+0x291c]
v  ~StubRoutines::call_stub
j  sun.reflect.NativeMethodAccessorImpl.invoke0(Ljava/lang/reflect/Method;Ljava/lang/Object;[Ljava/lang/Object;)Ljava/lang/Object;+0
j  sun.reflect.NativeMethodAccessorImpl.invoke(Ljava/lang/Object;[Ljava/lang/Object;)Ljava/lang/Object;+100
J 1186 C1 sun.reflect.DelegatingMethodAccessorImpl.invoke(Ljava/lang/Object;[Ljava/lang/Object;)Ljava/lang/Object; (10 bytes) @ 0x0000000110f81e34 [0x0000000110f81dc0+0x74]
J 1185 C1 java.lang.reflect.Method.invoke(Ljava/lang/Object;[Ljava/lang/Object;)Ljava/lang/Object; (62 bytes) @ 0x0000000110f82294 [0x0000000110f82160+0x134]
j  org.testng.internal.MethodInvocationHelper.invokeMethod(Ljava/lang/reflect/Method;Ljava/lang/Object;[Ljava/lang/Object;)Ljava/lang/Object;+424
j  org.testng.internal.MethodInvocationHelper.invokeMethodConsideringTimeout(Lorg/testng/ITestNGMethod;Lorg/testng/internal/ConstructorOrMethod;Ljava/lang/Object;[Ljava/lang/Object;Lorg/testng/ITestResult;)V+25
j  org.testng.internal.Invoker.invokeConfigurationMethod(Ljava/lang/Object;Lorg/testng/ITestNGMethod;[Ljava/lang/Object;Lorg/testng/ITestResult;)V+270
j  org.testng.internal.Invoker.invokeConfigurations(Lorg/testng/IClass;Lorg/testng/ITestNGMethod;[Lorg/testng/ITestNGMethod;Lorg/testng/xml/XmlSuite;Ljava/util/Map;[Ljava/lang/Object;Ljava/lang/Object;Lorg/testng/ITestResult;)V+753
j  org.testng.internal.Invoker.invokeConfigurations(Lorg/testng/IClass;[Lorg/testng/ITestNGMethod;Lorg/testng/xml/XmlSuite;Ljava/util/Map;[Ljava/lang/Object;Ljava/lang/Object;)V+17
j  org.testng.TestRunner.beforeRun()V+118
j  org.testng.TestRunner.run()V+5
j  org.testng.SuiteRunner.runTest(Lorg/testng/TestRunner;)V+5
j  org.testng.SuiteRunner.runSequentially()V+47
j  org.testng.SuiteRunner.privateRun()V+428
j  org.testng.SuiteRunner.run()V+16
j  org.testng.SuiteRunnerWorker.runSuite(Lorg/testng/internal/SuiteRunnerMap;Lorg/testng/xml/XmlSuite;)V+134
j  org.testng.SuiteRunnerWorker.run()V+16
j  org.testng.TestNG.runSuitesSequentially(Lorg/testng/xml/XmlSuite;Lorg/testng/internal/SuiteRunnerMap;ILjava/lang/String;)V+99
j  org.testng.TestNG.runSuitesLocally()Ljava/util/List;+282
j  org.testng.TestNG.runSuites()Ljava/util/List;+5
j  org.testng.TestNG.run()V+59
j  org.gradle.api.internal.tasks.testing.testng.TestNGTestClassProcessor.runTests()V+590
j  org.gradle.api.internal.tasks.testing.testng.TestNGTestClassProcessor.stop()V+5
j  org.gradle.api.internal.tasks.testing.SuiteTestClassProcessor.stop()V+8
v  ~StubRoutines::call_stub
j  sun.reflect.NativeMethodAccessorImpl.invoke0(Ljava/lang/reflect/Method;Ljava/lang/Object;[Ljava/lang/Object;)Ljava/lang/Object;+0
j  sun.reflect.NativeMethodAccessorImpl.invoke(Ljava/lang/Object;[Ljava/lang/Object;)Ljava/lang/Object;+100
J 1186 C1 sun.reflect.DelegatingMethodAccessorImpl.invoke(Ljava/lang/Object;[Ljava/lang/Object;)Ljava/lang/Object; (10 bytes) @ 0x0000000110f81e34 [0x0000000110f81dc0+0x74]
J 1185 C1 java.lang.reflect.Method.invoke(Ljava/lang/Object;[Ljava/lang/Object;)Ljava/lang/Object; (62 bytes) @ 0x0000000110f82294 [0x0000000110f82160+0x134]
J 1209 C1 org.gradle.internal.dispatch.ReflectionDispatch.dispatch(Lorg/gradle/internal/dispatch/MethodInvocation;)V (76 bytes) @ 0x0000000110f8ff2c [0x0000000110f8fdc0+0x16c]
J 1208 C1 org.gradle.internal.dispatch.ReflectionDispatch.dispatch(Ljava/lang/Object;)V (18 bytes) @ 0x0000000110f90cec [0x0000000110f90c40+0xac]
j  org.gradle.internal.dispatch.ContextClassLoaderDispatch.dispatch(Ljava/lang/Object;)V+34
j  org.gradle.internal.dispatch.ProxyDispatchAdapter$DispatchingInvocationHandler.invoke(Ljava/lang/Object;Ljava/lang/reflect/Method;[Ljava/lang/Object;)Ljava/lang/Object;+288
j  com.sun.proxy.$Proxy2.stop()V+9
j  org.gradle.api.internal.tasks.testing.worker.TestWorker.stop()V+21
v  ~StubRoutines::call_stub
j  sun.reflect.NativeMethodAccessorImpl.invoke0(Ljava/lang/reflect/Method;Ljava/lang/Object;[Ljava/lang/Object;)Ljava/lang/Object;+0
j  sun.reflect.NativeMethodAccessorImpl.invoke(Ljava/lang/Object;[Ljava/lang/Object;)Ljava/lang/Object;+100
J 1186 C1 sun.reflect.DelegatingMethodAccessorImpl.invoke(Ljava/lang/Object;[Ljava/lang/Object;)Ljava/lang/Object; (10 bytes) @ 0x0000000110f81e34 [0x0000000110f81dc0+0x74]
J 1185 C1 java.lang.reflect.Method.invoke(Ljava/lang/Object;[Ljava/lang/Object;)Ljava/lang/Object; (62 bytes) @ 0x0000000110f82294 [0x0000000110f82160+0x134]
J 1209 C1 org.gradle.internal.dispatch.ReflectionDispatch.dispatch(Lorg/gradle/internal/dispatch/MethodInvocation;)V (76 bytes) @ 0x0000000110f8ff2c [0x0000000110f8fdc0+0x16c]
J 1208 C1 org.gradle.internal.dispatch.ReflectionDispatch.dispatch(Ljava/lang/Object;)V (18 bytes) @ 0x0000000110f90cec [0x0000000110f90c40+0xac]
j  org.gradle.internal.remote.internal.hub.MessageHubBackedObjectConnection$DispatchWrapper.dispatch(Lorg/gradle/internal/dispatch/MethodInvocation;)V+9
j  org.gradle.internal.remote.internal.hub.MessageHubBackedObjectConnection$DispatchWrapper.dispatch(Ljava/lang/Object;)V+9
j  org.gradle.internal.remote.internal.hub.MessageHub$Handler.run()V+245
j  org.gradle.internal.concurrent.ExecutorPolicy$CatchAndRecordFailures.onExecute(Ljava/lang/Runnable;)V+5
j  org.gradle.internal.concurrent.ManagedExecutorImpl$1.run()V+33
j  java.util.concurrent.ThreadPoolExecutor.runWorker(Ljava/util/concurrent/ThreadPoolExecutor$Worker;)V+95
j  java.util.concurrent.ThreadPoolExecutor$Worker.run()V+5
j  org.gradle.internal.concurrent.ThreadFactoryImpl$ManagedThreadRunnable.run()V+15
j  java.lang.Thread.run()V+11
v  ~StubRoutines::call_stub

---------------  P R O C E S S  ---------------

Java Threads: ( => current thread )
  0x00007fccbde74800 JavaThread "/0:0:0:0:0:0:0:1:57718 to /0:0:0:0:0:0:0:1:57717 workers Thread 3" [_thread_in_native, id=42243, stack(0x0000700010f70000,0x0000700011070000)]
  0x00007fccc000d800 JavaThread "/0:0:0:0:0:0:0:1:57718 to /0:0:0:0:0:0:0:1:57717 workers Thread 2" [_thread_blocked, id=42499, stack(0x0000700010e6d000,0x0000700010f6d000)]
=>0x00007fccc0e48000 JavaThread "Test worker" [_thread_in_native, id=42755, stack(0x0000700010d6a000,0x0000700010e6a000)]
  0x00007fccbe8de800 JavaThread "Service Thread" daemon [_thread_blocked, id=14595, stack(0x0000700010b64000,0x0000700010c64000)]
  0x00007fccbf00d000 JavaThread "C1 CompilerThread3" daemon [_thread_blocked, id=15107, stack(0x0000700010a61000,0x0000700010b61000)]
  0x00007fccbe8d9800 JavaThread "C2 CompilerThread2" daemon [_thread_in_native, id=15619, stack(0x000070001095e000,0x0000700010a5e000)]
  0x00007fccbe8d9000 JavaThread "C2 CompilerThread1" daemon [_thread_in_native, id=14083, stack(0x000070001085b000,0x000070001095b000)]
  0x00007fccbd0d3800 JavaThread "C2 CompilerThread0" daemon [_thread_in_native, id=13827, stack(0x0000700010758000,0x0000700010858000)]
  0x00007fccbe811000 JavaThread "Signal Dispatcher" daemon [_thread_blocked, id=16131, stack(0x0000700010655000,0x0000700010755000)]
  0x00007fccbd813000 JavaThread "Finalizer" daemon [_thread_blocked, id=19459, stack(0x000070001044c000,0x000070001054c000)]
  0x00007fccbd810000 JavaThread "Reference Handler" daemon [_thread_blocked, id=12803, stack(0x0000700010349000,0x0000700010449000)]
  0x00007fccbf008800 JavaThread "main" [_thread_blocked, id=5635, stack(0x000070000f92b000,0x000070000fa2b000)]

Other Threads:
  0x00007fccc0823800 VMThread [stack: 0x0000700010246000,0x0000700010346000] [id=19971]
  0x00007fccbd109000 WatcherThread [stack: 0x0000700010c67000,0x0000700010d67000] [id=43267]

VM state:not at safepoint (normal execution)

VM Mutex/Monitor currently owned by a thread: None

heap address: 0x0000000740000000, size: 2048 MB, Compressed Oops mode: Zero based, Oop shift amount: 3
Narrow klass base: 0x0000000000000000, Narrow klass shift: 3
Compressed class space size: 1073741824 Address: 0x00000007c0000000

Heap:
 PSYoungGen      total 305664K, used 245789K [0x0000000795580000, 0x00000007baa80000, 0x00000007c0000000)
  eden space 262144K, 93% used [0x0000000795580000,0x00000007a4587438,0x00000007a5580000)
  from space 43520K, 0% used [0x00000007a8000000,0x00000007a8000000,0x00000007aaa80000)
  to   space 43520K, 0% used [0x00000007a5580000,0x00000007a5580000,0x00000007a8000000)
 ParOldGen       total 699392K, used 14350K [0x0000000740000000, 0x000000076ab00000, 0x0000000795580000)
  object space 699392K, 2% used [0x0000000740000000,0x0000000740e03950,0x000000076ab00000)
 Metaspace       used 25600K, capacity 26102K, committed 26240K, reserved 1073152K
  class space    used 2774K, capacity 2932K, committed 2944K, reserved 1048576K

Card table byte_map: [0x0000000107d9b000,0x000000010819c000] byte_map_base: 0x000000010439b000

Marking Bits: (ParMarkBitMap*) 0x000000010770edc8
 Begin Bits: [0x0000000108447000, 0x000000010a447000)
 End Bits:   [0x000000010a447000, 0x000000010c447000)

Polling page: 0x0000000105f0f000

CodeCache: size=245760Kb used=15359Kb max_used=15370Kb free=230400Kb
 bounds [0x0000000110aec000, 0x0000000111a0c000, 0x000000011faec000]
 total_blobs=4655 nmethods=4165 adapters=403
 compilation: enabled

Compilation events (10 events):
Event: 3.823 Thread 0x00007fccbe8d9800 nmethod 4199 0x00000001119e6e50 code [0x00000001119e6fa0, 0x00000001119e7118]
Event: 3.823 Thread 0x00007fccbe8d9800 4193       4       htsjdk.samtools.SAMFileWriterImpl::$jacocoInit (53 bytes)
Event: 3.823 Thread 0x00007fccbe8d9800 nmethod 4193 0x00000001119c5ed0 code [0x00000001119c6020, 0x00000001119c6098]
Event: 3.823 Thread 0x00007fccbe8d9800 4176       4       htsjdk.samtools.SAMFileHeader::getSequence (39 bytes)
Event: 3.835 Thread 0x00007fccbe8d9800 nmethod 4176 0x00000001119e4190 code [0x00000001119e4340, 0x00000001119e4a28]
Event: 3.835 Thread 0x00007fccbe8d9800 4179       4       htsjdk.samtools.GenomicIndexUtil::$jacocoInit (52 bytes)
Event: 3.836 Thread 0x00007fccbe8d9800 nmethod 4179 0x00000001119e6c10 code [0x00000001119e6d60, 0x00000001119e6dd8]
Event: 3.836 Thread 0x00007fccbe8d9800 4177       4       htsjdk.samtools.SAMRecord::computeIndexingBin (103 bytes)
Event: 3.838 Thread 0x00007fccbe8d9800 nmethod 4177 0x00000001119c7ad0 code [0x00000001119c7c40, 0x00000001119c7e88]
Event: 3.838 Thread 0x00007fccbe8d9800 4180       4       htsjdk.samtools.GenomicIndexUtil::regionToBin (135 bytes)

GC Heap History (6 events):
Event: 1.639 GC heap before
{Heap before GC invocations=1 (full 0):
 PSYoungGen      total 305664K, used 262144K [0x0000000795580000, 0x00000007aaa80000, 0x00000007c0000000)
  eden space 262144K, 100% used [0x0000000795580000,0x00000007a5580000,0x00000007a5580000)
  from space 43520K, 0% used [0x00000007a8000000,0x00000007a8000000,0x00000007aaa80000)
  to   space 43520K, 0% used [0x00000007a5580000,0x00000007a5580000,0x00000007a8000000)
 ParOldGen       total 699392K, used 0K [0x0000000740000000, 0x000000076ab00000, 0x0000000795580000)
  object space 699392K, 0% used [0x0000000740000000,0x0000000740000000,0x000000076ab00000)
 Metaspace       used 15875K, capacity 16158K, committed 16384K, reserved 1064960K
  class space    used 1674K, capacity 1773K, committed 1792K, reserved 1048576K
Event: 1.649 GC heap after
Heap after GC invocations=1 (full 0):
 PSYoungGen      total 305664K, used 12323K [0x0000000795580000, 0x00000007aaa80000, 0x00000007c0000000)
  eden space 262144K, 0% used [0x0000000795580000,0x0000000795580000,0x00000007a5580000)
  from space 43520K, 28% used [0x00000007a5580000,0x00000007a6188f40,0x00000007a8000000)
  to   space 43520K, 0% used [0x00000007a8000000,0x00000007a8000000,0x00000007aaa80000)
 ParOldGen       total 699392K, used 24K [0x0000000740000000, 0x000000076ab00000, 0x0000000795580000)
  object space 699392K, 0% used [0x0000000740000000,0x0000000740006000,0x000000076ab00000)
 Metaspace       used 15875K, capacity 16158K, committed 16384K, reserved 1064960K
  class space    used 1674K, capacity 1773K, committed 1792K, reserved 1048576K
}
Event: 2.197 GC heap before
{Heap before GC invocations=2 (full 0):
 PSYoungGen      total 305664K, used 147896K [0x0000000795580000, 0x00000007aaa80000, 0x00000007c0000000)
  eden space 262144K, 51% used [0x0000000795580000,0x000000079d9e5420,0x00000007a5580000)
  from space 43520K, 28% used [0x00000007a5580000,0x00000007a6188f40,0x00000007a8000000)
  to   space 43520K, 0% used [0x00000007a8000000,0x00000007a8000000,0x00000007aaa80000)
 ParOldGen       total 699392K, used 24K [0x0000000740000000, 0x000000076ab00000, 0x0000000795580000)
  object space 699392K, 0% used [0x0000000740000000,0x0000000740006000,0x000000076ab00000)
 Metaspace       used 20783K, capacity 21054K, committed 21296K, reserved 1069056K
  class space    used 2230K, capacity 2339K, committed 2432K, reserved 1048576K
Event: 2.206 GC heap after
Heap after GC invocations=2 (full 0):
 PSYoungGen      total 305664K, used 14725K [0x0000000795580000, 0x00000007baa80000, 0x00000007c0000000)
  eden space 262144K, 0% used [0x0000000795580000,0x0000000795580000,0x00000007a5580000)
  from space 43520K, 33% used [0x00000007a8000000,0x00000007a8e61448,0x00000007aaa80000)
  to   space 43520K, 0% used [0x00000007a5580000,0x00000007a5580000,0x00000007a8000000)
 ParOldGen       total 699392K, used 40K [0x0000000740000000, 0x000000076ab00000, 0x0000000795580000)
  object space 699392K, 0% used [0x0000000740000000,0x000000074000a000,0x000000076ab00000)
 Metaspace       used 20783K, capacity 21054K, committed 21296K, reserved 1069056K
  class space    used 2230K, capacity 2339K, committed 2432K, reserved 1048576K
}
Event: 2.206 GC heap before
{Heap before GC invocations=3 (full 1):
 PSYoungGen      total 305664K, used 14725K [0x0000000795580000, 0x00000007baa80000, 0x00000007c0000000)
  eden space 262144K, 0% used [0x0000000795580000,0x0000000795580000,0x00000007a5580000)
  from space 43520K, 33% used [0x00000007a8000000,0x00000007a8e61448,0x00000007aaa80000)
  to   space 43520K, 0% used [0x00000007a5580000,0x00000007a5580000,0x00000007a8000000)
 ParOldGen       total 699392K, used 40K [0x0000000740000000, 0x000000076ab00000, 0x0000000795580000)
  object space 699392K, 0% used [0x0000000740000000,0x000000074000a000,0x000000076ab00000)
 Metaspace       used 20783K, capacity 21054K, committed 21296K, reserved 1069056K
  class space    used 2230K, capacity 2339K, committed 2432K, reserved 1048576K
Event: 2.243 GC heap after
Heap after GC invocations=3 (full 1):
 PSYoungGen      total 305664K, used 0K [0x0000000795580000, 0x00000007baa80000, 0x00000007c0000000)
  eden space 262144K, 0% used [0x0000000795580000,0x0000000795580000,0x00000007a5580000)
  from space 43520K, 0% used [0x00000007a8000000,0x00000007a8000000,0x00000007aaa80000)
  to   space 43520K, 0% used [0x00000007a5580000,0x00000007a5580000,0x00000007a8000000)
 ParOldGen       total 699392K, used 14350K [0x0000000740000000, 0x000000076ab00000, 0x0000000795580000)
  object space 699392K, 2% used [0x0000000740000000,0x0000000740e03950,0x000000076ab00000)
 Metaspace       used 20783K, capacity 21054K, committed 21296K, reserved 1069056K
  class space    used 2230K, capacity 2339K, committed 2432K, reserved 1048576K
}

Deoptimization events (10 events):
Event: 3.072 Thread 0x00007fccc0e48000 Uncommon trap: reason=class_check action=maybe_recompile pc=0x00000001111b6ec8 method=java.lang.Character.codePointAt(Ljava/lang/CharSequence;I)I @ 2
Event: 3.072 Thread 0x00007fccc0e48000 Uncommon trap: reason=class_check action=maybe_recompile pc=0x00000001111b6ec8 method=java.lang.Character.codePointAt(Ljava/lang/CharSequence;I)I @ 2
Event: 3.072 Thread 0x00007fccc0e48000 Uncommon trap: reason=class_check action=maybe_recompile pc=0x0000000110d833e0 method=java.lang.Character.codePointAt(Ljava/lang/CharSequence;I)I @ 2
Event: 3.072 Thread 0x00007fccc0e48000 Uncommon trap: reason=class_check action=maybe_recompile pc=0x000000011149c654 method=java.lang.Character.codePointAt(Ljava/lang/CharSequence;I)I @ 2
Event: 3.072 Thread 0x00007fccc0e48000 Uncommon trap: reason=unstable_if action=reinterpret pc=0x000000011161c89c method=java.util.regex.Pattern$BmpCharProperty.match(Ljava/util/regex/Matcher;ILjava/lang/CharSequence;)Z @ 5
Event: 3.073 Thread 0x00007fccc0e48000 Uncommon trap: reason=bimorphic action=maybe_recompile pc=0x0000000111410e1c method=java.util.regex.Matcher.match(II)Z @ 86
Event: 3.073 Thread 0x00007fccc0e48000 Uncommon trap: reason=bimorphic action=maybe_recompile pc=0x0000000111410e1c method=java.util.regex.Matcher.match(II)Z @ 86
Event: 3.128 Thread 0x00007fccc0e48000 Uncommon trap: reason=null_check action=make_not_entrant pc=0x0000000111660810 method=htsjdk.samtools.SAMSequenceDictionary.getSequenceIndex(Ljava/lang/String;)I @ 14
Event: 3.209 Thread 0x00007fccc0e48000 Uncommon trap: reason=unstable_if action=reinterpret pc=0x00000001117666f8 method=htsjdk.samtools.util.FastLineReader.ensureBufferNotEmpty()Z @ 12
Event: 3.300 Thread 0x00007fccc0e48000 Uncommon trap: reason=unstable_if action=reinterpret pc=0x00000001117cea18 method=htsjdk.samtools.util.SequenceUtil.isNoCall(B)Z @ 7

Classes redefined (0 events):
No events

Internal exceptions (10 events):
Event: 3.250 Thread 0x00007fccc0e48000 Exception <a 'sun/nio/fs/UnixException'> (0x000000079f57b8a0) thrown at [/Users/jenkins/workspace/build-scripts/jobs/jdk8u/jdk8u-mac-x64-hotspot/workspace/build/src/hotspot/src/share/vm/prims/jni.cpp, line 711]
Event: 3.250 Thread 0x00007fccc0e48000 Exception <a 'sun/nio/fs/UnixException'> (0x000000079f57cb78) thrown at [/Users/jenkins/workspace/build-scripts/jobs/jdk8u/jdk8u-mac-x64-hotspot/workspace/build/src/hotspot/src/share/vm/prims/jni.cpp, line 711]
Event: 3.289 Thread 0x00007fccc0e48000 Exception <a 'sun/nio/fs/UnixException'> (0x000000079fb7cad8) thrown at [/Users/jenkins/workspace/build-scripts/jobs/jdk8u/jdk8u-mac-x64-hotspot/workspace/build/src/hotspot/src/share/vm/prims/jni.cpp, line 711]
Event: 3.289 Thread 0x00007fccc0e48000 Exception <a 'sun/nio/fs/UnixException'> (0x000000079fb7d920) thrown at [/Users/jenkins/workspace/build-scripts/jobs/jdk8u/jdk8u-mac-x64-hotspot/workspace/build/src/hotspot/src/share/vm/prims/jni.cpp, line 711]
Event: 3.289 Thread 0x00007fccc0e48000 Exception <a 'sun/nio/fs/UnixException'> (0x000000079fb7ea28) thrown at [/Users/jenkins/workspace/build-scripts/jobs/jdk8u/jdk8u-mac-x64-hotspot/workspace/build/src/hotspot/src/share/vm/prims/jni.cpp, line 711]
Event: 3.289 Thread 0x00007fccc0e48000 Exception <a 'sun/nio/fs/UnixException'> (0x000000079fb7fca8) thrown at [/Users/jenkins/workspace/build-scripts/jobs/jdk8u/jdk8u-mac-x64-hotspot/workspace/build/src/hotspot/src/share/vm/prims/jni.cpp, line 711]
Event: 3.325 Thread 0x00007fccc0e48000 Exception <a 'sun/nio/fs/UnixException'> (0x00000007a0185568) thrown at [/Users/jenkins/workspace/build-scripts/jobs/jdk8u/jdk8u-mac-x64-hotspot/workspace/build/src/hotspot/src/share/vm/prims/jni.cpp, line 711]
Event: 3.325 Thread 0x00007fccc0e48000 Exception <a 'sun/nio/fs/UnixException'> (0x00000007a0186200) thrown at [/Users/jenkins/workspace/build-scripts/jobs/jdk8u/jdk8u-mac-x64-hotspot/workspace/build/src/hotspot/src/share/vm/prims/jni.cpp, line 711]
Event: 3.326 Thread 0x00007fccc0e48000 Exception <a 'sun/nio/fs/UnixException'> (0x00000007a01870f0) thrown at [/Users/jenkins/workspace/build-scripts/jobs/jdk8u/jdk8u-mac-x64-hotspot/workspace/build/src/hotspot/src/share/vm/prims/jni.cpp, line 711]
Event: 3.326 Thread 0x00007fccc0e48000 Exception <a 'sun/nio/fs/UnixException'> (0x00000007a01881c8) thrown at [/Users/jenkins/workspace/build-scripts/jobs/jdk8u/jdk8u-mac-x64-hotspot/workspace/build/src/hotspot/src/share/vm/prims/jni.cpp, line 711]

Events (10 events):
Event: 3.380 Thread 0x00007fccc0e48000 DEOPT PACKING pc=0x0000000111666968 sp=0x0000700010e67010
Event: 3.380 Thread 0x00007fccc0e48000 DEOPT UNPACKING pc=0x0000000110b334c4 sp=0x0000700010e66dc8 mode 0
Event: 3.382 Thread 0x00007fccc0e48000 DEOPT PACKING pc=0x0000000111666968 sp=0x0000700010e67010
Event: 3.382 Thread 0x00007fccc0e48000 DEOPT UNPACKING pc=0x0000000110b334c4 sp=0x0000700010e66dc8 mode 0
Event: 3.383 Thread 0x00007fccc0e48000 DEOPT PACKING pc=0x0000000111666968 sp=0x0000700010e67010
Event: 3.383 Thread 0x00007fccc0e48000 DEOPT UNPACKING pc=0x0000000110b334c4 sp=0x0000700010e66dc8 mode 0
Event: 3.385 Thread 0x00007fccc0e48000 DEOPT PACKING pc=0x0000000111666968 sp=0x0000700010e67010
Event: 3.385 Thread 0x00007fccc0e48000 DEOPT UNPACKING pc=0x0000000110b334c4 sp=0x0000700010e66dc8 mode 0
Event: 3.386 Thread 0x00007fccc0e48000 DEOPT PACKING pc=0x0000000111666968 sp=0x0000700010e67010
Event: 3.386 Thread 0x00007fccc0e48000 DEOPT UNPACKING pc=0x0000000110b334c4 sp=0x0000700010e66dc8 mode 0


Dynamic libraries:
0x00007fff30a8c000 	/System/Library/Frameworks/Cocoa.framework/Versions/A/Cocoa
0x00007fff3e281000 	/System/Library/Frameworks/Security.framework/Versions/A/Security
0x00007fff2f9f1000 	/System/Library/Frameworks/ApplicationServices.framework/Versions/A/ApplicationServices
0x00007fff6ada4000 	/usr/lib/libz.1.dylib
0x00007fff68868000 	/usr/lib/libSystem.B.dylib
0x00007fff3192e000 	/System/Library/Frameworks/CoreFoundation.framework/Versions/A/CoreFoundation
0x00007fff33feb000 	/System/Library/Frameworks/Foundation.framework/Versions/C/Foundation
0x00007fff6a6c8000 	/usr/lib/libobjc.A.dylib
0x00007fff2ebe1000 	/System/Library/Frameworks/AppKit.framework/Versions/C/AppKit
0x00007fff31410000 	/System/Library/Frameworks/CoreData.framework/Versions/A/CoreData
0x00007fff6287e000 	/System/Library/PrivateFrameworks/UIFoundation.framework/Versions/A/UIFoundation
0x00007fff5d912000 	/System/Library/PrivateFrameworks/RemoteViewServices.framework/Versions/A/RemoteViewServices
0x00007fff653d8000 	/System/Library/PrivateFrameworks/XCTTargetBootstrap.framework/Versions/A/XCTTargetBootstrap
0x00007fff317fb000 	/System/Library/Frameworks/CoreDisplay.framework/Versions/A/CoreDisplay
0x00007fff36ea5000 	/System/Library/Frameworks/Metal.framework/Versions/A/Metal
0x00007fff4b915000 	/System/Library/PrivateFrameworks/DesktopServicesPriv.framework/Versions/A/DesktopServicesPriv
0x00007fff699a3000 	/usr/lib/liblangid.dylib
0x00007fff4abaa000 	/System/Library/PrivateFrameworks/CoreSVG.framework/Versions/A/CoreSVG
0x00007fff60a6e000 	/System/Library/PrivateFrameworks/SkyLight.framework/Versions/A/SkyLight
0x00007fff31daf000 	/System/Library/Frameworks/CoreGraphics.framework/Versions/A/CoreGraphics
0x00007fff2d5b5000 	/System/Library/Frameworks/Accelerate.framework/Versions/A/Accelerate
0x00007fff6ac95000 	/usr/lib/libxml2.2.dylib
0x00007fff5689d000 	/System/Library/PrivateFrameworks/IconServices.framework/Versions/A/IconServices
0x00007fff347ca000 	/System/Library/Frameworks/IOSurface.framework/Versions/A/IOSurface
0x00007fff68392000 	/usr/lib/libDiagnosticMessagesClient.dylib
0x00007fff4b76f000 	/System/Library/PrivateFrameworks/DFRFoundation.framework/Versions/A/DFRFoundation
0x00007fff69732000 	/usr/lib/libicucore.A.dylib
0x00007fff2fd23000 	/System/Library/Frameworks/AudioToolbox.framework/Versions/A/AudioToolbox
0x00007fff2fe06000 	/System/Library/Frameworks/AudioUnit.framework/Versions/A/AudioUnit
0x00007fff68a6a000 	/usr/lib/libauto.dylib
0x00007fff4b811000 	/System/Library/PrivateFrameworks/DataDetectorsCore.framework/Versions/A/DataDetectorsCore
0x00007fff305ad000 	/System/Library/Frameworks/Carbon.framework/Versions/A/Frameworks/HIToolbox.framework/Versions/A/HIToolbox
0x00007fff3d47d000 	/System/Library/Frameworks/QuartzCore.framework/Versions/A/QuartzCore
0x00007fff308ec000 	/System/Library/Frameworks/Carbon.framework/Versions/A/Frameworks/SpeechRecognition.framework/Versions/A/SpeechRecognition
0x00007fff4b283000 	/System/Library/PrivateFrameworks/CoreUI.framework/Versions/A/CoreUI
0x00007fff30e7b000 	/System/Library/Frameworks/CoreAudio.framework/Versions/A/CoreAudio
0x00007fff33caa000 	/System/Library/Frameworks/DiskArbitration.framework/Versions/A/DiskArbitration
0x00007fff588ed000 	/System/Library/PrivateFrameworks/MultitouchSupport.framework/Versions/A/MultitouchSupport
0x00007fff695f9000 	/usr/lib/libenergytrace.dylib
0x00007fff34724000 	/System/Library/Frameworks/IOKit.framework/Versions/A/IOKit
0x00007fff32d16000 	/System/Library/Frameworks/CoreServices.framework/Versions/A/CoreServices
0x00007fff5aaa5000 	/System/Library/PrivateFrameworks/PerformanceAnalysis.framework/Versions/A/PerformanceAnalysis
0x00007fff3c4b0000 	/System/Library/Frameworks/OpenGL.framework/Versions/A/OpenGL
0x00007fff30a9a000 	/System/Library/Frameworks/ColorSync.framework/Versions/A/ColorSync
0x00007fff32432000 	/System/Library/Frameworks/CoreImage.framework/Versions/A/CoreImage
0x00007fff33789000 	/System/Library/Frameworks/CoreText.framework/Versions/A/CoreText
0x00007fff3485a000 	/System/Library/Frameworks/ImageIO.framework/Versions/A/ImageIO
0x00007fff68b4e000 	/usr/lib/libc++.1.dylib
0x00007fff68bca000 	/usr/lib/libcompression.dylib
0x00007fff686d6000 	/usr/lib/libMobileGestalt.dylib
0x00007fff625e8000 	/System/Library/PrivateFrameworks/TextureIO.framework/Versions/A/TextureIO
0x00007fff689cd000 	/usr/lib/libate.dylib
0x00007fff56aa6000 	/System/Library/PrivateFrameworks/InternationalSupport.framework/Versions/A/InternationalSupport
0x00007fff6b665000 	/usr/lib/system/libcache.dylib
0x00007fff6b66b000 	/usr/lib/system/libcommonCrypto.dylib
0x00007fff6b677000 	/usr/lib/system/libcompiler_rt.dylib
0x00007fff6b67f000 	/usr/lib/system/libcopyfile.dylib
0x00007fff6b689000 	/usr/lib/system/libcorecrypto.dylib
0x00007fff6b828000 	/usr/lib/system/libdispatch.dylib
0x00007fff6b869000 	/usr/lib/system/libdyld.dylib
0x00007fff6b8a0000 	/usr/lib/system/libkeymgr.dylib
0x00007fff6b8ae000 	/usr/lib/system/liblaunch.dylib
0x00007fff6b8af000 	/usr/lib/system/libmacho.dylib
0x00007fff6b8b5000 	/usr/lib/system/libquarantine.dylib
0x00007fff6b8b8000 	/usr/lib/system/libremovefile.dylib
0x00007fff6b8ba000 	/usr/lib/system/libsystem_asl.dylib
0x00007fff6b8d2000 	/usr/lib/system/libsystem_blocks.dylib
0x00007fff6b8d3000 	/usr/lib/system/libsystem_c.dylib
0x00007fff6b95b000 	/usr/lib/system/libsystem_configuration.dylib
0x00007fff6b95f000 	/usr/lib/system/libsystem_coreservices.dylib
0x00007fff6b963000 	/usr/lib/system/libsystem_darwin.dylib
0x00007fff6b96c000 	/usr/lib/system/libsystem_dnssd.dylib
0x00007fff6b974000 	/usr/lib/system/libsystem_featureflags.dylib
0x00007fff6b976000 	/usr/lib/system/libsystem_info.dylib
0x00007fff6b9f1000 	/usr/lib/system/libsystem_m.dylib
0x00007fff6ba39000 	/usr/lib/system/libsystem_malloc.dylib
0x00007fff6ba61000 	/usr/lib/system/libsystem_networkextension.dylib
0x00007fff6ba6f000 	/usr/lib/system/libsystem_notify.dylib
0x00007fff6ba8d000 	/usr/lib/system/libsystem_sandbox.dylib
0x00007fff6ba92000 	/usr/lib/system/libsystem_secinit.dylib
0x00007fff6b9c4000 	/usr/lib/system/libsystem_kernel.dylib
0x00007fff6ba79000 	/usr/lib/system/libsystem_platform.dylib
0x00007fff6ba82000 	/usr/lib/system/libsystem_pthread.dylib
0x00007fff6ba95000 	/usr/lib/system/libsystem_symptoms.dylib
0x00007fff6ba9d000 	/usr/lib/system/libsystem_trace.dylib
0x00007fff6bab5000 	/usr/lib/system/libunwind.dylib
0x00007fff6babb000 	/usr/lib/system/libxpc.dylib
0x00007fff68ba1000 	/usr/lib/libc++abi.dylib
0x00007fff699a5000 	/usr/lib/liblzma.5.dylib
0x00007fff69620000 	/usr/lib/libfakelink.dylib
0x00007fff6895a000 	/usr/lib/libarchive.2.dylib
0x00007fff3f332000 	/System/Library/Frameworks/SystemConfiguration.framework/Versions/A/SystemConfiguration
0x00007fff682c5000 	/usr/lib/libCRFSuite.dylib
0x00007fff3019d000 	/System/Library/Frameworks/CFNetwork.framework/Versions/A/CFNetwork
0x00007fff68b30000 	/usr/lib/libbsm.0.dylib
0x00007fff6b8a1000 	/usr/lib/system/libkxld.dylib
0x00007fff450ec000 	/System/Library/PrivateFrameworks/AppleFSCompression.framework/Versions/A/AppleFSCompression
0x00007fff68ebb000 	/usr/lib/libcoretls.dylib
0x00007fff68ed2000 	/usr/lib/libcoretls_cfhelpers.dylib
0x00007fff6a70e000 	/usr/lib/libpam.2.dylib
0x00007fff6a843000 	/usr/lib/libsqlite3.dylib
0x00007fff6ac82000 	/usr/lib/libxar.1.dylib
0x00007fff68b41000 	/usr/lib/libbz2.1.0.dylib
0x00007fff69641000 	/usr/lib/libiconv.2.dylib
0x00007fff68bb7000 	/usr/lib/libcharset.1.dylib
0x00007fff6a1ab000 	/usr/lib/libnetwork.dylib
0x00007fff6a715000 	/usr/lib/libpcap.A.dylib
0x00007fff6890f000 	/usr/lib/libapple_nghttp2.dylib
0x00007fff330cd000 	/System/Library/Frameworks/CoreServices.framework/Versions/A/Frameworks/FSEvents.framework/Versions/A/FSEvents
0x00007fff32d9d000 	/System/Library/Frameworks/CoreServices.framework/Versions/A/Frameworks/CarbonCore.framework/Versions/A/CarbonCore
0x00007fff33311000 	/System/Library/Frameworks/CoreServices.framework/Versions/A/Frameworks/Metadata.framework/Versions/A/Metadata
0x00007fff333aa000 	/System/Library/Frameworks/CoreServices.framework/Versions/A/Frameworks/OSServices.framework/Versions/A/OSServices
0x00007fff333d8000 	/System/Library/Frameworks/CoreServices.framework/Versions/A/Frameworks/SearchKit.framework/Versions/A/SearchKit
0x00007fff32d17000 	/System/Library/Frameworks/CoreServices.framework/Versions/A/Frameworks/AE.framework/Versions/A/AE
0x00007fff330d6000 	/System/Library/Frameworks/CoreServices.framework/Versions/A/Frameworks/LaunchServices.framework/Versions/A/LaunchServices
0x00007fff3307f000 	/System/Library/Frameworks/CoreServices.framework/Versions/A/Frameworks/DictionaryServices.framework/Versions/A/DictionaryServices
0x00007fff33440000 	/System/Library/Frameworks/CoreServices.framework/Versions/A/Frameworks/SharedFileList.framework/Versions/A/SharedFileList
0x00007fff382cf000 	/System/Library/Frameworks/NetFS.framework/Versions/A/NetFS
0x00007fff58e1d000 	/System/Library/PrivateFrameworks/NetAuth.framework/Versions/A/NetAuth
0x00007fff657a5000 	/System/Library/PrivateFrameworks/login.framework/Versions/A/Frameworks/loginsupport.framework/Versions/A/loginsupport
0x00007fff620b3000 	/System/Library/PrivateFrameworks/TCC.framework/Versions/A/TCC
0x00007fff49d1d000 	/System/Library/PrivateFrameworks/CoreNLP.framework/Versions/A/CoreNLP
0x00007fff5831a000 	/System/Library/PrivateFrameworks/MetadataUtilities.framework/Versions/A/MetadataUtilities
0x00007fff69a7d000 	/usr/lib/libmecabra.dylib
0x00007fff699d5000 	/usr/lib/libmecab.dylib
0x00007fff69631000 	/usr/lib/libgermantok.dylib
0x00007fff688f6000 	/usr/lib/libThaiTokenizer.dylib
0x00007fff682fc000 	/usr/lib/libChineseTokenizer.dylib
0x00007fff2d5cd000 	/System/Library/Frameworks/Accelerate.framework/Versions/A/Frameworks/vImage.framework/Versions/A/vImage
0x00007fff2ea37000 	/System/Library/Frameworks/Accelerate.framework/Versions/A/Frameworks/vecLib.framework/Versions/A/vecLib
0x00007fff2e974000 	/System/Library/Frameworks/Accelerate.framework/Versions/A/Frameworks/vecLib.framework/Versions/A/libvMisc.dylib
0x00007fff2e79c000 	/System/Library/Frameworks/Accelerate.framework/Versions/A/Frameworks/vecLib.framework/Versions/A/libvDSP.dylib
0x00007fff2dc24000 	/System/Library/Frameworks/Accelerate.framework/Versions/A/Frameworks/vecLib.framework/Versions/A/libBLAS.dylib
0x00007fff2e360000 	/System/Library/Frameworks/Accelerate.framework/Versions/A/Frameworks/vecLib.framework/Versions/A/libLAPACK.dylib
0x00007fff2e6fc000 	/System/Library/Frameworks/Accelerate.framework/Versions/A/Frameworks/vecLib.framework/Versions/A/libLinearAlgebra.dylib
0x00007fff2e789000 	/System/Library/Frameworks/Accelerate.framework/Versions/A/Frameworks/vecLib.framework/Versions/A/libSparseBLAS.dylib
0x00007fff2e712000 	/System/Library/Frameworks/Accelerate.framework/Versions/A/Frameworks/vecLib.framework/Versions/A/libQuadrature.dylib
0x00007fff2de8c000 	/System/Library/Frameworks/Accelerate.framework/Versions/A/Frameworks/vecLib.framework/Versions/A/libBNNS.dylib
0x00007fff2e718000 	/System/Library/Frameworks/Accelerate.framework/Versions/A/Frameworks/vecLib.framework/Versions/A/libSparse.dylib
0x00007fff56e8e000 	/System/Library/PrivateFrameworks/LanguageModeling.framework/Versions/A/LanguageModeling
0x00007fff496cd000 	/System/Library/PrivateFrameworks/CoreEmoji.framework/Versions/A/CoreEmoji
0x00007fff56fac000 	/System/Library/PrivateFrameworks/LinguisticData.framework/Versions/A/LinguisticData
0x00007fff56f5d000 	/System/Library/PrivateFrameworks/Lexicon.framework/Versions/A/Lexicon
0x00007fff68bb8000 	/usr/lib/libcmph.dylib
0x00007fff3aebe000 	/System/Library/Frameworks/OpenDirectory.framework/Versions/A/Frameworks/CFOpenDirectory.framework/Versions/A/CFOpenDirectory
0x00007fff3aedb000 	/System/Library/Frameworks/OpenDirectory.framework/Versions/A/OpenDirectory
0x00007fff4331c000 	/System/Library/PrivateFrameworks/APFS.framework/Versions/A/APFS
0x00007fff3e5cb000 	/System/Library/Frameworks/SecurityFoundation.framework/Versions/A/SecurityFoundation
0x00007fff6ac7e000 	/usr/lib/libutil.dylib
0x00007fff4ac02000 	/System/Library/PrivateFrameworks/CoreServicesStore.framework/Versions/A/CoreServicesStore
0x00007fff3e682000 	/System/Library/Frameworks/ServiceManagement.framework/Versions/A/ServiceManagement
0x00007fff468bc000 	/System/Library/PrivateFrameworks/BackgroundTaskManagement.framework/Versions/A/BackgroundTaskManagement
0x00007fff6ad7b000 	/usr/lib/libxslt.1.dylib
0x00007fff4575f000 	/System/Library/PrivateFrameworks/AppleSystemInfo.framework/Versions/A/AppleSystemInfo
0x00007fff34a75000 	/System/Library/Frameworks/ImageIO.framework/Versions/A/Resources/libJPEG.dylib
0x00007fff34d33000 	/System/Library/Frameworks/ImageIO.framework/Versions/A/Resources/libTIFF.dylib
0x00007fff34d16000 	/System/Library/Frameworks/ImageIO.framework/Versions/A/Resources/libPng.dylib
0x00007fff349b7000 	/System/Library/Frameworks/ImageIO.framework/Versions/A/Resources/libGIF.dylib
0x00007fff349bb000 	/System/Library/Frameworks/ImageIO.framework/Versions/A/Resources/libJP2.dylib
0x00007fff34d31000 	/System/Library/Frameworks/ImageIO.framework/Versions/A/Resources/libRadiance.dylib
0x00007fff695fa000 	/usr/lib/libexpat.1.dylib
0x00007fff45247000 	/System/Library/PrivateFrameworks/AppleJPEG.framework/Versions/A/AppleJPEG
0x00007fff4df02000 	/System/Library/PrivateFrameworks/FontServices.framework/libFontParser.dylib
0x00007fff647a7000 	/System/Library/PrivateFrameworks/WatchdogClient.framework/Versions/A/WatchdogClient
0x00007fff564e9000 	/System/Library/PrivateFrameworks/IOAccelerator.framework/Versions/A/IOAccelerator
0x00007fff37240000 	/System/Library/Frameworks/MetalPerformanceShaders.framework/Versions/A/MetalPerformanceShaders
0x00007fff52c7f000 	/System/Library/PrivateFrameworks/GPUWrangler.framework/Versions/A/GPUWrangler
0x00007fff564fe000 	/System/Library/PrivateFrameworks/IOPresentment.framework/Versions/A/IOPresentment
0x00007fff4b782000 	/System/Library/PrivateFrameworks/DSExternalDisplay.framework/Versions/A/DSExternalDisplay
0x00007fff3b84f000 	/System/Library/Frameworks/OpenGL.framework/Versions/A/Libraries/libCoreFSCache.dylib
0x00007fff36f8c000 	/System/Library/Frameworks/MetalPerformanceShaders.framework/Frameworks/MPSCore.framework/Versions/A/MPSCore
0x00007fff36fca000 	/System/Library/Frameworks/MetalPerformanceShaders.framework/Frameworks/MPSImage.framework/Versions/A/MPSImage
0x00007fff37091000 	/System/Library/Frameworks/MetalPerformanceShaders.framework/Frameworks/MPSNeuralNetwork.framework/Versions/A/MPSNeuralNetwork
0x00007fff37055000 	/System/Library/Frameworks/MetalPerformanceShaders.framework/Frameworks/MPSMatrix.framework/Versions/A/MPSMatrix
0x00007fff371f0000 	/System/Library/Frameworks/MetalPerformanceShaders.framework/Frameworks/MPSRayIntersector.framework/Versions/A/MPSRayIntersector
0x00007fff3707b000 	/System/Library/Frameworks/MetalPerformanceShaders.framework/Frameworks/MPSNDArray.framework/Versions/A/MPSNDArray
0x00007fff58367000 	/System/Library/PrivateFrameworks/MetalTools.framework/Versions/A/MetalTools
0x00007fff444f6000 	/System/Library/PrivateFrameworks/AggregateDictionary.framework/Versions/A/AggregateDictionary
0x00007fff49115000 	/System/Library/PrivateFrameworks/CoreAnalytics.framework/Versions/A/CoreAnalytics
0x00007fff4567e000 	/System/Library/PrivateFrameworks/AppleSauce.framework/Versions/A/AppleSauce
0x00007fff685b8000 	/usr/lib/libIOReport.dylib
0x00007fff33941000 	/System/Library/Frameworks/CoreVideo.framework/Versions/A/CoreVideo
0x00007fff540f8000 	/System/Library/PrivateFrameworks/GraphVisualizer.framework/Versions/A/GraphVisualizer
0x00007fff4d448000 	/System/Library/PrivateFrameworks/FaceCore.framework/Versions/A/FaceCore
0x00007fff3ae65000 	/System/Library/Frameworks/OpenCL.framework/Versions/A/OpenCL
0x00007fff683da000 	/usr/lib/libFosl_dynamic.dylib
0x00007fff5983d000 	/System/Library/PrivateFrameworks/OTSVG.framework/Versions/A/OTSVG
0x00007fff2faf6000 	/System/Library/Frameworks/ApplicationServices.framework/Versions/A/Frameworks/ATS.framework/Versions/A/Resources/libFontRegistry.dylib
0x00007fff4e0d3000 	/System/Library/PrivateFrameworks/FontServices.framework/libhvf.dylib
0x00007fff3b85a000 	/System/Library/Frameworks/OpenGL.framework/Versions/A/Libraries/libGFXShared.dylib
0x00007fff3ba38000 	/System/Library/Frameworks/OpenGL.framework/Versions/A/Libraries/libGLU.dylib
0x00007fff3b863000 	/System/Library/Frameworks/OpenGL.framework/Versions/A/Libraries/libGL.dylib
0x00007fff3b86e000 	/System/Library/Frameworks/OpenGL.framework/Versions/A/Libraries/libGLImage.dylib
0x00007fff3b84c000 	/System/Library/Frameworks/OpenGL.framework/Versions/A/Libraries/libCVMSPluginSupport.dylib
0x00007fff3b855000 	/System/Library/Frameworks/OpenGL.framework/Versions/A/Libraries/libCoreVMClient.dylib
0x00007fff6a04c000 	/usr/lib/libncurses.5.4.dylib
0x00007fff2f9f2000 	/System/Library/Frameworks/ApplicationServices.framework/Versions/A/Frameworks/ATS.framework/Versions/A/ATS
0x00007fff2fbbf000 	/System/Library/Frameworks/ApplicationServices.framework/Versions/A/Frameworks/ColorSyncLegacy.framework/Versions/A/ColorSyncLegacy
0x00007fff2fc5d000 	/System/Library/Frameworks/ApplicationServices.framework/Versions/A/Frameworks/HIServices.framework/Versions/A/HIServices
0x00007fff2fcb5000 	/System/Library/Frameworks/ApplicationServices.framework/Versions/A/Frameworks/LangAnalysis.framework/Versions/A/LangAnalysis
0x00007fff2fcc4000 	/System/Library/Frameworks/ApplicationServices.framework/Versions/A/Frameworks/PrintCore.framework/Versions/A/PrintCore
0x00007fff2fd0a000 	/System/Library/Frameworks/ApplicationServices.framework/Versions/A/Frameworks/QD.framework/Versions/A/QD
0x00007fff2fd15000 	/System/Library/Frameworks/ApplicationServices.framework/Versions/A/Frameworks/SpeechSynthesis.framework/Versions/A/SpeechSynthesis
0x00007fff2fb8f000 	/System/Library/Frameworks/ApplicationServices.framework/Versions/A/Frameworks/ATSUI.framework/Versions/A/ATSUI
0x00007fff69490000 	/usr/lib/libcups.2.dylib
0x00007fff362db000 	/System/Library/Frameworks/Kerberos.framework/Versions/A/Kerberos
0x00007fff3441d000 	/System/Library/Frameworks/GSS.framework/Versions/A/GSS
0x00007fff6a7cf000 	/usr/lib/libresolv.9.dylib
0x00007fff542a5000 	/System/Library/PrivateFrameworks/Heimdal.framework/Versions/A/Heimdal
0x00007fff362ee000 	/System/Library/Frameworks/Kerberos.framework/Versions/A/Libraries/libHeimdalProxy.dylib
0x00007fff69637000 	/usr/lib/libheimdal-asn1.dylib
0x00007fff485ad000 	/System/Library/PrivateFrameworks/CommonAuth.framework/Versions/A/CommonAuth
0x00007fff457fc000 	/System/Library/PrivateFrameworks/AssertionServices.framework/Versions/A/AssertionServices
0x00007fff4639f000 	/System/Library/PrivateFrameworks/AudioToolboxCore.framework/Versions/A/AudioToolboxCore
0x00007fff65455000 	/System/Library/PrivateFrameworks/caulk.framework/Versions/A/caulk
0x00007fff46968000 	/System/Library/PrivateFrameworks/BaseBoard.framework/Versions/A/BaseBoard
0x00007fff5daa0000 	/System/Library/PrivateFrameworks/RunningBoardServices.framework/Versions/A/RunningBoardServices
0x00007fff5aab1000 	/System/Library/PrivateFrameworks/PersistentConnection.framework/Versions/A/PersistentConnection
0x00007fff5d499000 	/System/Library/PrivateFrameworks/ProtocolBuffer.framework/Versions/A/ProtocolBuffer
0x00007fff485d1000 	/System/Library/PrivateFrameworks/CommonUtilities.framework/Versions/A/CommonUtilities
0x00007fff46af6000 	/System/Library/PrivateFrameworks/Bom.framework/Versions/A/Bom
0x00007fff6828b000 	/usr/lib/libAudioToolboxUtility.dylib
0x00007fff468c6000 	/System/Library/PrivateFrameworks/Backup.framework/Versions/A/Backup
0x00007fff4b6a3000 	/System/Library/PrivateFrameworks/CrashReporterSupport.framework/Versions/A/CrashReporterSupport
0x00007fff5f532000 	/System/Library/PrivateFrameworks/Sharing.framework/Versions/A/Sharing
0x00007fff44e0a000 	/System/Library/PrivateFrameworks/Apple80211.framework/Versions/A/Apple80211
0x00007fff465e3000 	/System/Library/PrivateFrameworks/AuthKit.framework/Versions/A/AuthKit
0x00007fff4b3b0000 	/System/Library/PrivateFrameworks/CoreUtils.framework/Versions/A/CoreUtils
0x00007fff33986000 	/System/Library/Frameworks/CoreWLAN.framework/Versions/A/CoreWLAN
0x00007fff345aa000 	/System/Library/Frameworks/IOBluetooth.framework/Versions/A/IOBluetooth
0x00007fff5866c000 	/System/Library/PrivateFrameworks/MobileKeyBag.framework/Versions/A/MobileKeyBag
0x00007fff4a1b5000 	/System/Library/PrivateFrameworks/CorePhoneNumbers.framework/Versions/A/CorePhoneNumbers
0x00007fff451fa000 	/System/Library/PrivateFrameworks/AppleIDAuthSupport.framework/Versions/A/AppleIDAuthSupport
0x00007fff382dc000 	/System/Library/Frameworks/Network.framework/Versions/A/Network
0x00007fff56d3a000 	/System/Library/PrivateFrameworks/KeychainCircle.framework/Versions/A/KeychainCircle
0x00007fff313d7000 	/System/Library/Frameworks/CoreBluetooth.framework/Versions/A/CoreBluetooth
0x00007fff615b1000 	/System/Library/PrivateFrameworks/SpeechRecognitionCore.framework/Versions/A/SpeechRecognitionCore
0x0000000107000000 	/Library/Java/JavaVirtualMachines/adoptopenjdk-8.jdk/Contents/Home/jre/lib/server/libjvm.dylib
0x0000000105ecb000 	/Library/Java/JavaVirtualMachines/adoptopenjdk-8.jdk/Contents/Home/jre/lib/libverify.dylib
0x0000000105edc000 	/Library/Java/JavaVirtualMachines/adoptopenjdk-8.jdk/Contents/Home/jre/lib/libjava.dylib
0x0000000105f10000 	/Library/Java/JavaVirtualMachines/adoptopenjdk-8.jdk/Contents/Home/jre/lib/libinstrument.dylib
0x0000000105f78000 	/Library/Java/JavaVirtualMachines/adoptopenjdk-8.jdk/Contents/Home/jre/lib/libzip.dylib
0x0000000105fc3000 	/Library/Java/JavaVirtualMachines/adoptopenjdk-8.jdk/Contents/Home/jre/lib/libnio.dylib
0x0000000105fd5000 	/Library/Java/JavaVirtualMachines/adoptopenjdk-8.jdk/Contents/Home/jre/lib/libnet.dylib
0x00007fff6ac23000 	/usr/lib/libusrtcp.dylib
0x000000010f9b2000 	/Library/Java/JavaVirtualMachines/adoptopenjdk-8.jdk/Contents/Home/jre/lib/libmanagement.dylib
0x000000010fdda000 	/private/var/folders/m8/_j693xpn2ms3p5jf8rqwx5s00000gp/T/libgkl_compression7884977050467201250.dylib

VM Arguments:
jvm_args: -Djava.security.manager=worker.org.gradle.process.internal.worker.child.BootstrapSecurityManager -Dorg.gradle.native=false -Dpicard.convertCommandLine=true -javaagent:build/tmp/expandedArchives/org.jacoco.agent-0.8.4.jar_982888894296538c98d7324f3ca78d8f/jacocoagent.jar=destfile=build/jacoco/barclayTest.exec,append=true,inclnolocationclasses=false,dumponexit=true,output=file,jmx=false -Xms1G -Xmx2G -Dfile.encoding=UTF-8 -Duser.country=US -Duser.language=en -Duser.variant -ea 
java_command: worker.org.gradle.process.internal.worker.GradleWorkerMain 'Gradle Test Executor 2'
java_class_path (initial): /Users/msacks/.gradle/caches/5.6/workerMain/gradle-worker.jar:build/tmp/expandedArchives/org.jacoco.agent-0.8.4.jar_982888894296538c98d7324f3ca78d8f/jacocoagent.jar
Launcher Type: SUN_STANDARD

Environment Variables:
PATH=/usr/bin:/bin:/usr/sbin:/sbin
SHELL=/bin/sh

Signal Handlers:
SIGSEGV: [libjvm.dylib+0x595d31], sa_mask[0]=11111111011111110111111111111111, sa_flags=SA_ONSTACK|SA_RESTART|SA_SIGINFO
SIGBUS: [libjvm.dylib+0x595d31], sa_mask[0]=11111111011111110111111111111111, sa_flags=SA_RESTART|SA_SIGINFO
SIGFPE: [libjvm.dylib+0x48a2eb], sa_mask[0]=11111111011111110111111111111111, sa_flags=SA_RESTART|SA_SIGINFO
SIGPIPE: [libjvm.dylib+0x48a2eb], sa_mask[0]=11111111011111110111111111111111, sa_flags=SA_RESTART|SA_SIGINFO
SIGXFSZ: [libjvm.dylib+0x48a2eb], sa_mask[0]=11111111011111110111111111111111, sa_flags=SA_RESTART|SA_SIGINFO
SIGILL: [libjvm.dylib+0x48a2eb], sa_mask[0]=11111111011111110111111111111111, sa_flags=SA_RESTART|SA_SIGINFO
SIGUSR1: SIG_DFL, sa_mask[0]=11011111011111100000000111000110, sa_flags=none
SIGUSR2: [libjvm.dylib+0x48abe2], sa_mask[0]=00100000000000000000000000000000, sa_flags=SA_RESTART|SA_SIGINFO
SIGHUP: [libjvm.dylib+0x488de1], sa_mask[0]=11111111011111110111111111111111, sa_flags=SA_RESTART|SA_SIGINFO
SIGINT: [libjvm.dylib+0x488de1], sa_mask[0]=11111111011111110111111111111111, sa_flags=SA_RESTART|SA_SIGINFO
SIGTERM: [libjvm.dylib+0x488de1], sa_mask[0]=11111111011111110111111111111111, sa_flags=SA_RESTART|SA_SIGINFO
SIGQUIT: [libjvm.dylib+0x488de1], sa_mask[0]=11111111011111110111111111111111, sa_flags=SA_RESTART|SA_SIGINFO


---------------  S Y S T E M  ---------------

OS:Bsduname:Darwin 19.6.0 Darwin Kernel Version 19.6.0: Sun Jul  5 00:43:10 PDT 2020; root:xnu-6153.141.1~9/RELEASE_X86_64 x86_64
rlimit: STACK 8192k, CORE 0k, NPROC 2784, NOFILE 10240, AS infinity
load average:3.24 3.07 2.85

CPU:total 8 (initial active 8) (4 cores per cpu, 2 threads per core) family 6 model 126 stepping 5, cmov, cx8, fxsr, mmx, sse, sse2, sse3, ssse3, sse4.1, sse4.2, popcnt, avx, avx2, aes, clmul, erms, 3dnowpref, lzcnt, ht, tsc, tscinvbit, bmi1, bmi2, adx

Memory: 4k page, physical 16777216k(3089460k free)

/proc/meminfo:


vm_info: OpenJDK 64-Bit Server VM (25.265-b01) for bsd-amd64 JRE (1.8.0_265-b01), built on Jul 28 2020 16:14:07 by "jenkins" with gcc 4.2.1 Compatible Apple LLVM 10.0.1 (clang-1001.0.46.4)

time: Fri Dec  4 13:50:48 2020
timezone: EST
elapsed time: 3 seconds (0d 0h 0m 3s)

