#
# A fatal error has been detected by the Java Runtime Environment:
#
#  SIGSEGV (0xb) at pc=0x0000000115186ea7, pid=60886, tid=0x000000000000a803
#
# JRE version: OpenJDK Runtime Environment (8.0_265-b01) (build 1.8.0_265-b01)
# Java VM: OpenJDK 64-Bit Server VM (25.265-b01 mixed mode bsd-amd64 compressed oops)
# Problematic frame:
# C  [libgkl_compression4999623919124419612.dylib+0x6ea7]  deflate_medium+0x867
#
# Failed to write core dump. Core dumps have been disabled. To enable core dumping, try "ulimit -c unlimited" before starting Java again
#
# If you would like to submit a bug report, please visit:
#   http://bugreport.java.com/bugreport/crash.jsp
# The crash happened outside the Java Virtual Machine in native code.
# See problematic frame for where to report the bug.
#

---------------  T H R E A D  ---------------

Current thread (0x00007f8585c01000):  JavaThread "Test worker" [_thread_in_native, id=43011, stack(0x0000700008b54000,0x0000700008c54000)]

siginfo: si_signo: 11 (SIGSEGV), si_code: 1 (SEGV_MAPERR), si_addr: 0x00007f858f590fff

Registers:
RAX=0x0000000000000004, RBX=0x0000000000000000, RCX=0x00000000000000ff, RDX=0x0000000000000000
RSP=0x0000700008c50b00, RBP=0x0000700008c50b70, RSI=0x000000000000000b, RDI=0xfffffffffffffffd
R8 =0x0000000000000002, R9 =0x0000000000000000, R10=0x00007f858f591002, R11=0x00007f858f5910d2
R12=0x00007f8583914a00, R13=0x000000d0000000d0, R14=0x00000000000000d3, R15=0x0000000000000004
RIP=0x0000000115186ea7, EFLAGS=0x0000000000010202, ERR=0x0000000000000004
  TRAPNO=0x000000000000000e

Top of Stack: (sp=0x0000700008c50b00)
0x0000700008c50b00:   00000000f406e59b 000000011c0568aa
0x0000700008c50b10:   00000004a03b36c8 0000000000000007
0x0000700008c50b20:   00000000000000d4 000000d50c9707e9
0x0000700008c50b30:   00000000000000d4 00000000000000b4
0x0000700008c50b40:   0000000000000004 00007f8585c01250
0x0000700008c50b50:   0000000000000004 00007f858dc0a380
0x0000700008c50b60:   00007f8583914a00 0000700008c50c30
0x0000700008c50b70:   0000700008c50bc0 000000011518508b
0x0000700008c50b80:   0000000040110540 00007f8585c01000
0x0000700008c50b90:   00007f8585c01000 00007f8585c01250
0x0000700008c50ba0:   00007f858dc0a380 00000007a03a35b0
0x0000700008c50bb0:   00000007a03935c0 0000700008c50c30
0x0000700008c50bc0:   0000700008c50c20 0000000115181bac
0x0000700008c50bd0:   000000000000d51e 00000007a03935c0
0x0000700008c50be0:   00007f85816192e0 0000ffee0000ffda
0x0000700008c50bf0:   0000700008c50c38 0000000000001bb0
0x0000700008c50c00:   0000000000000000 00000007a0393570
0x0000700008c50c10:   0000000000000032 00007f8585c01000
0x0000700008c50c20:   0000700008c50c70 000000011b6923fe
0x0000700008c50c30:   00000007a03b36e0 00000007a03a35a0
0x0000700008c50c40:   00000007a03b36e0 000000011b6923fe
0x0000700008c50c50:   0000000000000011 000000011b79146c
0x0000700008c50c60:   00000007a03b36e0 000000074010eca0
0x0000700008c50c70:   0000000000000011 000000011b6b2354
0x0000700008c50c80:   0000000000000011 000000011b31de0c
0x0000700008c50c90:   0000000000000011 000000011b5e26fc
0x0000700008c50ca0:   00000007a03b36e0 00000007a03935b0
0x0000700008c50cb0:   000000070000ffda 00000007a03b36e0
0x0000700008c50cc0:   00000007a03a35a0 000000070000ffee
0x0000700008c50cd0:   0000000740e77c30 0000000740110540
0x0000700008c50ce0:   0000000000000011 000000011b918714
0x0000700008c50cf0:   0000000700002aea 0000000114a7bcf5 

Instructions: (pc=0x0000000115186ea7)
0x0000000115186e87:   49 89 ff 4c 8d 5c 19 fe 4c 8d 73 ff 31 ff 44 89
0x0000000115186e97:   c6 4c 89 45 a8 0f 1f 40 00 ff c6 41 0f b6 0c 3b
0x0000000115186ea7:   41 0f b6 14 3a 39 ca 0f 95 c3 8d 0c 38 83 f9 01
0x0000000115186eb7:   0f 94 c1 41 8d 14 3e 44 39 ca 0f 96 c2 45 8d 04 

Register to memory mapping:

RAX=0x0000000000000004 is an unknown value
RBX=0x0000000000000000 is an unknown value
RCX=0x00000000000000ff is an unknown value
RDX=0x0000000000000000 is an unknown value
RSP=0x0000700008c50b00 is pointing into the stack for thread: 0x00007f8585c01000
RBP=0x0000700008c50b70 is pointing into the stack for thread: 0x00007f8585c01000
RSI=0x000000000000000b is an unknown value
RDI=0xfffffffffffffffd is an unknown value
R8 =0x0000000000000002 is an unknown value
R9 =0x0000000000000000 is an unknown value
R10=0x00007f858f591002 is an unknown value
R11=0x00007f858f5910d2 is an unknown value
R12=0x00007f8583914a00 is an unknown value
R13=0x000000d0000000d0 is an unknown value
R14=0x00000000000000d3 is an unknown value
R15=0x0000000000000004 is an unknown value


Stack: [0x0000700008b54000,0x0000700008c54000],  sp=0x0000700008c50b00,  free space=1010k
Native frames: (J=compiled Java code, j=interpreted, Vv=VM code, C=native code)
C  [libgkl_compression4999623919124419612.dylib+0x6ea7]  deflate_medium+0x867
C  [libgkl_compression4999623919124419612.dylib+0x508b]  deflate+0xf1b
C  [libgkl_compression4999623919124419612.dylib+0x1bac]  Java_com_intel_gkl_compression_IntelDeflater_deflateNative+0x1bc
J 4384  com.intel.gkl.compression.IntelDeflater.deflateNative([BI)I (0 bytes) @ 0x000000011b6923fe [0x000000011b692340+0xbe]
J 4383 C1 com.intel.gkl.compression.IntelDeflater.deflate([BII)I (18 bytes) @ 0x000000011b6b2354 [0x000000011b6b22a0+0xb4]
J 4343 C1 htsjdk.samtools.util.BlockCompressedOutputStream.deflateBlock()I (378 bytes) @ 0x000000011b918714 [0x000000011b918300+0x414]
J 6133 C2 htsjdk.samtools.util.BinaryCodec.writeBytes([BII)V (93 bytes) @ 0x000000011b2571b8 [0x000000011b256ec0+0x2f8]
J 4249 C2 htsjdk.samtools.util.BinaryCodec.writeBytes([B)V (18 bytes) @ 0x000000011b705f38 [0x000000011b705ee0+0x58]
J 4209 C2 htsjdk.samtools.BAMRecordCodec.encode(Lhtsjdk/samtools/SAMRecord;)V (991 bytes) @ 0x000000011b1384b4 [0x000000011b1361e0+0x22d4]
J 4242 C2 htsjdk.samtools.BAMFileWriter.writeAlignment(Lhtsjdk/samtools/SAMRecord;)V (173 bytes) @ 0x000000011b0934e4 [0x000000011b093440+0xa4]
J 7997 C2 htsjdk.samtools.SAMFileWriterImpl.addAlignment(Lhtsjdk/samtools/SAMRecord;)V (102 bytes) @ 0x000000011c2d2c60 [0x000000011c2d2620+0x640]
J 7991 C2 picard.sam.testers.SamFileTester.createInputFile(Ljava/lang/String;)Ljava/io/File; (230 bytes) @ 0x000000011c2d8904 [0x000000011c2d8180+0x784]
j  picard.sam.testers.SamFileTester.runTest(Ljava/lang/String;)V+6
J 8089% C2 picard.sam.markduplicates.AbstractMarkDuplicatesCommandLineProgramTest.testBulkFragmentsWithDuplicates(Ljava/lang/String;)V (139 bytes) @ 0x000000011c47e46c [0x000000011c47e2a0+0x1cc]
v  ~StubRoutines::call_stub
V  [libjvm.dylib+0x2c7e0f]
V  [libjvm.dylib+0x4d27f2]
V  [libjvm.dylib+0x4d33aa]
V  [libjvm.dylib+0x34268c]
J 4627  sun.reflect.NativeMethodAccessorImpl.invoke0(Ljava/lang/reflect/Method;Ljava/lang/Object;[Ljava/lang/Object;)Ljava/lang/Object; (0 bytes) @ 0x000000011b54396d [0x000000011b543880+0xed]
J 4626 C1 sun.reflect.NativeMethodAccessorImpl.invoke(Ljava/lang/Object;[Ljava/lang/Object;)Ljava/lang/Object; (104 bytes) @ 0x000000011b78ef1c [0x000000011b78dd40+0x11dc]
J 1188 C1 sun.reflect.DelegatingMethodAccessorImpl.invoke(Ljava/lang/Object;[Ljava/lang/Object;)Ljava/lang/Object; (10 bytes) @ 0x000000011b3c56b4 [0x000000011b3c5640+0x74]
J 1187 C1 java.lang.reflect.Method.invoke(Ljava/lang/Object;[Ljava/lang/Object;)Ljava/lang/Object; (62 bytes) @ 0x000000011b3c5b14 [0x000000011b3c59e0+0x134]
J 8453 C1 org.testng.internal.MethodInvocationHelper.invokeMethod(Ljava/lang/reflect/Method;Ljava/lang/Object;[Ljava/lang/Object;)Ljava/lang/Object; (433 bytes) @ 0x000000011c2f1714 [0x000000011c2eef60+0x27b4]
j  org.testng.internal.Invoker.invokeMethod(Ljava/lang/Object;Lorg/testng/ITestNGMethod;[Ljava/lang/Object;ILorg/testng/xml/XmlSuite;Ljava/util/Map;Lorg/testng/ITestClass;[Lorg/testng/ITestNGMethod;[Lorg/testng/ITestNGMethod;Lorg/testng/internal/ConfigurationGroupMethods;Lorg/testng/internal/Invoker$FailureContext;)Lorg/testng/ITestResult;+1004
j  org.testng.internal.Invoker.invokeTestMethod(Ljava/lang/Object;Lorg/testng/ITestNGMethod;[Ljava/lang/Object;ILorg/testng/xml/XmlSuite;Ljava/util/Map;Lorg/testng/ITestClass;[Lorg/testng/ITestNGMethod;[Lorg/testng/ITestNGMethod;Lorg/testng/internal/ConfigurationGroupMethods;Lorg/testng/internal/Invoker$FailureContext;)Lorg/testng/ITestResult;+41
j  org.testng.internal.Invoker.invokeTestMethods(Lorg/testng/ITestNGMethod;Lorg/testng/xml/XmlSuite;Ljava/util/Map;Lorg/testng/internal/ConfigurationGroupMethods;Ljava/lang/Object;Lorg/testng/ITestContext;)Ljava/util/List;+1231
j  org.testng.internal.TestMethodWorker.invokeTestMethods(Lorg/testng/ITestNGMethod;Ljava/lang/Object;Lorg/testng/ITestContext;)V+30
j  org.testng.internal.TestMethodWorker.run()V+95
j  org.testng.TestRunner.privateRun(Lorg/testng/xml/XmlTest;)V+499
j  org.testng.TestRunner.run()V+53
j  org.testng.SuiteRunner.runTest(Lorg/testng/TestRunner;)V+5
j  org.testng.SuiteRunner.runSequentially()V+47
j  org.testng.SuiteRunner.privateRun()V+428
j  org.testng.SuiteRunner.run()V+16
j  org.testng.SuiteRunnerWorker.runSuite(Lorg/testng/internal/SuiteRunnerMap;Lorg/testng/xml/XmlSuite;)V+134
j  org.testng.SuiteRunnerWorker.run()V+16
j  org.testng.TestNG.runSuitesSequentially(Lorg/testng/xml/XmlSuite;Lorg/testng/internal/SuiteRunnerMap;ILjava/lang/String;)V+99
j  org.testng.TestNG.runSuitesLocally()Ljava/util/List;+282
j  org.testng.TestNG.runSuites()Ljava/util/List;+5
j  org.testng.TestNG.run()V+59
j  org.gradle.api.internal.tasks.testing.testng.TestNGTestClassProcessor.runTests()V+590
j  org.gradle.api.internal.tasks.testing.testng.TestNGTestClassProcessor.stop()V+5
j  org.gradle.api.internal.tasks.testing.SuiteTestClassProcessor.stop()V+8
v  ~StubRoutines::call_stub
V  [libjvm.dylib+0x2c7e0f]
V  [libjvm.dylib+0x4d27f2]
V  [libjvm.dylib+0x4d33aa]
V  [libjvm.dylib+0x34268c]
j  sun.reflect.NativeMethodAccessorImpl.invoke0(Ljava/lang/reflect/Method;Ljava/lang/Object;[Ljava/lang/Object;)Ljava/lang/Object;+0
j  sun.reflect.NativeMethodAccessorImpl.invoke(Ljava/lang/Object;[Ljava/lang/Object;)Ljava/lang/Object;+100
J 1188 C1 sun.reflect.DelegatingMethodAccessorImpl.invoke(Ljava/lang/Object;[Ljava/lang/Object;)Ljava/lang/Object; (10 bytes) @ 0x000000011b3c56b4 [0x000000011b3c5640+0x74]
J 1187 C1 java.lang.reflect.Method.invoke(Ljava/lang/Object;[Ljava/lang/Object;)Ljava/lang/Object; (62 bytes) @ 0x000000011b3c5b14 [0x000000011b3c59e0+0x134]
J 1215 C1 org.gradle.internal.dispatch.ReflectionDispatch.dispatch(Lorg/gradle/internal/dispatch/MethodInvocation;)V (76 bytes) @ 0x000000011b3f122c [0x000000011b3f10c0+0x16c]
J 1214 C1 org.gradle.internal.dispatch.ReflectionDispatch.dispatch(Ljava/lang/Object;)V (18 bytes) @ 0x000000011b3f1fec [0x000000011b3f1f40+0xac]
j  org.gradle.internal.dispatch.ContextClassLoaderDispatch.dispatch(Ljava/lang/Object;)V+34
j  org.gradle.internal.dispatch.ProxyDispatchAdapter$DispatchingInvocationHandler.invoke(Ljava/lang/Object;Ljava/lang/reflect/Method;[Ljava/lang/Object;)Ljava/lang/Object;+288
j  com.sun.proxy.$Proxy2.stop()V+9
j  org.gradle.api.internal.tasks.testing.worker.TestWorker.stop()V+21
v  ~StubRoutines::call_stub
V  [libjvm.dylib+0x2c7e0f]
V  [libjvm.dylib+0x4d27f2]
V  [libjvm.dylib+0x4d33aa]
V  [libjvm.dylib+0x34268c]
j  sun.reflect.NativeMethodAccessorImpl.invoke0(Ljava/lang/reflect/Method;Ljava/lang/Object;[Ljava/lang/Object;)Ljava/lang/Object;+0
j  sun.reflect.NativeMethodAccessorImpl.invoke(Ljava/lang/Object;[Ljava/lang/Object;)Ljava/lang/Object;+100
J 1188 C1 sun.reflect.DelegatingMethodAccessorImpl.invoke(Ljava/lang/Object;[Ljava/lang/Object;)Ljava/lang/Object; (10 bytes) @ 0x000000011b3c56b4 [0x000000011b3c5640+0x74]
J 1187 C1 java.lang.reflect.Method.invoke(Ljava/lang/Object;[Ljava/lang/Object;)Ljava/lang/Object; (62 bytes) @ 0x000000011b3c5b14 [0x000000011b3c59e0+0x134]
J 1215 C1 org.gradle.internal.dispatch.ReflectionDispatch.dispatch(Lorg/gradle/internal/dispatch/MethodInvocation;)V (76 bytes) @ 0x000000011b3f122c [0x000000011b3f10c0+0x16c]
J 1214 C1 org.gradle.internal.dispatch.ReflectionDispatch.dispatch(Ljava/lang/Object;)V (18 bytes) @ 0x000000011b3f1fec [0x000000011b3f1f40+0xac]
j  org.gradle.internal.remote.internal.hub.MessageHubBackedObjectConnection$DispatchWrapper.dispatch(Lorg/gradle/internal/dispatch/MethodInvocation;)V+9
j  org.gradle.internal.remote.internal.hub.MessageHubBackedObjectConnection$DispatchWrapper.dispatch(Ljava/lang/Object;)V+9
j  org.gradle.internal.remote.internal.hub.MessageHub$Handler.run()V+245
j  org.gradle.internal.concurrent.ExecutorPolicy$CatchAndRecordFailures.onExecute(Ljava/lang/Runnable;)V+5
j  org.gradle.internal.concurrent.ManagedExecutorImpl$1.run()V+33
j  java.util.concurrent.ThreadPoolExecutor.runWorker(Ljava/util/concurrent/ThreadPoolExecutor$Worker;)V+95
j  java.util.concurrent.ThreadPoolExecutor$Worker.run()V+5
j  org.gradle.internal.concurrent.ThreadFactoryImpl$ManagedThreadRunnable.run()V+15
j  java.lang.Thread.run()V+11
v  ~StubRoutines::call_stub
V  [libjvm.dylib+0x2c7e0f]
V  [libjvm.dylib+0x2c6c5b]
V  [libjvm.dylib+0x2c6e37]
V  [libjvm.dylib+0x33e001]
V  [libjvm.dylib+0x559256]
V  [libjvm.dylib+0x55911b]
V  [libjvm.dylib+0x487e8f]
C  [libsystem_pthread.dylib+0x6109]  _pthread_start+0x94
C  [libsystem_pthread.dylib+0x1b8b]  thread_start+0xf
C  0x0000000000000000

Java frames: (J=compiled Java code, j=interpreted, Vv=VM code)
J 4384  com.intel.gkl.compression.IntelDeflater.deflateNative([BI)I (0 bytes) @ 0x000000011b69238c [0x000000011b692340+0x4c]
J 4383 C1 com.intel.gkl.compression.IntelDeflater.deflate([BII)I (18 bytes) @ 0x000000011b6b2354 [0x000000011b6b22a0+0xb4]
J 4343 C1 htsjdk.samtools.util.BlockCompressedOutputStream.deflateBlock()I (378 bytes) @ 0x000000011b918714 [0x000000011b918300+0x414]
J 6133 C2 htsjdk.samtools.util.BinaryCodec.writeBytes([BII)V (93 bytes) @ 0x000000011b2571b8 [0x000000011b256ec0+0x2f8]
J 4249 C2 htsjdk.samtools.util.BinaryCodec.writeBytes([B)V (18 bytes) @ 0x000000011b705f38 [0x000000011b705ee0+0x58]
J 4209 C2 htsjdk.samtools.BAMRecordCodec.encode(Lhtsjdk/samtools/SAMRecord;)V (991 bytes) @ 0x000000011b1384b4 [0x000000011b1361e0+0x22d4]
J 4242 C2 htsjdk.samtools.BAMFileWriter.writeAlignment(Lhtsjdk/samtools/SAMRecord;)V (173 bytes) @ 0x000000011b0934e4 [0x000000011b093440+0xa4]
J 7997 C2 htsjdk.samtools.SAMFileWriterImpl.addAlignment(Lhtsjdk/samtools/SAMRecord;)V (102 bytes) @ 0x000000011c2d2c60 [0x000000011c2d2620+0x640]
J 7991 C2 picard.sam.testers.SamFileTester.createInputFile(Ljava/lang/String;)Ljava/io/File; (230 bytes) @ 0x000000011c2d8904 [0x000000011c2d8180+0x784]
j  picard.sam.testers.SamFileTester.runTest(Ljava/lang/String;)V+6
J 8089% C2 picard.sam.markduplicates.AbstractMarkDuplicatesCommandLineProgramTest.testBulkFragmentsWithDuplicates(Ljava/lang/String;)V (139 bytes) @ 0x000000011c47e46c [0x000000011c47e2a0+0x1cc]
v  ~StubRoutines::call_stub
J 4627  sun.reflect.NativeMethodAccessorImpl.invoke0(Ljava/lang/reflect/Method;Ljava/lang/Object;[Ljava/lang/Object;)Ljava/lang/Object; (0 bytes) @ 0x000000011b5438f7 [0x000000011b543880+0x77]
J 4626 C1 sun.reflect.NativeMethodAccessorImpl.invoke(Ljava/lang/Object;[Ljava/lang/Object;)Ljava/lang/Object; (104 bytes) @ 0x000000011b78ef1c [0x000000011b78dd40+0x11dc]
J 1188 C1 sun.reflect.DelegatingMethodAccessorImpl.invoke(Ljava/lang/Object;[Ljava/lang/Object;)Ljava/lang/Object; (10 bytes) @ 0x000000011b3c56b4 [0x000000011b3c5640+0x74]
J 1187 C1 java.lang.reflect.Method.invoke(Ljava/lang/Object;[Ljava/lang/Object;)Ljava/lang/Object; (62 bytes) @ 0x000000011b3c5b14 [0x000000011b3c59e0+0x134]
J 8453 C1 org.testng.internal.MethodInvocationHelper.invokeMethod(Ljava/lang/reflect/Method;Ljava/lang/Object;[Ljava/lang/Object;)Ljava/lang/Object; (433 bytes) @ 0x000000011c2f1714 [0x000000011c2eef60+0x27b4]
j  org.testng.internal.Invoker.invokeMethod(Ljava/lang/Object;Lorg/testng/ITestNGMethod;[Ljava/lang/Object;ILorg/testng/xml/XmlSuite;Ljava/util/Map;Lorg/testng/ITestClass;[Lorg/testng/ITestNGMethod;[Lorg/testng/ITestNGMethod;Lorg/testng/internal/ConfigurationGroupMethods;Lorg/testng/internal/Invoker$FailureContext;)Lorg/testng/ITestResult;+1004
j  org.testng.internal.Invoker.invokeTestMethod(Ljava/lang/Object;Lorg/testng/ITestNGMethod;[Ljava/lang/Object;ILorg/testng/xml/XmlSuite;Ljava/util/Map;Lorg/testng/ITestClass;[Lorg/testng/ITestNGMethod;[Lorg/testng/ITestNGMethod;Lorg/testng/internal/ConfigurationGroupMethods;Lorg/testng/internal/Invoker$FailureContext;)Lorg/testng/ITestResult;+41
j  org.testng.internal.Invoker.invokeTestMethods(Lorg/testng/ITestNGMethod;Lorg/testng/xml/XmlSuite;Ljava/util/Map;Lorg/testng/internal/ConfigurationGroupMethods;Ljava/lang/Object;Lorg/testng/ITestContext;)Ljava/util/List;+1231
j  org.testng.internal.TestMethodWorker.invokeTestMethods(Lorg/testng/ITestNGMethod;Ljava/lang/Object;Lorg/testng/ITestContext;)V+30
j  org.testng.internal.TestMethodWorker.run()V+95
j  org.testng.TestRunner.privateRun(Lorg/testng/xml/XmlTest;)V+499
j  org.testng.TestRunner.run()V+53
j  org.testng.SuiteRunner.runTest(Lorg/testng/TestRunner;)V+5
j  org.testng.SuiteRunner.runSequentially()V+47
j  org.testng.SuiteRunner.privateRun()V+428
j  org.testng.SuiteRunner.run()V+16
j  org.testng.SuiteRunnerWorker.runSuite(Lorg/testng/internal/SuiteRunnerMap;Lorg/testng/xml/XmlSuite;)V+134
j  org.testng.SuiteRunnerWorker.run()V+16
j  org.testng.TestNG.runSuitesSequentially(Lorg/testng/xml/XmlSuite;Lorg/testng/internal/SuiteRunnerMap;ILjava/lang/String;)V+99
j  org.testng.TestNG.runSuitesLocally()Ljava/util/List;+282
j  org.testng.TestNG.runSuites()Ljava/util/List;+5
j  org.testng.TestNG.run()V+59
j  org.gradle.api.internal.tasks.testing.testng.TestNGTestClassProcessor.runTests()V+590
j  org.gradle.api.internal.tasks.testing.testng.TestNGTestClassProcessor.stop()V+5
j  org.gradle.api.internal.tasks.testing.SuiteTestClassProcessor.stop()V+8
v  ~StubRoutines::call_stub
j  sun.reflect.NativeMethodAccessorImpl.invoke0(Ljava/lang/reflect/Method;Ljava/lang/Object;[Ljava/lang/Object;)Ljava/lang/Object;+0
j  sun.reflect.NativeMethodAccessorImpl.invoke(Ljava/lang/Object;[Ljava/lang/Object;)Ljava/lang/Object;+100
J 1188 C1 sun.reflect.DelegatingMethodAccessorImpl.invoke(Ljava/lang/Object;[Ljava/lang/Object;)Ljava/lang/Object; (10 bytes) @ 0x000000011b3c56b4 [0x000000011b3c5640+0x74]
J 1187 C1 java.lang.reflect.Method.invoke(Ljava/lang/Object;[Ljava/lang/Object;)Ljava/lang/Object; (62 bytes) @ 0x000000011b3c5b14 [0x000000011b3c59e0+0x134]
J 1215 C1 org.gradle.internal.dispatch.ReflectionDispatch.dispatch(Lorg/gradle/internal/dispatch/MethodInvocation;)V (76 bytes) @ 0x000000011b3f122c [0x000000011b3f10c0+0x16c]
J 1214 C1 org.gradle.internal.dispatch.ReflectionDispatch.dispatch(Ljava/lang/Object;)V (18 bytes) @ 0x000000011b3f1fec [0x000000011b3f1f40+0xac]
j  org.gradle.internal.dispatch.ContextClassLoaderDispatch.dispatch(Ljava/lang/Object;)V+34
j  org.gradle.internal.dispatch.ProxyDispatchAdapter$DispatchingInvocationHandler.invoke(Ljava/lang/Object;Ljava/lang/reflect/Method;[Ljava/lang/Object;)Ljava/lang/Object;+288
j  com.sun.proxy.$Proxy2.stop()V+9
j  org.gradle.api.internal.tasks.testing.worker.TestWorker.stop()V+21
v  ~StubRoutines::call_stub
j  sun.reflect.NativeMethodAccessorImpl.invoke0(Ljava/lang/reflect/Method;Ljava/lang/Object;[Ljava/lang/Object;)Ljava/lang/Object;+0
j  sun.reflect.NativeMethodAccessorImpl.invoke(Ljava/lang/Object;[Ljava/lang/Object;)Ljava/lang/Object;+100
J 1188 C1 sun.reflect.DelegatingMethodAccessorImpl.invoke(Ljava/lang/Object;[Ljava/lang/Object;)Ljava/lang/Object; (10 bytes) @ 0x000000011b3c56b4 [0x000000011b3c5640+0x74]
J 1187 C1 java.lang.reflect.Method.invoke(Ljava/lang/Object;[Ljava/lang/Object;)Ljava/lang/Object; (62 bytes) @ 0x000000011b3c5b14 [0x000000011b3c59e0+0x134]
J 1215 C1 org.gradle.internal.dispatch.ReflectionDispatch.dispatch(Lorg/gradle/internal/dispatch/MethodInvocation;)V (76 bytes) @ 0x000000011b3f122c [0x000000011b3f10c0+0x16c]
J 1214 C1 org.gradle.internal.dispatch.ReflectionDispatch.dispatch(Ljava/lang/Object;)V (18 bytes) @ 0x000000011b3f1fec [0x000000011b3f1f40+0xac]
j  org.gradle.internal.remote.internal.hub.MessageHubBackedObjectConnection$DispatchWrapper.dispatch(Lorg/gradle/internal/dispatch/MethodInvocation;)V+9
j  org.gradle.internal.remote.internal.hub.MessageHubBackedObjectConnection$DispatchWrapper.dispatch(Ljava/lang/Object;)V+9
j  org.gradle.internal.remote.internal.hub.MessageHub$Handler.run()V+245
j  org.gradle.internal.concurrent.ExecutorPolicy$CatchAndRecordFailures.onExecute(Ljava/lang/Runnable;)V+5
j  org.gradle.internal.concurrent.ManagedExecutorImpl$1.run()V+33
j  java.util.concurrent.ThreadPoolExecutor.runWorker(Ljava/util/concurrent/ThreadPoolExecutor$Worker;)V+95
j  java.util.concurrent.ThreadPoolExecutor$Worker.run()V+5
j  org.gradle.internal.concurrent.ThreadFactoryImpl$ManagedThreadRunnable.run()V+15
j  java.lang.Thread.run()V+11
v  ~StubRoutines::call_stub

---------------  P R O C E S S  ---------------

Java Threads: ( => current thread )
  0x00007f858adb0800 JavaThread "ForkJoinPool.commonPool-worker-7" daemon [_thread_blocked, id=23559, stack(0x0000700009269000,0x0000700009369000)]
  0x00007f8583c60800 JavaThread "ForkJoinPool.commonPool-worker-6" daemon [_thread_blocked, id=41739, stack(0x0000700009166000,0x0000700009266000)]
  0x00007f858aa13800 JavaThread "ForkJoinPool.commonPool-worker-5" daemon [_thread_blocked, id=40715, stack(0x0000700008f60000,0x0000700009060000)]
  0x00007f8583cdc000 JavaThread "ForkJoinPool.commonPool-worker-4" daemon [_thread_blocked, id=24075, stack(0x0000700008e5d000,0x0000700008f5d000)]
  0x00007f858448f800 JavaThread "ForkJoinPool.commonPool-worker-2" daemon [_thread_blocked, id=41479, stack(0x0000700009063000,0x0000700009163000)]
  0x00007f8581b86800 JavaThread "/0:0:0:0:0:0:0:1:53902 to /0:0:0:0:0:0:0:1:53900 workers Thread 3" [_thread_in_native, id=42243, stack(0x0000700008d5a000,0x0000700008e5a000)]
  0x00007f8585a45000 JavaThread "/0:0:0:0:0:0:0:1:53902 to /0:0:0:0:0:0:0:1:53900 workers Thread 2" [_thread_blocked, id=42755, stack(0x0000700008c57000,0x0000700008d57000)]
=>0x00007f8585c01000 JavaThread "Test worker" [_thread_in_native, id=43011, stack(0x0000700008b54000,0x0000700008c54000)]
  0x00007f8581877800 JavaThread "Service Thread" daemon [_thread_blocked, id=15619, stack(0x000070000894e000,0x0000700008a4e000)]
  0x00007f858405d800 JavaThread "C1 CompilerThread3" daemon [_thread_blocked, id=16131, stack(0x000070000884b000,0x000070000894b000)]
  0x00007f8582828000 JavaThread "C2 CompilerThread2" daemon [_thread_blocked, id=15363, stack(0x0000700008748000,0x0000700008848000)]
  0x00007f8581876800 JavaThread "C2 CompilerThread1" daemon [_thread_blocked, id=15107, stack(0x0000700008645000,0x0000700008745000)]
  0x00007f8581875800 JavaThread "C2 CompilerThread0" daemon [_thread_blocked, id=14595, stack(0x0000700008542000,0x0000700008642000)]
  0x00007f858482a000 JavaThread "Signal Dispatcher" daemon [_thread_blocked, id=17155, stack(0x000070000843f000,0x000070000853f000)]
  0x00007f8584809800 JavaThread "Finalizer" daemon [_thread_blocked, id=19971, stack(0x0000700008236000,0x0000700008336000)]
  0x00007f8585036800 JavaThread "Reference Handler" daemon [_thread_blocked, id=13315, stack(0x0000700008133000,0x0000700008233000)]
  0x00007f8585009000 JavaThread "main" [_thread_blocked, id=10499, stack(0x0000700007715000,0x0000700007815000)]

Other Threads:
  0x00007f8584013800 VMThread [stack: 0x0000700008030000,0x0000700008130000] [id=20483]
  0x00007f8581878000 WatcherThread [stack: 0x0000700008a51000,0x0000700008b51000] [id=22019]

VM state:not at safepoint (normal execution)

VM Mutex/Monitor currently owned by a thread: None

heap address: 0x0000000740000000, size: 2048 MB, Compressed Oops mode: Zero based, Oop shift amount: 3
Narrow klass base: 0x0000000000000000, Narrow klass shift: 3
Compressed class space size: 1073741824 Address: 0x00000007c0000000

Heap:
 PSYoungGen      total 610816K, used 187331K [0x0000000795580000, 0x00000007bba80000, 0x00000007c0000000)
  eden space 610304K, 30% used [0x0000000795580000,0x00000007a0c70dc0,0x00000007ba980000)
  from space 512K, 0% used [0x00000007ba980000,0x00000007ba980000,0x00000007baa00000)
  to   space 8704K, 0% used [0x00000007bb200000,0x00000007bb200000,0x00000007bba80000)
 ParOldGen       total 699392K, used 293053K [0x0000000740000000, 0x000000076ab00000, 0x0000000795580000)
  object space 699392K, 41% used [0x0000000740000000,0x0000000751e2f480,0x000000076ab00000)
 Metaspace       used 32077K, capacity 32778K, committed 33152K, reserved 1079296K
  class space    used 3395K, capacity 3590K, committed 3712K, reserved 1048576K

Card table byte_map: [0x000000010d19b000,0x000000010d59c000] byte_map_base: 0x000000010979b000

Marking Bits: (ParMarkBitMap*) 0x000000010cb0edc8
 Begin Bits: [0x000000010d847000, 0x000000010f847000)
 End Bits:   [0x000000010f847000, 0x0000000111847000)

Polling page: 0x000000010b2b5000

CodeCache: size=245760Kb used=21818Kb max_used=22642Kb free=223941Kb
 bounds [0x000000011af47000, 0x000000011c597000, 0x0000000129f47000]
 total_blobs=6232 nmethods=5704 adapters=440
 compilation: enabled

Compilation events (10 events):
Event: 115.667 Thread 0x00007f8581876800 8593       4       java.util.DualPivotQuicksort::sort (620 bytes)
Event: 115.757 Thread 0x00007f858405d800 8594       3       java.io.InputStreamReader::<init> (30 bytes)
Event: 115.758 Thread 0x00007f858405d800 nmethod 8594 0x000000011c42dbd0 code [0x000000011c42dde0, 0x000000011c42e878]
Event: 115.758 Thread 0x00007f858405d800 8595       3       sun.nio.cs.StreamDecoder::forInputStreamReader (11 bytes)
Event: 115.758 Thread 0x00007f858405d800 nmethod 8595 0x000000011c432110 code [0x000000011c4322c0, 0x000000011c4329d8]
Event: 115.770 Thread 0x00007f8581876800 nmethod 8593 0x000000011c237e50 code [0x000000011c238040, 0x000000011c2390f8]
Event: 115.904 Thread 0x00007f8581875800 8596       4       java.lang.AbstractStringBuilder::getChars (64 bytes)
Event: 115.949 Thread 0x00007f8581875800 nmethod 8596 0x000000011b3a76d0 code [0x000000011b3a7820, 0x000000011b3a79d8]
Event: 116.046 Thread 0x00007f858405d800 8597   !   3       sun.reflect.GeneratedMethodAccessor6::invoke (76 bytes)
Event: 116.047 Thread 0x00007f858405d800 nmethod 8597 0x000000011c431150 code [0x000000011c431360, 0x000000011c431c78]

GC Heap History (10 events):
Event: 115.696 GC heap before
{Heap before GC invocations=2182 (full 1089):
 PSYoungGen      total 620032K, used 128K [0x0000000795580000, 0x00000007bbc80000, 0x00000007c0000000)
  eden space 610304K, 0% used [0x0000000795580000,0x0000000795580000,0x00000007ba980000)
  from space 9728K, 1% used [0x00000007ba980000,0x00000007ba9a0000,0x00000007bb300000)
  to   space 9728K, 0% used [0x00000007bb300000,0x00000007bb300000,0x00000007bbc80000)
 ParOldGen       total 699392K, used 581588K [0x0000000740000000, 0x000000076ab00000, 0x0000000795580000)
  object space 699392K, 83% used [0x0000000740000000,0x00000007637f5118,0x000000076ab00000)
 Metaspace       used 32076K, capacity 32778K, committed 33152K, reserved 1079296K
  class space    used 3395K, capacity 3590K, committed 3712K, reserved 1048576K
Event: 115.756 GC heap after
Heap after GC invocations=2182 (full 1089):
 PSYoungGen      total 620032K, used 0K [0x0000000795580000, 0x00000007bbc80000, 0x00000007c0000000)
  eden space 610304K, 0% used [0x0000000795580000,0x0000000795580000,0x00000007ba980000)
  from space 9728K, 0% used [0x00000007ba980000,0x00000007ba980000,0x00000007bb300000)
  to   space 9728K, 0% used [0x00000007bb300000,0x00000007bb300000,0x00000007bbc80000)
 ParOldGen       total 699392K, used 526076K [0x0000000740000000, 0x000000076ab00000, 0x0000000795580000)
  object space 699392K, 75% used [0x0000000740000000,0x00000007601bf1f0,0x000000076ab00000)
 Metaspace       used 32076K, capacity 32778K, committed 33152K, reserved 1079296K
  class space    used 3395K, capacity 3590K, committed 3712K, reserved 1048576K
}
Event: 115.843 GC heap before
{Heap before GC invocations=2183 (full 1089):
 PSYoungGen      total 620032K, used 93666K [0x0000000795580000, 0x00000007bbc80000, 0x00000007c0000000)
  eden space 610304K, 15% used [0x0000000795580000,0x000000079b0f88f0,0x00000007ba980000)
  from space 9728K, 0% used [0x00000007ba980000,0x00000007ba980000,0x00000007bb300000)
  to   space 9728K, 0% used [0x00000007bb300000,0x00000007bb300000,0x00000007bbc80000)
 ParOldGen       total 699392K, used 526076K [0x0000000740000000, 0x000000076ab00000, 0x0000000795580000)
  object space 699392K, 75% used [0x0000000740000000,0x00000007601bf1f0,0x000000076ab00000)
 Metaspace       used 32076K, capacity 32778K, committed 33152K, reserved 1079296K
  class space    used 3395K, capacity 3590K, committed 3712K, reserved 1048576K
Event: 115.845 GC heap after
Heap after GC invocations=2183 (full 1089):
 PSYoungGen      total 619008K, used 480K [0x0000000795580000, 0x00000007bbb80000, 0x00000007c0000000)
  eden space 610304K, 0% used [0x0000000795580000,0x0000000795580000,0x00000007ba980000)
  from space 8704K, 5% used [0x00000007bb300000,0x00000007bb378030,0x00000007bbb80000)
  to   space 9216K, 0% used [0x00000007ba980000,0x00000007ba980000,0x00000007bb280000)
 ParOldGen       total 699392K, used 526076K [0x0000000740000000, 0x000000076ab00000, 0x0000000795580000)
  object space 699392K, 75% used [0x0000000740000000,0x00000007601bf1f0,0x000000076ab00000)
 Metaspace       used 32076K, capacity 32778K, committed 33152K, reserved 1079296K
  class space    used 3395K, capacity 3590K, committed 3712K, reserved 1048576K
}
Event: 115.845 GC heap before
{Heap before GC invocations=2184 (full 1090):
 PSYoungGen      total 619008K, used 480K [0x0000000795580000, 0x00000007bbb80000, 0x00000007c0000000)
  eden space 610304K, 0% used [0x0000000795580000,0x0000000795580000,0x00000007ba980000)
  from space 8704K, 5% used [0x00000007bb300000,0x00000007bb378030,0x00000007bbb80000)
  to   space 9216K, 0% used [0x00000007ba980000,0x00000007ba980000,0x00000007bb280000)
 ParOldGen       total 699392K, used 526076K [0x0000000740000000, 0x000000076ab00000, 0x0000000795580000)
  object space 699392K, 75% used [0x0000000740000000,0x00000007601bf1f0,0x000000076ab00000)
 Metaspace       used 32076K, capacity 32778K, committed 33152K, reserved 1079296K
  class space    used 3395K, capacity 3590K, committed 3712K, reserved 1048576K
Event: 115.903 GC heap after
Heap after GC invocations=2184 (full 1090):
 PSYoungGen      total 619008K, used 0K [0x0000000795580000, 0x00000007bbb80000, 0x00000007c0000000)
  eden space 610304K, 0% used [0x0000000795580000,0x0000000795580000,0x00000007ba980000)
  from space 8704K, 0% used [0x00000007bb300000,0x00000007bb300000,0x00000007bbb80000)
  to   space 9216K, 0% used [0x00000007ba980000,0x00000007ba980000,0x00000007bb280000)
 ParOldGen       total 699392K, used 293190K [0x0000000740000000, 0x000000076ab00000, 0x0000000795580000)
  object space 699392K, 41% used [0x0000000740000000,0x0000000751e51ac0,0x000000076ab00000)
 Metaspace       used 32076K, capacity 32778K, committed 33152K, reserved 1079296K
  class space    used 3395K, capacity 3590K, committed 3712K, reserved 1048576K
}
Event: 115.904 GC heap before
{Heap before GC invocations=2185 (full 1090):
 PSYoungGen      total 619008K, used 11709K [0x0000000795580000, 0x00000007bbb80000, 0x00000007c0000000)
  eden space 610304K, 1% used [0x0000000795580000,0x00000007960ef7c0,0x00000007ba980000)
  from space 8704K, 0% used [0x00000007bb300000,0x00000007bb300000,0x00000007bbb80000)
  to   space 9216K, 0% used [0x00000007ba980000,0x00000007ba980000,0x00000007bb280000)
 ParOldGen       total 699392K, used 293190K [0x0000000740000000, 0x000000076ab00000, 0x0000000795580000)
  object space 699392K, 41% used [0x0000000740000000,0x0000000751e51ac0,0x000000076ab00000)
 Metaspace       used 32076K, capacity 32778K, committed 33152K, reserved 1079296K
  class space    used 3395K, capacity 3590K, committed 3712K, reserved 1048576K
Event: 115.905 GC heap after
Heap after GC invocations=2185 (full 1090):
 PSYoungGen      total 610816K, used 96K [0x0000000795580000, 0x00000007bba80000, 0x00000007c0000000)
  eden space 610304K, 0% used [0x0000000795580000,0x0000000795580000,0x00000007ba980000)
  from space 512K, 18% used [0x00000007ba980000,0x00000007ba998000,0x00000007baa00000)
  to   space 8704K, 0% used [0x00000007bb200000,0x00000007bb200000,0x00000007bba80000)
 ParOldGen       total 699392K, used 293190K [0x0000000740000000, 0x000000076ab00000, 0x0000000795580000)
  object space 699392K, 41% used [0x0000000740000000,0x0000000751e51ac0,0x000000076ab00000)
 Metaspace       used 32076K, capacity 32778K, committed 33152K, reserved 1079296K
  class space    used 3395K, capacity 3590K, committed 3712K, reserved 1048576K
}
Event: 115.905 GC heap before
{Heap before GC invocations=2186 (full 1091):
 PSYoungGen      total 610816K, used 96K [0x0000000795580000, 0x00000007bba80000, 0x00000007c0000000)
  eden space 610304K, 0% used [0x0000000795580000,0x0000000795580000,0x00000007ba980000)
  from space 512K, 18% used [0x00000007ba980000,0x00000007ba998000,0x00000007baa00000)
  to   space 8704K, 0% used [0x00000007bb200000,0x00000007bb200000,0x00000007bba80000)
 ParOldGen       total 699392K, used 293190K [0x0000000740000000, 0x000000076ab00000, 0x0000000795580000)
  object space 699392K, 41% used [0x0000000740000000,0x0000000751e51ac0,0x000000076ab00000)
 Metaspace       used 32076K, capacity 32778K, committed 33152K, reserved 1079296K
  class space    used 3395K, capacity 3590K, committed 3712K, reserved 1048576K
Event: 115.948 GC heap after
Heap after GC invocations=2186 (full 1091):
 PSYoungGen      total 610816K, used 0K [0x0000000795580000, 0x00000007bba80000, 0x00000007c0000000)
  eden space 610304K, 0% used [0x0000000795580000,0x0000000795580000,0x00000007ba980000)
  from space 512K, 0% used [0x00000007ba980000,0x00000007ba980000,0x00000007baa00000)
  to   space 8704K, 0% used [0x00000007bb200000,0x00000007bb200000,0x00000007bba80000)
 ParOldGen       total 699392K, used 293053K [0x0000000740000000, 0x000000076ab00000, 0x0000000795580000)
  object space 699392K, 41% used [0x0000000740000000,0x0000000751e2f480,0x000000076ab00000)
 Metaspace       used 32076K, capacity 32778K, committed 33152K, reserved 1079296K
  class space    used 3395K, capacity 3590K, committed 3712K, reserved 1048576K
}

Deoptimization events (10 events):
Event: 74.398 Thread 0x00007f8585c01000 Uncommon trap: reason=class_check action=maybe_recompile pc=0x000000011c54c238 method=java.util.stream.AbstractPipeline.wrapAndCopyInto(Ljava/util/stream/Sink;Ljava/util/Spliterator;)Ljava/util/stream/Sink; @ 6
Event: 75.471 Thread 0x00007f8585c01000 Uncommon trap: reason=array_check action=maybe_recompile pc=0x000000011c554c80 method=java.util.TimSort.mergeHi(IIII)V @ 171
Event: 75.881 Thread 0x00007f8585c01000 Uncommon trap: reason=bimorphic action=maybe_recompile pc=0x000000011b8a425c method=java.io.DataOutputStream.write([BII)V @ 7
Event: 75.881 Thread 0x00007f8585c01000 Uncommon trap: reason=bimorphic action=maybe_recompile pc=0x000000011b8a425c method=java.io.DataOutputStream.write([BII)V @ 7
Event: 75.881 Thread 0x00007f8585c01000 Uncommon trap: reason=unstable_if action=reinterpret pc=0x000000011c14e2b0 method=htsjdk.samtools.CoordinateSortedPairInfoMap.ensureSequenceLoaded(I)V @ 327
Event: 75.881 Thread 0x00007f8585c01000 Uncommon trap: reason=class_check action=maybe_recompile pc=0x000000011bfb02b4 method=java.util.HashMap.removeNode(ILjava/lang/Object;Ljava/lang/Object;ZZ)Ljava/util/HashMap$Node; @ 68
Event: 108.015 Thread 0x00007f8585c01000 Uncommon trap: reason=speculate_class_check action=maybe_recompile pc=0x000000011b6613a8 method=java.util.HashMap.putVal(ILjava/lang/Object;Ljava/lang/Object;ZZ)Ljava/lang/Object; @ 56
Event: 108.429 Thread 0x00007f8585c01000 Uncommon trap: reason=speculate_class_check action=maybe_recompile pc=0x000000011b6613a8 method=java.util.HashMap.putVal(ILjava/lang/Object;Ljava/lang/Object;ZZ)Ljava/lang/Object; @ 56
Event: 115.234 Thread 0x00007f8585c01000 Uncommon trap: reason=class_check action=maybe_recompile pc=0x000000011b072c70 method=picard.sam.markduplicates.AbstractMarkDuplicatesCommandLineProgramTest.testBulkFragmentsWithDuplicates(Ljava/lang/String;)V @ 5
Event: 116.046 Thread 0x00007f8585c01000 Uncommon trap: reason=class_check action=maybe_recompile pc=0x000000011b072c70 method=picard.sam.markduplicates.AbstractMarkDuplicatesCommandLineProgramTest.testBulkFragmentsWithDuplicates(Ljava/lang/String;)V @ 5

Classes redefined (0 events):
No events

Internal exceptions (10 events):
Event: 114.991 Thread 0x00007f8585c01000 Exception <a 'sun/nio/fs/UnixException'> (0x00000007956340f8) thrown at [/Users/jenkins/workspace/build-scripts/jobs/jdk8u/jdk8u-mac-x64-hotspot/workspace/build/src/hotspot/src/share/vm/prims/jni.cpp, line 711]
Event: 114.991 Thread 0x00007f8585c01000 Exception <a 'sun/nio/fs/UnixException'> (0x00000007956351d0) thrown at [/Users/jenkins/workspace/build-scripts/jobs/jdk8u/jdk8u-mac-x64-hotspot/workspace/build/src/hotspot/src/share/vm/prims/jni.cpp, line 711]
Event: 115.192 Thread 0x00007f8585c01000 Exception <a 'sun/nio/fs/UnixException'> (0x0000000795a58048) thrown at [/Users/jenkins/workspace/build-scripts/jobs/jdk8u/jdk8u-mac-x64-hotspot/workspace/build/src/hotspot/src/share/vm/prims/jni.cpp, line 711]
Event: 115.192 Thread 0x00007f8585c01000 Exception <a 'sun/nio/fs/UnixException'> (0x0000000795a59100) thrown at [/Users/jenkins/workspace/build-scripts/jobs/jdk8u/jdk8u-mac-x64-hotspot/workspace/build/src/hotspot/src/share/vm/prims/jni.cpp, line 711]
Event: 115.192 Thread 0x00007f8585c01000 Exception <a 'sun/nio/fs/UnixException'> (0x0000000795a5a368) thrown at [/Users/jenkins/workspace/build-scripts/jobs/jdk8u/jdk8u-mac-x64-hotspot/workspace/build/src/hotspot/src/share/vm/prims/jni.cpp, line 711]
Event: 115.192 Thread 0x00007f8585c01000 Exception <a 'sun/nio/fs/UnixException'> (0x0000000795a5b440) thrown at [/Users/jenkins/workspace/build-scripts/jobs/jdk8u/jdk8u-mac-x64-hotspot/workspace/build/src/hotspot/src/share/vm/prims/jni.cpp, line 711]
Event: 115.958 Thread 0x00007f8585c01000 Exception <a 'sun/nio/fs/UnixException'> (0x0000000795e80e90) thrown at [/Users/jenkins/workspace/build-scripts/jobs/jdk8u/jdk8u-mac-x64-hotspot/workspace/build/src/hotspot/src/share/vm/prims/jni.cpp, line 711]
Event: 115.958 Thread 0x00007f8585c01000 Exception <a 'sun/nio/fs/UnixException'> (0x0000000795e81f48) thrown at [/Users/jenkins/workspace/build-scripts/jobs/jdk8u/jdk8u-mac-x64-hotspot/workspace/build/src/hotspot/src/share/vm/prims/jni.cpp, line 711]
Event: 115.958 Thread 0x00007f8585c01000 Exception <a 'sun/nio/fs/UnixException'> (0x0000000795e831b0) thrown at [/Users/jenkins/workspace/build-scripts/jobs/jdk8u/jdk8u-mac-x64-hotspot/workspace/build/src/hotspot/src/share/vm/prims/jni.cpp, line 711]
Event: 115.958 Thread 0x00007f8585c01000 Exception <a 'sun/nio/fs/UnixException'> (0x0000000795e84288) thrown at [/Users/jenkins/workspace/build-scripts/jobs/jdk8u/jdk8u-mac-x64-hotspot/workspace/build/src/hotspot/src/share/vm/prims/jni.cpp, line 711]

Events (10 events):
Event: 115.667 Thread 0x00007f8585c01000 DEOPT UNPACKING pc=0x000000011af8e4c4 sp=0x0000700008c50890 mode 0
Event: 115.667 Executing VM operation: ParallelGCSystemGC
Event: 115.756 Executing VM operation: ParallelGCSystemGC done
Event: 115.843 Executing VM operation: ParallelGCSystemGC
Event: 115.903 Executing VM operation: ParallelGCSystemGC done
Event: 115.904 Executing VM operation: ParallelGCSystemGC
Event: 115.948 Executing VM operation: ParallelGCSystemGC done
Event: 116.046 Thread 0x00007f8585c01000 Uncommon trap: trap_request=0xffffffde fr.pc=0x000000011b072c70
Event: 116.047 Thread 0x00007f8585c01000 DEOPT PACKING pc=0x000000011b072c70 sp=0x0000700008c51190
Event: 116.047 Thread 0x00007f8585c01000 DEOPT UNPACKING pc=0x000000011af8c47a sp=0x0000700008c51148 mode 2


Dynamic libraries:
0x00007fff31a12000 	/System/Library/Frameworks/Cocoa.framework/Versions/A/Cocoa
0x00007fff3f207000 	/System/Library/Frameworks/Security.framework/Versions/A/Security
0x00007fff30977000 	/System/Library/Frameworks/ApplicationServices.framework/Versions/A/ApplicationServices
0x00007fff6bd2a000 	/usr/lib/libz.1.dylib
0x00007fff697ee000 	/usr/lib/libSystem.B.dylib
0x00007fff328b4000 	/System/Library/Frameworks/CoreFoundation.framework/Versions/A/CoreFoundation
0x00007fff34f71000 	/System/Library/Frameworks/Foundation.framework/Versions/C/Foundation
0x00007fff6b64e000 	/usr/lib/libobjc.A.dylib
0x00007fff2fb67000 	/System/Library/Frameworks/AppKit.framework/Versions/C/AppKit
0x00007fff32396000 	/System/Library/Frameworks/CoreData.framework/Versions/A/CoreData
0x00007fff63804000 	/System/Library/PrivateFrameworks/UIFoundation.framework/Versions/A/UIFoundation
0x00007fff5e898000 	/System/Library/PrivateFrameworks/RemoteViewServices.framework/Versions/A/RemoteViewServices
0x00007fff6635e000 	/System/Library/PrivateFrameworks/XCTTargetBootstrap.framework/Versions/A/XCTTargetBootstrap
0x00007fff32781000 	/System/Library/Frameworks/CoreDisplay.framework/Versions/A/CoreDisplay
0x00007fff37e2b000 	/System/Library/Frameworks/Metal.framework/Versions/A/Metal
0x00007fff4c89b000 	/System/Library/PrivateFrameworks/DesktopServicesPriv.framework/Versions/A/DesktopServicesPriv
0x00007fff6a929000 	/usr/lib/liblangid.dylib
0x00007fff4bb30000 	/System/Library/PrivateFrameworks/CoreSVG.framework/Versions/A/CoreSVG
0x00007fff619f4000 	/System/Library/PrivateFrameworks/SkyLight.framework/Versions/A/SkyLight
0x00007fff32d35000 	/System/Library/Frameworks/CoreGraphics.framework/Versions/A/CoreGraphics
0x00007fff2e53b000 	/System/Library/Frameworks/Accelerate.framework/Versions/A/Accelerate
0x00007fff6bc1b000 	/usr/lib/libxml2.2.dylib
0x00007fff57823000 	/System/Library/PrivateFrameworks/IconServices.framework/Versions/A/IconServices
0x00007fff35750000 	/System/Library/Frameworks/IOSurface.framework/Versions/A/IOSurface
0x00007fff69318000 	/usr/lib/libDiagnosticMessagesClient.dylib
0x00007fff4c6f5000 	/System/Library/PrivateFrameworks/DFRFoundation.framework/Versions/A/DFRFoundation
0x00007fff6a6b8000 	/usr/lib/libicucore.A.dylib
0x00007fff30ca9000 	/System/Library/Frameworks/AudioToolbox.framework/Versions/A/AudioToolbox
0x00007fff30d8c000 	/System/Library/Frameworks/AudioUnit.framework/Versions/A/AudioUnit
0x00007fff699f0000 	/usr/lib/libauto.dylib
0x00007fff4c797000 	/System/Library/PrivateFrameworks/DataDetectorsCore.framework/Versions/A/DataDetectorsCore
0x00007fff31533000 	/System/Library/Frameworks/Carbon.framework/Versions/A/Frameworks/HIToolbox.framework/Versions/A/HIToolbox
0x00007fff3e403000 	/System/Library/Frameworks/QuartzCore.framework/Versions/A/QuartzCore
0x00007fff31872000 	/System/Library/Frameworks/Carbon.framework/Versions/A/Frameworks/SpeechRecognition.framework/Versions/A/SpeechRecognition
0x00007fff4c209000 	/System/Library/PrivateFrameworks/CoreUI.framework/Versions/A/CoreUI
0x00007fff31e01000 	/System/Library/Frameworks/CoreAudio.framework/Versions/A/CoreAudio
0x00007fff34c30000 	/System/Library/Frameworks/DiskArbitration.framework/Versions/A/DiskArbitration
0x00007fff59873000 	/System/Library/PrivateFrameworks/MultitouchSupport.framework/Versions/A/MultitouchSupport
0x00007fff6a57f000 	/usr/lib/libenergytrace.dylib
0x00007fff356aa000 	/System/Library/Frameworks/IOKit.framework/Versions/A/IOKit
0x00007fff33c9c000 	/System/Library/Frameworks/CoreServices.framework/Versions/A/CoreServices
0x00007fff5ba2b000 	/System/Library/PrivateFrameworks/PerformanceAnalysis.framework/Versions/A/PerformanceAnalysis
0x00007fff3d436000 	/System/Library/Frameworks/OpenGL.framework/Versions/A/OpenGL
0x00007fff31a20000 	/System/Library/Frameworks/ColorSync.framework/Versions/A/ColorSync
0x00007fff333b8000 	/System/Library/Frameworks/CoreImage.framework/Versions/A/CoreImage
0x00007fff3470f000 	/System/Library/Frameworks/CoreText.framework/Versions/A/CoreText
0x00007fff357e0000 	/System/Library/Frameworks/ImageIO.framework/Versions/A/ImageIO
0x00007fff69ad4000 	/usr/lib/libc++.1.dylib
0x00007fff69b50000 	/usr/lib/libcompression.dylib
0x00007fff6965c000 	/usr/lib/libMobileGestalt.dylib
0x00007fff6356e000 	/System/Library/PrivateFrameworks/TextureIO.framework/Versions/A/TextureIO
0x00007fff69953000 	/usr/lib/libate.dylib
0x00007fff57a2c000 	/System/Library/PrivateFrameworks/InternationalSupport.framework/Versions/A/InternationalSupport
0x00007fff6c5eb000 	/usr/lib/system/libcache.dylib
0x00007fff6c5f1000 	/usr/lib/system/libcommonCrypto.dylib
0x00007fff6c5fd000 	/usr/lib/system/libcompiler_rt.dylib
0x00007fff6c605000 	/usr/lib/system/libcopyfile.dylib
0x00007fff6c60f000 	/usr/lib/system/libcorecrypto.dylib
0x00007fff6c7ae000 	/usr/lib/system/libdispatch.dylib
0x00007fff6c7ef000 	/usr/lib/system/libdyld.dylib
0x00007fff6c826000 	/usr/lib/system/libkeymgr.dylib
0x00007fff6c834000 	/usr/lib/system/liblaunch.dylib
0x00007fff6c835000 	/usr/lib/system/libmacho.dylib
0x00007fff6c83b000 	/usr/lib/system/libquarantine.dylib
0x00007fff6c83e000 	/usr/lib/system/libremovefile.dylib
0x00007fff6c840000 	/usr/lib/system/libsystem_asl.dylib
0x00007fff6c858000 	/usr/lib/system/libsystem_blocks.dylib
0x00007fff6c859000 	/usr/lib/system/libsystem_c.dylib
0x00007fff6c8e1000 	/usr/lib/system/libsystem_configuration.dylib
0x00007fff6c8e5000 	/usr/lib/system/libsystem_coreservices.dylib
0x00007fff6c8e9000 	/usr/lib/system/libsystem_darwin.dylib
0x00007fff6c8f2000 	/usr/lib/system/libsystem_dnssd.dylib
0x00007fff6c8fa000 	/usr/lib/system/libsystem_featureflags.dylib
0x00007fff6c8fc000 	/usr/lib/system/libsystem_info.dylib
0x00007fff6c977000 	/usr/lib/system/libsystem_m.dylib
0x00007fff6c9bf000 	/usr/lib/system/libsystem_malloc.dylib
0x00007fff6c9e7000 	/usr/lib/system/libsystem_networkextension.dylib
0x00007fff6c9f5000 	/usr/lib/system/libsystem_notify.dylib
0x00007fff6ca13000 	/usr/lib/system/libsystem_sandbox.dylib
0x00007fff6ca18000 	/usr/lib/system/libsystem_secinit.dylib
0x00007fff6c94a000 	/usr/lib/system/libsystem_kernel.dylib
0x00007fff6c9ff000 	/usr/lib/system/libsystem_platform.dylib
0x00007fff6ca08000 	/usr/lib/system/libsystem_pthread.dylib
0x00007fff6ca1b000 	/usr/lib/system/libsystem_symptoms.dylib
0x00007fff6ca23000 	/usr/lib/system/libsystem_trace.dylib
0x00007fff6ca3b000 	/usr/lib/system/libunwind.dylib
0x00007fff6ca41000 	/usr/lib/system/libxpc.dylib
0x00007fff69b27000 	/usr/lib/libc++abi.dylib
0x00007fff6a92b000 	/usr/lib/liblzma.5.dylib
0x00007fff6a5a6000 	/usr/lib/libfakelink.dylib
0x00007fff698e0000 	/usr/lib/libarchive.2.dylib
0x00007fff402b8000 	/System/Library/Frameworks/SystemConfiguration.framework/Versions/A/SystemConfiguration
0x00007fff6924b000 	/usr/lib/libCRFSuite.dylib
0x00007fff31123000 	/System/Library/Frameworks/CFNetwork.framework/Versions/A/CFNetwork
0x00007fff69ab6000 	/usr/lib/libbsm.0.dylib
0x00007fff6c827000 	/usr/lib/system/libkxld.dylib
0x00007fff46072000 	/System/Library/PrivateFrameworks/AppleFSCompression.framework/Versions/A/AppleFSCompression
0x00007fff69e41000 	/usr/lib/libcoretls.dylib
0x00007fff69e58000 	/usr/lib/libcoretls_cfhelpers.dylib
0x00007fff6b694000 	/usr/lib/libpam.2.dylib
0x00007fff6b7c9000 	/usr/lib/libsqlite3.dylib
0x00007fff6bc08000 	/usr/lib/libxar.1.dylib
0x00007fff69ac7000 	/usr/lib/libbz2.1.0.dylib
0x00007fff6a5c7000 	/usr/lib/libiconv.2.dylib
0x00007fff69b3d000 	/usr/lib/libcharset.1.dylib
0x00007fff6b131000 	/usr/lib/libnetwork.dylib
0x00007fff6b69b000 	/usr/lib/libpcap.A.dylib
0x00007fff69895000 	/usr/lib/libapple_nghttp2.dylib
0x00007fff34053000 	/System/Library/Frameworks/CoreServices.framework/Versions/A/Frameworks/FSEvents.framework/Versions/A/FSEvents
0x00007fff33d23000 	/System/Library/Frameworks/CoreServices.framework/Versions/A/Frameworks/CarbonCore.framework/Versions/A/CarbonCore
0x00007fff34297000 	/System/Library/Frameworks/CoreServices.framework/Versions/A/Frameworks/Metadata.framework/Versions/A/Metadata
0x00007fff34330000 	/System/Library/Frameworks/CoreServices.framework/Versions/A/Frameworks/OSServices.framework/Versions/A/OSServices
0x00007fff3435e000 	/System/Library/Frameworks/CoreServices.framework/Versions/A/Frameworks/SearchKit.framework/Versions/A/SearchKit
0x00007fff33c9d000 	/System/Library/Frameworks/CoreServices.framework/Versions/A/Frameworks/AE.framework/Versions/A/AE
0x00007fff3405c000 	/System/Library/Frameworks/CoreServices.framework/Versions/A/Frameworks/LaunchServices.framework/Versions/A/LaunchServices
0x00007fff34005000 	/System/Library/Frameworks/CoreServices.framework/Versions/A/Frameworks/DictionaryServices.framework/Versions/A/DictionaryServices
0x00007fff343c6000 	/System/Library/Frameworks/CoreServices.framework/Versions/A/Frameworks/SharedFileList.framework/Versions/A/SharedFileList
0x00007fff39255000 	/System/Library/Frameworks/NetFS.framework/Versions/A/NetFS
0x00007fff59da3000 	/System/Library/PrivateFrameworks/NetAuth.framework/Versions/A/NetAuth
0x00007fff6672b000 	/System/Library/PrivateFrameworks/login.framework/Versions/A/Frameworks/loginsupport.framework/Versions/A/loginsupport
0x00007fff63039000 	/System/Library/PrivateFrameworks/TCC.framework/Versions/A/TCC
0x00007fff4aca3000 	/System/Library/PrivateFrameworks/CoreNLP.framework/Versions/A/CoreNLP
0x00007fff592a0000 	/System/Library/PrivateFrameworks/MetadataUtilities.framework/Versions/A/MetadataUtilities
0x00007fff6aa03000 	/usr/lib/libmecabra.dylib
0x00007fff6a95b000 	/usr/lib/libmecab.dylib
0x00007fff6a5b7000 	/usr/lib/libgermantok.dylib
0x00007fff6987c000 	/usr/lib/libThaiTokenizer.dylib
0x00007fff69282000 	/usr/lib/libChineseTokenizer.dylib
0x00007fff2e553000 	/System/Library/Frameworks/Accelerate.framework/Versions/A/Frameworks/vImage.framework/Versions/A/vImage
0x00007fff2f9bd000 	/System/Library/Frameworks/Accelerate.framework/Versions/A/Frameworks/vecLib.framework/Versions/A/vecLib
0x00007fff2f8fa000 	/System/Library/Frameworks/Accelerate.framework/Versions/A/Frameworks/vecLib.framework/Versions/A/libvMisc.dylib
0x00007fff2f722000 	/System/Library/Frameworks/Accelerate.framework/Versions/A/Frameworks/vecLib.framework/Versions/A/libvDSP.dylib
0x00007fff2ebaa000 	/System/Library/Frameworks/Accelerate.framework/Versions/A/Frameworks/vecLib.framework/Versions/A/libBLAS.dylib
0x00007fff2f2e6000 	/System/Library/Frameworks/Accelerate.framework/Versions/A/Frameworks/vecLib.framework/Versions/A/libLAPACK.dylib
0x00007fff2f682000 	/System/Library/Frameworks/Accelerate.framework/Versions/A/Frameworks/vecLib.framework/Versions/A/libLinearAlgebra.dylib
0x00007fff2f70f000 	/System/Library/Frameworks/Accelerate.framework/Versions/A/Frameworks/vecLib.framework/Versions/A/libSparseBLAS.dylib
0x00007fff2f698000 	/System/Library/Frameworks/Accelerate.framework/Versions/A/Frameworks/vecLib.framework/Versions/A/libQuadrature.dylib
0x00007fff2ee12000 	/System/Library/Frameworks/Accelerate.framework/Versions/A/Frameworks/vecLib.framework/Versions/A/libBNNS.dylib
0x00007fff2f69e000 	/System/Library/Frameworks/Accelerate.framework/Versions/A/Frameworks/vecLib.framework/Versions/A/libSparse.dylib
0x00007fff57e14000 	/System/Library/PrivateFrameworks/LanguageModeling.framework/Versions/A/LanguageModeling
0x00007fff4a653000 	/System/Library/PrivateFrameworks/CoreEmoji.framework/Versions/A/CoreEmoji
0x00007fff57f32000 	/System/Library/PrivateFrameworks/LinguisticData.framework/Versions/A/LinguisticData
0x00007fff57ee3000 	/System/Library/PrivateFrameworks/Lexicon.framework/Versions/A/Lexicon
0x00007fff69b3e000 	/usr/lib/libcmph.dylib
0x00007fff3be44000 	/System/Library/Frameworks/OpenDirectory.framework/Versions/A/Frameworks/CFOpenDirectory.framework/Versions/A/CFOpenDirectory
0x00007fff3be61000 	/System/Library/Frameworks/OpenDirectory.framework/Versions/A/OpenDirectory
0x00007fff442a2000 	/System/Library/PrivateFrameworks/APFS.framework/Versions/A/APFS
0x00007fff3f551000 	/System/Library/Frameworks/SecurityFoundation.framework/Versions/A/SecurityFoundation
0x00007fff6bc04000 	/usr/lib/libutil.dylib
0x00007fff4bb88000 	/System/Library/PrivateFrameworks/CoreServicesStore.framework/Versions/A/CoreServicesStore
0x00007fff3f608000 	/System/Library/Frameworks/ServiceManagement.framework/Versions/A/ServiceManagement
0x00007fff47842000 	/System/Library/PrivateFrameworks/BackgroundTaskManagement.framework/Versions/A/BackgroundTaskManagement
0x00007fff6bd01000 	/usr/lib/libxslt.1.dylib
0x00007fff466e5000 	/System/Library/PrivateFrameworks/AppleSystemInfo.framework/Versions/A/AppleSystemInfo
0x00007fff359fb000 	/System/Library/Frameworks/ImageIO.framework/Versions/A/Resources/libJPEG.dylib
0x00007fff35cb9000 	/System/Library/Frameworks/ImageIO.framework/Versions/A/Resources/libTIFF.dylib
0x00007fff35c9c000 	/System/Library/Frameworks/ImageIO.framework/Versions/A/Resources/libPng.dylib
0x00007fff3593d000 	/System/Library/Frameworks/ImageIO.framework/Versions/A/Resources/libGIF.dylib
0x00007fff35941000 	/System/Library/Frameworks/ImageIO.framework/Versions/A/Resources/libJP2.dylib
0x00007fff35cb7000 	/System/Library/Frameworks/ImageIO.framework/Versions/A/Resources/libRadiance.dylib
0x00007fff6a580000 	/usr/lib/libexpat.1.dylib
0x00007fff461cd000 	/System/Library/PrivateFrameworks/AppleJPEG.framework/Versions/A/AppleJPEG
0x00007fff4ee88000 	/System/Library/PrivateFrameworks/FontServices.framework/libFontParser.dylib
0x00007fff6572d000 	/System/Library/PrivateFrameworks/WatchdogClient.framework/Versions/A/WatchdogClient
0x00007fff5746f000 	/System/Library/PrivateFrameworks/IOAccelerator.framework/Versions/A/IOAccelerator
0x00007fff381c6000 	/System/Library/Frameworks/MetalPerformanceShaders.framework/Versions/A/MetalPerformanceShaders
0x00007fff53c05000 	/System/Library/PrivateFrameworks/GPUWrangler.framework/Versions/A/GPUWrangler
0x00007fff57484000 	/System/Library/PrivateFrameworks/IOPresentment.framework/Versions/A/IOPresentment
0x00007fff4c708000 	/System/Library/PrivateFrameworks/DSExternalDisplay.framework/Versions/A/DSExternalDisplay
0x00007fff3c7d5000 	/System/Library/Frameworks/OpenGL.framework/Versions/A/Libraries/libCoreFSCache.dylib
0x00007fff37f12000 	/System/Library/Frameworks/MetalPerformanceShaders.framework/Frameworks/MPSCore.framework/Versions/A/MPSCore
0x00007fff37f50000 	/System/Library/Frameworks/MetalPerformanceShaders.framework/Frameworks/MPSImage.framework/Versions/A/MPSImage
0x00007fff38017000 	/System/Library/Frameworks/MetalPerformanceShaders.framework/Frameworks/MPSNeuralNetwork.framework/Versions/A/MPSNeuralNetwork
0x00007fff37fdb000 	/System/Library/Frameworks/MetalPerformanceShaders.framework/Frameworks/MPSMatrix.framework/Versions/A/MPSMatrix
0x00007fff38176000 	/System/Library/Frameworks/MetalPerformanceShaders.framework/Frameworks/MPSRayIntersector.framework/Versions/A/MPSRayIntersector
0x00007fff38001000 	/System/Library/Frameworks/MetalPerformanceShaders.framework/Frameworks/MPSNDArray.framework/Versions/A/MPSNDArray
0x00007fff592ed000 	/System/Library/PrivateFrameworks/MetalTools.framework/Versions/A/MetalTools
0x00007fff4547c000 	/System/Library/PrivateFrameworks/AggregateDictionary.framework/Versions/A/AggregateDictionary
0x00007fff4a09b000 	/System/Library/PrivateFrameworks/CoreAnalytics.framework/Versions/A/CoreAnalytics
0x00007fff46604000 	/System/Library/PrivateFrameworks/AppleSauce.framework/Versions/A/AppleSauce
0x00007fff6953e000 	/usr/lib/libIOReport.dylib
0x00007fff348c7000 	/System/Library/Frameworks/CoreVideo.framework/Versions/A/CoreVideo
0x00007fff5507e000 	/System/Library/PrivateFrameworks/GraphVisualizer.framework/Versions/A/GraphVisualizer
0x00007fff4e3ce000 	/System/Library/PrivateFrameworks/FaceCore.framework/Versions/A/FaceCore
0x00007fff3bdeb000 	/System/Library/Frameworks/OpenCL.framework/Versions/A/OpenCL
0x00007fff69360000 	/usr/lib/libFosl_dynamic.dylib
0x00007fff5a7c3000 	/System/Library/PrivateFrameworks/OTSVG.framework/Versions/A/OTSVG
0x00007fff30a7c000 	/System/Library/Frameworks/ApplicationServices.framework/Versions/A/Frameworks/ATS.framework/Versions/A/Resources/libFontRegistry.dylib
0x00007fff4f059000 	/System/Library/PrivateFrameworks/FontServices.framework/libhvf.dylib
0x00007fff3c7e0000 	/System/Library/Frameworks/OpenGL.framework/Versions/A/Libraries/libGFXShared.dylib
0x00007fff3c9be000 	/System/Library/Frameworks/OpenGL.framework/Versions/A/Libraries/libGLU.dylib
0x00007fff3c7e9000 	/System/Library/Frameworks/OpenGL.framework/Versions/A/Libraries/libGL.dylib
0x00007fff3c7f4000 	/System/Library/Frameworks/OpenGL.framework/Versions/A/Libraries/libGLImage.dylib
0x00007fff3c7d2000 	/System/Library/Frameworks/OpenGL.framework/Versions/A/Libraries/libCVMSPluginSupport.dylib
0x00007fff3c7db000 	/System/Library/Frameworks/OpenGL.framework/Versions/A/Libraries/libCoreVMClient.dylib
0x00007fff6afd2000 	/usr/lib/libncurses.5.4.dylib
0x00007fff30978000 	/System/Library/Frameworks/ApplicationServices.framework/Versions/A/Frameworks/ATS.framework/Versions/A/ATS
0x00007fff30b45000 	/System/Library/Frameworks/ApplicationServices.framework/Versions/A/Frameworks/ColorSyncLegacy.framework/Versions/A/ColorSyncLegacy
0x00007fff30be3000 	/System/Library/Frameworks/ApplicationServices.framework/Versions/A/Frameworks/HIServices.framework/Versions/A/HIServices
0x00007fff30c3b000 	/System/Library/Frameworks/ApplicationServices.framework/Versions/A/Frameworks/LangAnalysis.framework/Versions/A/LangAnalysis
0x00007fff30c4a000 	/System/Library/Frameworks/ApplicationServices.framework/Versions/A/Frameworks/PrintCore.framework/Versions/A/PrintCore
0x00007fff30c90000 	/System/Library/Frameworks/ApplicationServices.framework/Versions/A/Frameworks/QD.framework/Versions/A/QD
0x00007fff30c9b000 	/System/Library/Frameworks/ApplicationServices.framework/Versions/A/Frameworks/SpeechSynthesis.framework/Versions/A/SpeechSynthesis
0x00007fff30b15000 	/System/Library/Frameworks/ApplicationServices.framework/Versions/A/Frameworks/ATSUI.framework/Versions/A/ATSUI
0x00007fff6a416000 	/usr/lib/libcups.2.dylib
0x00007fff37261000 	/System/Library/Frameworks/Kerberos.framework/Versions/A/Kerberos
0x00007fff353a3000 	/System/Library/Frameworks/GSS.framework/Versions/A/GSS
0x00007fff6b755000 	/usr/lib/libresolv.9.dylib
0x00007fff5522b000 	/System/Library/PrivateFrameworks/Heimdal.framework/Versions/A/Heimdal
0x00007fff37274000 	/System/Library/Frameworks/Kerberos.framework/Versions/A/Libraries/libHeimdalProxy.dylib
0x00007fff6a5bd000 	/usr/lib/libheimdal-asn1.dylib
0x00007fff49533000 	/System/Library/PrivateFrameworks/CommonAuth.framework/Versions/A/CommonAuth
0x00007fff46782000 	/System/Library/PrivateFrameworks/AssertionServices.framework/Versions/A/AssertionServices
0x00007fff47325000 	/System/Library/PrivateFrameworks/AudioToolboxCore.framework/Versions/A/AudioToolboxCore
0x00007fff663db000 	/System/Library/PrivateFrameworks/caulk.framework/Versions/A/caulk
0x00007fff478ee000 	/System/Library/PrivateFrameworks/BaseBoard.framework/Versions/A/BaseBoard
0x00007fff5ea26000 	/System/Library/PrivateFrameworks/RunningBoardServices.framework/Versions/A/RunningBoardServices
0x00007fff5ba37000 	/System/Library/PrivateFrameworks/PersistentConnection.framework/Versions/A/PersistentConnection
0x00007fff5e41f000 	/System/Library/PrivateFrameworks/ProtocolBuffer.framework/Versions/A/ProtocolBuffer
0x00007fff49557000 	/System/Library/PrivateFrameworks/CommonUtilities.framework/Versions/A/CommonUtilities
0x00007fff47a7c000 	/System/Library/PrivateFrameworks/Bom.framework/Versions/A/Bom
0x00007fff69211000 	/usr/lib/libAudioToolboxUtility.dylib
0x00007fff4784c000 	/System/Library/PrivateFrameworks/Backup.framework/Versions/A/Backup
0x00007fff4c629000 	/System/Library/PrivateFrameworks/CrashReporterSupport.framework/Versions/A/CrashReporterSupport
0x00007fff604b8000 	/System/Library/PrivateFrameworks/Sharing.framework/Versions/A/Sharing
0x00007fff45d90000 	/System/Library/PrivateFrameworks/Apple80211.framework/Versions/A/Apple80211
0x00007fff47569000 	/System/Library/PrivateFrameworks/AuthKit.framework/Versions/A/AuthKit
0x00007fff4c336000 	/System/Library/PrivateFrameworks/CoreUtils.framework/Versions/A/CoreUtils
0x00007fff3490c000 	/System/Library/Frameworks/CoreWLAN.framework/Versions/A/CoreWLAN
0x00007fff35530000 	/System/Library/Frameworks/IOBluetooth.framework/Versions/A/IOBluetooth
0x00007fff595f2000 	/System/Library/PrivateFrameworks/MobileKeyBag.framework/Versions/A/MobileKeyBag
0x00007fff4b13b000 	/System/Library/PrivateFrameworks/CorePhoneNumbers.framework/Versions/A/CorePhoneNumbers
0x00007fff46180000 	/System/Library/PrivateFrameworks/AppleIDAuthSupport.framework/Versions/A/AppleIDAuthSupport
0x00007fff39262000 	/System/Library/Frameworks/Network.framework/Versions/A/Network
0x00007fff57cc0000 	/System/Library/PrivateFrameworks/KeychainCircle.framework/Versions/A/KeychainCircle
0x00007fff3235d000 	/System/Library/Frameworks/CoreBluetooth.framework/Versions/A/CoreBluetooth
0x00007fff62537000 	/System/Library/PrivateFrameworks/SpeechRecognitionCore.framework/Versions/A/SpeechRecognitionCore
0x000000010c400000 	/Library/Java/JavaVirtualMachines/adoptopenjdk-8.jdk/Contents/Home/jre/lib/server/libjvm.dylib
0x000000010b271000 	/Library/Java/JavaVirtualMachines/adoptopenjdk-8.jdk/Contents/Home/jre/lib/libverify.dylib
0x000000010b282000 	/Library/Java/JavaVirtualMachines/adoptopenjdk-8.jdk/Contents/Home/jre/lib/libjava.dylib
0x000000010b2b6000 	/Library/Java/JavaVirtualMachines/adoptopenjdk-8.jdk/Contents/Home/jre/lib/libinstrument.dylib
0x000000010b31e000 	/Library/Java/JavaVirtualMachines/adoptopenjdk-8.jdk/Contents/Home/jre/lib/libzip.dylib
0x000000010b369000 	/Library/Java/JavaVirtualMachines/adoptopenjdk-8.jdk/Contents/Home/jre/lib/libnio.dylib
0x000000010b37b000 	/Library/Java/JavaVirtualMachines/adoptopenjdk-8.jdk/Contents/Home/jre/lib/libnet.dylib
0x00007fff6bba9000 	/usr/lib/libusrtcp.dylib
0x0000000114b58000 	/Library/Java/JavaVirtualMachines/adoptopenjdk-8.jdk/Contents/Home/jre/lib/libmanagement.dylib
0x0000000115180000 	/private/var/folders/m8/_j693xpn2ms3p5jf8rqwx5s00000gp/T/libgkl_compression4999623919124419612.dylib

VM Arguments:
jvm_args: -Djava.security.manager=worker.org.gradle.process.internal.worker.child.BootstrapSecurityManager -Dorg.gradle.native=false -Dpicard.useLegacyParser=true -javaagent:build/tmp/expandedArchives/org.jacoco.agent-0.8.4.jar_982888894296538c98d7324f3ca78d8f/jacocoagent.jar=destfile=build/jacoco/legacyTest.exec,append=true,inclnolocationclasses=false,dumponexit=true,output=file,jmx=false -Xms1G -Xmx2G -Dfile.encoding=UTF-8 -Duser.country=US -Duser.language=en -Duser.variant -ea 
java_command: worker.org.gradle.process.internal.worker.GradleWorkerMain 'Gradle Test Executor 64'
java_class_path (initial): /Users/msacks/.gradle/caches/5.6/workerMain/gradle-worker.jar:build/tmp/expandedArchives/org.jacoco.agent-0.8.4.jar_982888894296538c98d7324f3ca78d8f/jacocoagent.jar
Launcher Type: SUN_STANDARD

Environment Variables:
PATH=/Users/msacks/Downloads/google-cloud-sdk/bin:/Users/msacks/opt/anaconda3/bin:/Users/msacks/opt/anaconda3/condabin:/usr/local/bin:/usr/bin:/bin:/usr/sbin:/sbin
SHELL=/bin/zsh

Signal Handlers:
SIGSEGV: [libjvm.dylib+0x595d31], sa_mask[0]=11111111011111110111111111111111, sa_flags=SA_ONSTACK|SA_RESTART|SA_SIGINFO
SIGBUS: [libjvm.dylib+0x595d31], sa_mask[0]=11111111011111110111111111111111, sa_flags=SA_RESTART|SA_SIGINFO
SIGFPE: [libjvm.dylib+0x48a2eb], sa_mask[0]=11111111011111110111111111111111, sa_flags=SA_RESTART|SA_SIGINFO
SIGPIPE: [libjvm.dylib+0x48a2eb], sa_mask[0]=11111111011111110111111111111111, sa_flags=SA_RESTART|SA_SIGINFO
SIGXFSZ: [libjvm.dylib+0x48a2eb], sa_mask[0]=11111111011111110111111111111111, sa_flags=SA_RESTART|SA_SIGINFO
SIGILL: [libjvm.dylib+0x48a2eb], sa_mask[0]=11111111011111110111111111111111, sa_flags=SA_RESTART|SA_SIGINFO
SIGUSR1: SIG_DFL, sa_mask[0]=00000000000000000000000000000000, sa_flags=none
SIGUSR2: [libjvm.dylib+0x48abe2], sa_mask[0]=00100000000000000000000000000000, sa_flags=SA_RESTART|SA_SIGINFO
SIGHUP: [libjvm.dylib+0x488de1], sa_mask[0]=11111111011111110111111111111111, sa_flags=SA_RESTART|SA_SIGINFO
SIGINT: [libjvm.dylib+0x488de1], sa_mask[0]=11111111011111110111111111111111, sa_flags=SA_RESTART|SA_SIGINFO
SIGTERM: [libjvm.dylib+0x488de1], sa_mask[0]=11111111011111110111111111111111, sa_flags=SA_RESTART|SA_SIGINFO
SIGQUIT: [libjvm.dylib+0x488de1], sa_mask[0]=11111111011111110111111111111111, sa_flags=SA_RESTART|SA_SIGINFO


---------------  S Y S T E M  ---------------

OS:Bsduname:Darwin 19.6.0 Darwin Kernel Version 19.6.0: Sun Jul  5 00:43:10 PDT 2020; root:xnu-6153.141.1~9/RELEASE_X86_64 x86_64
rlimit: STACK 8192k, CORE 0k, NPROC 2784, NOFILE 10240, AS infinity
load average:8.20 4.67 3.33

CPU:total 8 (initial active 8) (4 cores per cpu, 2 threads per core) family 6 model 126 stepping 5, cmov, cx8, fxsr, mmx, sse, sse2, sse3, ssse3, sse4.1, sse4.2, popcnt, avx, avx2, aes, clmul, erms, 3dnowpref, lzcnt, ht, tsc, tscinvbit, bmi1, bmi2, adx

Memory: 4k page, physical 16777216k(83944k free)

/proc/meminfo:


vm_info: OpenJDK 64-Bit Server VM (25.265-b01) for bsd-amd64 JRE (1.8.0_265-b01), built on Jul 28 2020 16:14:07 by "jenkins" with gcc 4.2.1 Compatible Apple LLVM 10.0.1 (clang-1001.0.46.4)

time: Fri Sep 18 15:04:44 2020
timezone: EDT
elapsed time: 116 seconds (0d 0h 1m 56s)

